#
# There is insufficient memory for the Java Runtime Environment to continue.
# Native memory allocation (mmap) failed to map 242221056 bytes for G1 virtual space
# Possible reasons:
#   The system is out of physical RAM or swap space
#   The process is running with CompressedOops enabled, and the Java Heap may be blocking the growth of the native heap
# Possible solutions:
#   Reduce memory load on the system
#   Increase physical memory or swap space
#   Check if swap backing store is full
#   Decrease Java heap size (-Xmx/-Xms)
#   Decrease number of Java threads
#   Decrease Java thread stack sizes (-Xss)
#   Set larger code cache with -XX:ReservedCodeCacheSize=
#   JVM is running with Unscaled Compressed Oops mode in which the Java heap is
#     placed in the first 4GB address space. The Java Heap base address is the
#     maximum limit for the native heap growth. Please use -XX:HeapBaseMinAddress
#     to set the Java Heap base and to place the Java Heap above 4GB virtual address.
# This output file may be truncated or incomplete.
#
#  Out of Memory Error (os_windows.cpp:3769), pid=18052, tid=1224
#
# JRE version: OpenJDK Runtime Environment (17.0.6) (build 17.0.6+0-b2043.56-9586694)
# Java VM: OpenJDK 64-Bit Server VM (17.0.6+0-b2043.56-9586694, mixed mode, tiered, compressed oops, compressed class ptrs, g1 gc, windows-amd64)
# No core dump will be written. Minidumps are not enabled by default on client versions of Windows
#

---------------  S U M M A R Y ------------

Command Line: --add-opens=java.base/java.util=ALL-UNNAMED --add-opens=java.base/java.lang=ALL-UNNAMED --add-opens=java.base/java.lang.invoke=ALL-UNNAMED --add-opens=java.prefs/java.util.prefs=ALL-UNNAMED --add-opens=java.base/java.nio.charset=ALL-UNNAMED --add-opens=java.base/java.net=ALL-UNNAMED --add-opens=java.base/java.util.concurrent.atomic=ALL-UNNAMED -Xmx2048m -Dfile.encoding=UTF-8 -Duser.country=US -Duser.language=en -Duser.variant org.gradle.launcher.daemon.bootstrap.GradleDaemon 8.0

Host: Intel(R) Core(TM) i5-8250U CPU @ 1.60GHz, 4 cores, 7G,  Windows 11 , 64 bit Build 22621 (10.0.22621.1928)
Time: Sun Jul 23 18:31:21 2023 E. Africa Standard Time elapsed time: 44.738023 seconds (0d 0h 0m 44s)

---------------  T H R E A D  ---------------

Current thread (0x0000028d58f68e50):  VMThread "VM Thread" [stack: 0x000000d11a200000,0x000000d11a300000] [id=1224]

Stack: [0x000000d11a200000,0x000000d11a300000]
Native frames: (J=compiled Java code, j=interpreted, Vv=VM code, C=native code)
V  [jvm.dll+0x683b4a]
V  [jvm.dll+0x842654]
V  [jvm.dll+0x843dfe]
V  [jvm.dll+0x844463]
V  [jvm.dll+0x249b75]
V  [jvm.dll+0x680a19]
V  [jvm.dll+0x674f0a]
V  [jvm.dll+0x309acb]
V  [jvm.dll+0x310f86]
V  [jvm.dll+0x3608ee]
V  [jvm.dll+0x360b1f]
V  [jvm.dll+0x2dfbf8]
V  [jvm.dll+0x2ddec4]
V  [jvm.dll+0x2dd4cc]
V  [jvm.dll+0x321f3b]
V  [jvm.dll+0x84893b]
V  [jvm.dll+0x849674]
V  [jvm.dll+0x849b8d]
V  [jvm.dll+0x849f64]
V  [jvm.dll+0x84a030]
V  [jvm.dll+0x7f25fa]
V  [jvm.dll+0x682985]
C  [ucrtbase.dll+0x29363]
C  [KERNEL32.DLL+0x126ad]
C  [ntdll.dll+0x5aa68]

VM_Operation (0x000000d1202fd080): G1CollectForAllocation, mode: safepoint, requested by thread 0x0000028d6269edf0


---------------  P R O C E S S  ---------------

Threads class SMR info:
_java_thread_list=0x0000028d5ceb7140, length=97, elements={
0x0000028d3f99c660, 0x0000028d58f6c1a0, 0x0000028d58f6cd50, 0x0000028d58f9e800,
0x0000028d59914410, 0x0000028d599172d0, 0x0000028d59917c80, 0x0000028d59918a10,
0x0000028d599862f0, 0x0000028d599880a0, 0x0000028d59abf340, 0x0000028d59ac3c30,
0x0000028d5c141530, 0x0000028d5c144080, 0x0000028d5c141ed0, 0x0000028d5c141a00,
0x0000028d5c144550, 0x0000028d5c1436e0, 0x0000028d5c144a20, 0x0000028d5c141060,
0x0000028d5c143bb0, 0x0000028d5c1423a0, 0x0000028d5c142870, 0x0000028d5c142d40,
0x0000028d5c143210, 0x0000028d5c617650, 0x0000028d5c619330, 0x0000028d5c619800,
0x0000028d5c61ab40, 0x0000028d5c619cd0, 0x0000028d5c61a1a0, 0x0000028d5c618e60,
0x0000028d5c618990, 0x0000028d5c61a670, 0x0000028d5c6184c0, 0x0000028d5a752230,
0x0000028d5a752700, 0x0000028d5a7530a0, 0x0000028d5a752bd0, 0x0000028d5a753f10,
0x0000028d5a753a40, 0x0000028d5a755720, 0x0000028d5a755250, 0x0000028d5a755bf0,
0x0000028d5a7543e0, 0x0000028d5a7548b0, 0x0000028d5e1068b0, 0x0000028d5e105a40,
0x0000028d5e102a20, 0x0000028d5e101210, 0x0000028d5e0ffa00, 0x0000028d5e104bd0,
0x0000028d5e1050a0, 0x0000028d5e105f10, 0x0000028d5e0ff530, 0x0000028d5e104700,
0x0000028d5e105570, 0x0000028d5e1063e0, 0x0000028d5e0ff060, 0x0000028d5e102080,
0x0000028d5e0ffed0, 0x0000028d5e1016e0, 0x0000028d5e1003a0, 0x0000028d5e101bb0,
0x0000028d5e104230, 0x0000028d5e100870, 0x0000028d5e100d40, 0x0000028d5e102550,
0x0000028d5e102ef0, 0x0000028d5e1033c0, 0x0000028d5e103890, 0x0000028d5e103d60,
0x0000028d5cb3a480, 0x0000028d5cb37460, 0x0000028d5cb3a950, 0x0000028d5cb3ae20,
0x0000028d5cb36ac0, 0x0000028d5cb34440, 0x0000028d5cb37930, 0x0000028d5cb37e00,
0x0000028d5cb36120, 0x0000028d5cb34de0, 0x0000028d5cb39ae0, 0x0000028d5cb382d0,
0x0000028d5cb365f0, 0x0000028d5cb3b2f0, 0x0000028d6269e450, 0x0000028d604283a0,
0x0000028d6269e920, 0x0000028d6269edf0, 0x0000028d6269df80, 0x0000028d60427530,
0x0000028d60428870, 0x0000028d5cb3b7c0, 0x0000028d60427060, 0x0000028d5cb3bc90,
0x0000028d5a8ad450
}

Java Threads: ( => current thread )
  0x0000028d3f99c660 JavaThread "main" [_thread_blocked, id=6068, stack(0x000000d119c00000,0x000000d119d00000)]
  0x0000028d58f6c1a0 JavaThread "Reference Handler" daemon [_thread_blocked, id=19516, stack(0x000000d11a300000,0x000000d11a400000)]
  0x0000028d58f6cd50 JavaThread "Finalizer" daemon [_thread_blocked, id=15264, stack(0x000000d11a400000,0x000000d11a500000)]
  0x0000028d58f9e800 JavaThread "Signal Dispatcher" daemon [_thread_blocked, id=15124, stack(0x000000d11a500000,0x000000d11a600000)]
  0x0000028d59914410 JavaThread "Attach Listener" daemon [_thread_blocked, id=12376, stack(0x000000d11a600000,0x000000d11a700000)]
  0x0000028d599172d0 JavaThread "Service Thread" daemon [_thread_blocked, id=5656, stack(0x000000d11a700000,0x000000d11a800000)]
  0x0000028d59917c80 JavaThread "Monitor Deflation Thread" daemon [_thread_blocked, id=10716, stack(0x000000d11a800000,0x000000d11a900000)]
  0x0000028d59918a10 JavaThread "C2 CompilerThread0" daemon [_thread_blocked, id=16568, stack(0x000000d11a900000,0x000000d11aa00000)]
  0x0000028d599862f0 JavaThread "C1 CompilerThread0" daemon [_thread_blocked, id=15684, stack(0x000000d11aa00000,0x000000d11ab00000)]
  0x0000028d599880a0 JavaThread "Sweeper thread" daemon [_thread_blocked, id=19860, stack(0x000000d11ab00000,0x000000d11ac00000)]
  0x0000028d59abf340 JavaThread "Common-Cleaner" daemon [_thread_blocked, id=13260, stack(0x000000d11ac00000,0x000000d11ad00000)]
  0x0000028d59ac3c30 JavaThread "Notification Thread" daemon [_thread_blocked, id=12000, stack(0x000000d11ad00000,0x000000d11ae00000)]
  0x0000028d5c141530 JavaThread "Daemon health stats" [_thread_blocked, id=15224, stack(0x000000d11b300000,0x000000d11b400000)]
  0x0000028d5c144080 JavaThread "Incoming local TCP Connector on port 51608" [_thread_in_native, id=11324, stack(0x000000d11b100000,0x000000d11b200000)]
  0x0000028d5c141ed0 JavaThread "Daemon periodic checks" [_thread_blocked, id=17512, stack(0x000000d11b400000,0x000000d11b500000)]
  0x0000028d5c141a00 JavaThread "Daemon" [_thread_blocked, id=16628, stack(0x000000d11b500000,0x000000d11b600000)]
  0x0000028d5c144550 JavaThread "Handler for socket connection from /127.0.0.1:51608 to /127.0.0.1:51609" [_thread_in_native, id=4604, stack(0x000000d11b600000,0x000000d11b700000)]
  0x0000028d5c1436e0 JavaThread "Cancel handler" [_thread_blocked, id=14504, stack(0x000000d11b700000,0x000000d11b800000)]
  0x0000028d5c144a20 JavaThread "Daemon worker" [_thread_blocked, id=6120, stack(0x000000d11b800000,0x000000d11b900000)]
  0x0000028d5c141060 JavaThread "Asynchronous log dispatcher for DefaultDaemonConnection: socket connection from /127.0.0.1:51608 to /127.0.0.1:51609" [_thread_blocked, id=12900, stack(0x000000d11b900000,0x000000d11ba00000)]
  0x0000028d5c143bb0 JavaThread "Stdin handler" [_thread_blocked, id=10400, stack(0x000000d11ba00000,0x000000d11bb00000)]
  0x0000028d5c1423a0 JavaThread "Daemon client event forwarder" [_thread_blocked, id=15704, stack(0x000000d11bb00000,0x000000d11bc00000)]
  0x0000028d5c142870 JavaThread "Cache worker for journal cache (C:\Users\henry\.gradle\caches\journal-1)" [_thread_blocked, id=17924, stack(0x000000d11bc00000,0x000000d11bd00000)]
  0x0000028d5c142d40 JavaThread "File lock request listener" [_thread_in_native, id=11544, stack(0x000000d11bd00000,0x000000d11be00000)]
  0x0000028d5c143210 JavaThread "Cache worker for file hash cache (C:\Users\henry\.gradle\caches\8.0\fileHashes)" [_thread_blocked, id=5204, stack(0x000000d11be00000,0x000000d11bf00000)]
  0x0000028d5c617650 JavaThread "File watcher server" daemon [_thread_blocked, id=8876, stack(0x000000d11bf00000,0x000000d11c000000)]
  0x0000028d5c619330 JavaThread "File watcher consumer" daemon [_thread_blocked, id=12572, stack(0x000000d11c000000,0x000000d11c100000)]
  0x0000028d5c619800 JavaThread "Cache worker for checksums cache (D:\CS notes\Calc\.gradle\8.0\checksums)" [_thread_blocked, id=6332, stack(0x000000d11c100000,0x000000d11c200000)]
  0x0000028d5c61ab40 JavaThread "Cache worker for cache directory md-rule (C:\Users\henry\.gradle\caches\8.0\md-rule)" [_thread_blocked, id=17444, stack(0x000000d11c200000,0x000000d11c300000)]
  0x0000028d5c619cd0 JavaThread "Cache worker for file content cache (C:\Users\henry\.gradle\caches\8.0\fileContent)" [_thread_blocked, id=16088, stack(0x000000d11c300000,0x000000d11c400000)]
  0x0000028d5c61a1a0 JavaThread "Cache worker for file hash cache (D:\CS notes\Calc\.gradle\8.0\fileHashes)" [_thread_blocked, id=5228, stack(0x000000d11c400000,0x000000d11c500000)]
  0x0000028d5c618e60 JavaThread "Cache worker for cache directory md-supplier (C:\Users\henry\.gradle\caches\8.0\md-supplier)" [_thread_blocked, id=7912, stack(0x000000d11c500000,0x000000d11c600000)]
  0x0000028d5c618990 JavaThread "Cache worker for execution history cache (C:\Users\henry\.gradle\caches\8.0\executionHistory)" [_thread_blocked, id=12568, stack(0x000000d11c600000,0x000000d11c700000)]
  0x0000028d5c61a670 JavaThread "jar transforms" [_thread_blocked, id=7660, stack(0x000000d11c800000,0x000000d11c900000)]
  0x0000028d5c6184c0 JavaThread "jar transforms Thread 2" [_thread_blocked, id=16796, stack(0x000000d11c900000,0x000000d11ca00000)]
  0x0000028d5a752230 JavaThread "jar transforms Thread 3" [_thread_blocked, id=14548, stack(0x000000d11cb00000,0x000000d11cc00000)]
  0x0000028d5a752700 JavaThread "jar transforms Thread 4" [_thread_blocked, id=11256, stack(0x000000d11cc00000,0x000000d11cd00000)]
  0x0000028d5a7530a0 JavaThread "Cache worker for dependencies-accessors (D:\CS notes\Calc\.gradle\8.0\dependencies-accessors)" [_thread_blocked, id=4800, stack(0x000000d11cd00000,0x000000d11ce00000)]
  0x0000028d5a752bd0 JavaThread "Cache worker for Build Output Cleanup Cache (D:\CS notes\Calc\.gradle\buildOutputCleanup)" [_thread_blocked, id=3480, stack(0x000000d11c700000,0x000000d11c800000)]
  0x0000028d5a753f10 JavaThread "Unconstrained build operations" [_thread_blocked, id=9616, stack(0x000000d11cf00000,0x000000d11d000000)]
  0x0000028d5a753a40 JavaThread "Unconstrained build operations Thread 2" [_thread_blocked, id=17340, stack(0x000000d11d000000,0x000000d11d100000)]
  0x0000028d5a755720 JavaThread "Unconstrained build operations Thread 3" [_thread_blocked, id=18104, stack(0x000000d11d100000,0x000000d11d200000)]
  0x0000028d5a755250 JavaThread "Unconstrained build operations Thread 4" [_thread_blocked, id=19924, stack(0x000000d11d200000,0x000000d11d300000)]
  0x0000028d5a755bf0 JavaThread "Unconstrained build operations Thread 5" [_thread_blocked, id=7240, stack(0x000000d11d300000,0x000000d11d400000)]
  0x0000028d5a7543e0 JavaThread "Unconstrained build operations Thread 6" [_thread_blocked, id=11224, stack(0x000000d11d400000,0x000000d11d500000)]
  0x0000028d5a7548b0 JavaThread "Unconstrained build operations Thread 7" [_thread_blocked, id=16840, stack(0x000000d11ce00000,0x000000d11cf00000)]
  0x0000028d5e1068b0 JavaThread "Unconstrained build operations Thread 8" [_thread_blocked, id=19936, stack(0x000000d11d500000,0x000000d11d600000)]
  0x0000028d5e105a40 JavaThread "Unconstrained build operations Thread 9" [_thread_blocked, id=19308, stack(0x000000d11d600000,0x000000d11d700000)]
  0x0000028d5e102a20 JavaThread "Unconstrained build operations Thread 10" [_thread_blocked, id=8100, stack(0x000000d11d700000,0x000000d11d800000)]
  0x0000028d5e101210 JavaThread "Unconstrained build operations Thread 11" [_thread_blocked, id=19504, stack(0x000000d11d800000,0x000000d11d900000)]
  0x0000028d5e0ffa00 JavaThread "Unconstrained build operations Thread 12" [_thread_blocked, id=9056, stack(0x000000d11d900000,0x000000d11da00000)]
  0x0000028d5e104bd0 JavaThread "Unconstrained build operations Thread 13" [_thread_blocked, id=7740, stack(0x000000d11da00000,0x000000d11db00000)]
  0x0000028d5e1050a0 JavaThread "Unconstrained build operations Thread 14" [_thread_blocked, id=11292, stack(0x000000d11db00000,0x000000d11dc00000)]
  0x0000028d5e105f10 JavaThread "Unconstrained build operations Thread 15" [_thread_blocked, id=14208, stack(0x000000d11dc00000,0x000000d11dd00000)]
  0x0000028d5e0ff530 JavaThread "Unconstrained build operations Thread 16" [_thread_blocked, id=17856, stack(0x000000d11dd00000,0x000000d11de00000)]
  0x0000028d5e104700 JavaThread "Unconstrained build operations Thread 17" [_thread_blocked, id=5992, stack(0x000000d11de00000,0x000000d11df00000)]
  0x0000028d5e105570 JavaThread "Unconstrained build operations Thread 18" [_thread_blocked, id=11980, stack(0x000000d11df00000,0x000000d11e000000)]
  0x0000028d5e1063e0 JavaThread "Unconstrained build operations Thread 19" [_thread_blocked, id=16716, stack(0x000000d11e000000,0x000000d11e100000)]
  0x0000028d5e0ff060 JavaThread "Unconstrained build operations Thread 20" [_thread_blocked, id=19800, stack(0x000000d11e100000,0x000000d11e200000)]
  0x0000028d5e102080 JavaThread "Unconstrained build operations Thread 21" [_thread_blocked, id=19848, stack(0x000000d11e200000,0x000000d11e300000)]
  0x0000028d5e0ffed0 JavaThread "Unconstrained build operations Thread 22" [_thread_blocked, id=14372, stack(0x000000d11e300000,0x000000d11e400000)]
  0x0000028d5e1016e0 JavaThread "Unconstrained build operations Thread 23" [_thread_blocked, id=18312, stack(0x000000d11e400000,0x000000d11e500000)]
  0x0000028d5e1003a0 JavaThread "Unconstrained build operations Thread 24" [_thread_blocked, id=10448, stack(0x000000d11e500000,0x000000d11e600000)]
  0x0000028d5e101bb0 JavaThread "Unconstrained build operations Thread 25" [_thread_blocked, id=16360, stack(0x000000d11e600000,0x000000d11e700000)]
  0x0000028d5e104230 JavaThread "Unconstrained build operations Thread 26" [_thread_blocked, id=12040, stack(0x000000d11e700000,0x000000d11e800000)]
  0x0000028d5e100870 JavaThread "Unconstrained build operations Thread 27" [_thread_blocked, id=13208, stack(0x000000d11e800000,0x000000d11e900000)]
  0x0000028d5e100d40 JavaThread "Unconstrained build operations Thread 28" [_thread_blocked, id=7412, stack(0x000000d11e900000,0x000000d11ea00000)]
  0x0000028d5e102550 JavaThread "Unconstrained build operations Thread 29" [_thread_blocked, id=16768, stack(0x000000d11ea00000,0x000000d11eb00000)]
  0x0000028d5e102ef0 JavaThread "Unconstrained build operations Thread 30" [_thread_blocked, id=15536, stack(0x000000d11eb00000,0x000000d11ec00000)]
  0x0000028d5e1033c0 JavaThread "Unconstrained build operations Thread 31" [_thread_blocked, id=3220, stack(0x000000d11ec00000,0x000000d11ed00000)]
  0x0000028d5e103890 JavaThread "Unconstrained build operations Thread 32" [_thread_blocked, id=15148, stack(0x000000d11ed00000,0x000000d11ee00000)]
  0x0000028d5e103d60 JavaThread "Unconstrained build operations Thread 33" [_thread_blocked, id=14980, stack(0x000000d11ee00000,0x000000d11ef00000)]
  0x0000028d5cb3a480 JavaThread "Unconstrained build operations Thread 34" [_thread_blocked, id=18872, stack(0x000000d11ef00000,0x000000d11f000000)]
  0x0000028d5cb37460 JavaThread "Unconstrained build operations Thread 35" [_thread_blocked, id=11800, stack(0x000000d11f000000,0x000000d11f100000)]
  0x0000028d5cb3a950 JavaThread "Unconstrained build operations Thread 36" [_thread_blocked, id=15024, stack(0x000000d11f100000,0x000000d11f200000)]
  0x0000028d5cb3ae20 JavaThread "Unconstrained build operations Thread 37" [_thread_blocked, id=14848, stack(0x000000d11f200000,0x000000d11f300000)]
  0x0000028d5cb36ac0 JavaThread "Unconstrained build operations Thread 38" [_thread_blocked, id=13376, stack(0x000000d11f300000,0x000000d11f400000)]
  0x0000028d5cb34440 JavaThread "Unconstrained build operations Thread 39" [_thread_blocked, id=3820, stack(0x000000d11f400000,0x000000d11f500000)]
  0x0000028d5cb37930 JavaThread "Unconstrained build operations Thread 40" [_thread_blocked, id=10656, stack(0x000000d11f500000,0x000000d11f600000)]
  0x0000028d5cb37e00 JavaThread "build event listener" [_thread_blocked, id=8636, stack(0x000000d11f600000,0x000000d11f700000)]
  0x0000028d5cb36120 JavaThread "Memory manager" [_thread_blocked, id=17992, stack(0x000000d11f800000,0x000000d11f900000)]
  0x0000028d5cb34de0 JavaThread "included builds" [_thread_blocked, id=12780, stack(0x000000d11f700000,0x000000d11f800000)]
  0x0000028d5cb39ae0 JavaThread "Execution worker" [_thread_blocked, id=19732, stack(0x000000d11f900000,0x000000d11fa00000)]
  0x0000028d5cb382d0 JavaThread "Execution worker Thread 2" [_thread_blocked, id=18168, stack(0x000000d11fa00000,0x000000d11fb00000)]
  0x0000028d5cb365f0 JavaThread "Execution worker Thread 3" [_thread_blocked, id=18576, stack(0x000000d11fb00000,0x000000d11fc00000)]
  0x0000028d5cb3b2f0 JavaThread "Cache worker for execution history cache (D:\CS notes\Calc\.gradle\8.0\executionHistory)" [_thread_blocked, id=11228, stack(0x000000d11fc00000,0x000000d11fd00000)]
  0x0000028d6269e450 JavaThread "WorkerExecutor Queue" [_thread_blocked, id=11144, stack(0x000000d11ff00000,0x000000d120000000)]
  0x0000028d604283a0 JavaThread "WorkerExecutor Queue Thread 2" [_thread_blocked, id=11096, stack(0x000000d120000000,0x000000d120100000)]
  0x0000028d6269e920 JavaThread "WorkerExecutor Queue Thread 3" [_thread_blocked, id=6824, stack(0x000000d120100000,0x000000d120200000)]
  0x0000028d6269edf0 JavaThread "WorkerExecutor Queue Thread 4" [_thread_blocked, id=7516, stack(0x000000d120200000,0x000000d120300000)]
  0x0000028d6269df80 JavaThread "pool-3-thread-1" [_thread_blocked, id=15940, stack(0x000000d120300000,0x000000d120400000)]
  0x0000028d60427530 JavaThread "stderr" [_thread_in_native, id=9332, stack(0x000000d120400000,0x000000d120500000)]
  0x0000028d60428870 JavaThread "stdout" [_thread_in_native, id=3552, stack(0x000000d120500000,0x000000d120600000)]
  0x0000028d5cb3b7c0 JavaThread "ForkJoinPool-1-worker-1" daemon [_thread_blocked, id=13304, stack(0x000000d120600000,0x000000d120700000)]
  0x0000028d60427060 JavaThread "ForkJoinPool-1-worker-2" daemon [_thread_blocked, id=20000, stack(0x000000d120700000,0x000000d120800000)]
  0x0000028d5cb3bc90 JavaThread "ForkJoinPool-1-worker-3" daemon [_thread_blocked, id=5420, stack(0x000000d120800000,0x000000d120900000)]
  0x0000028d5a8ad450 JavaThread "ForkJoinPool-1-worker-4" daemon [_thread_blocked, id=18136, stack(0x000000d120900000,0x000000d120a00000)]

Other Threads:
=>0x0000028d58f68e50 VMThread "VM Thread" [stack: 0x000000d11a200000,0x000000d11a300000] [id=1224]
  0x0000028d59abd010 WatcherThread [stack: 0x000000d11ae00000,0x000000d11af00000] [id=12084]
  0x0000028d3f9f44f0 GCTaskThread "GC Thread#0" [stack: 0x000000d119d00000,0x000000d119e00000] [id=3492]
  0x0000028d59d38bc0 GCTaskThread "GC Thread#1" [stack: 0x000000d11af00000,0x000000d11b000000] [id=6004]
  0x0000028d5a27a7c0 GCTaskThread "GC Thread#2" [stack: 0x000000d11b000000,0x000000d11b100000] [id=20108]
  0x0000028d5a58f530 GCTaskThread "GC Thread#3" [stack: 0x000000d11b200000,0x000000d11b300000] [id=8968]
  0x0000028d3fa052d0 ConcurrentGCThread "G1 Main Marker" [stack: 0x000000d119e00000,0x000000d119f00000] [id=1980]
  0x0000028d3fa06b90 ConcurrentGCThread "G1 Conc#0" [stack: 0x000000d119f00000,0x000000d11a000000] [id=2268]
  0x0000028d3fa5e9d0 ConcurrentGCThread "G1 Refine#0" [stack: 0x000000d11a000000,0x000000d11a100000] [id=20432]
  0x0000028d5a5592f0 ConcurrentGCThread "G1 Refine#1" [stack: 0x000000d11ca00000,0x000000d11cb00000] [id=14608]
  0x0000028d59d325a0 ConcurrentGCThread "G1 Refine#2" [stack: 0x000000d120a00000,0x000000d120b00000] [id=1476]
  0x0000028d59d33400 ConcurrentGCThread "G1 Refine#3" [stack: 0x000000d120b00000,0x000000d120c00000] [id=15236]
  0x0000028d58dc24a0 ConcurrentGCThread "G1 Service" [stack: 0x000000d11a100000,0x000000d11a200000] [id=11108]

Threads with active compile tasks:
C2 CompilerThread0    44813 12222       4       com.android.tools.r8.dex.B::h (833 bytes)

VM state: at safepoint (normal execution)

VM Mutex/Monitor currently owned by a thread:  ([mutex/lock_event])
[0x0000028d3f99a790] Threads_lock - owner thread: 0x0000028d58f68e50
[0x0000028d3f99b240] Heap_lock - owner thread: 0x0000028d6269edf0

Heap address: 0x0000000080000000, size: 2048 MB, Compressed Oops mode: 32-bit

CDS archive(s) not mapped
Compressed class space mapped at: 0x0000000100000000-0x0000000140000000, reserved size: 1073741824
Narrow klass base: 0x0000000000000000, Narrow klass shift: 3, Narrow klass range: 0x140000000

GC Precious Log:
 CPUs: 4 total, 4 available
 Memory: 8086M
 Large Page Support: Disabled
 NUMA Support: Disabled
 Compressed Oops: Enabled (32-bit)
 Heap Region Size: 1M
 Heap Min Capacity: 8M
 Heap Initial Capacity: 128M
 Heap Max Capacity: 2G
 Pre-touch: Disabled
 Parallel Workers: 4
 Concurrent Workers: 1
 Concurrent Refinement Workers: 4
 Periodic GC: Disabled

Heap:
 garbage-first heap   total 252928K, used 187660K [0x0000000080000000, 0x0000000100000000)
  region size 1024K, 4 young (4096K), 4 survivors (4096K)
 Metaspace       used 101345K, committed 102080K, reserved 1138688K
  class space    used 13957K, committed 14272K, reserved 1048576K

Heap Regions: E=young(eden), S=young(survivor), O=old, HS=humongous(starts), HC=humongous(continues), CS=collection set, F=free, OA=open archive, CA=closed archive, TAMS=top-at-mark-start (previous, next)
|   0|0x0000000080000000, 0x0000000080100000, 0x0000000080100000|100%| O|  |TAMS 0x0000000080100000, 0x0000000080000000| Untracked 
|   1|0x0000000080100000, 0x0000000080200000, 0x0000000080200000|100%| O|  |TAMS 0x0000000080200000, 0x0000000080100000| Untracked 
|   2|0x0000000080200000, 0x0000000080300000, 0x0000000080300000|100%|HS|  |TAMS 0x0000000080300000, 0x0000000080200000| Complete 
|   3|0x0000000080300000, 0x0000000080400000, 0x0000000080400000|100%|HC|  |TAMS 0x0000000080400000, 0x0000000080300000| Complete 
|   4|0x0000000080400000, 0x0000000080500000, 0x0000000080500000|100%|HC|  |TAMS 0x0000000080500000, 0x0000000080400000| Complete 
|   5|0x0000000080500000, 0x0000000080600000, 0x0000000080600000|100%|HC|  |TAMS 0x0000000080600000, 0x0000000080500000| Complete 
|   6|0x0000000080600000, 0x0000000080700000, 0x0000000080700000|100%| O|  |TAMS 0x0000000080700000, 0x0000000080600000| Untracked 
|   7|0x0000000080700000, 0x0000000080800000, 0x0000000080800000|100%| O|  |TAMS 0x0000000080800000, 0x0000000080700000| Untracked 
|   8|0x0000000080800000, 0x0000000080900000, 0x0000000080900000|100%| O|  |TAMS 0x0000000080900000, 0x0000000080800000| Untracked 
|   9|0x0000000080900000, 0x0000000080a00000, 0x0000000080a00000|100%| O|  |TAMS 0x0000000080a00000, 0x0000000080900000| Untracked 
|  10|0x0000000080a00000, 0x0000000080b00000, 0x0000000080b00000|100%| O|  |TAMS 0x0000000080b00000, 0x0000000080a00000| Untracked 
|  11|0x0000000080b00000, 0x0000000080c00000, 0x0000000080c00000|100%| O|  |TAMS 0x0000000080c00000, 0x0000000080b00000| Untracked 
|  12|0x0000000080c00000, 0x0000000080d00000, 0x0000000080d00000|100%| O|  |TAMS 0x0000000080d00000, 0x0000000080c00000| Untracked 
|  13|0x0000000080d00000, 0x0000000080e00000, 0x0000000080e00000|100%| O|  |TAMS 0x0000000080e00000, 0x0000000080d00000| Untracked 
|  14|0x0000000080e00000, 0x0000000080f00000, 0x0000000080f00000|100%| O|  |TAMS 0x0000000080f00000, 0x0000000080e00000| Untracked 
|  15|0x0000000080f00000, 0x0000000081000000, 0x0000000081000000|100%| O|  |TAMS 0x0000000081000000, 0x0000000080f00000| Untracked 
|  16|0x0000000081000000, 0x0000000081100000, 0x0000000081100000|100%| O|  |TAMS 0x0000000081100000, 0x0000000081000000| Untracked 
|  17|0x0000000081100000, 0x0000000081200000, 0x0000000081200000|100%| O|  |TAMS 0x0000000081200000, 0x0000000081100000| Untracked 
|  18|0x0000000081200000, 0x0000000081300000, 0x0000000081300000|100%| O|  |TAMS 0x0000000081300000, 0x0000000081200000| Untracked 
|  19|0x0000000081300000, 0x0000000081400000, 0x0000000081400000|100%| O|  |TAMS 0x0000000081400000, 0x0000000081300000| Untracked 
|  20|0x0000000081400000, 0x0000000081500000, 0x0000000081500000|100%| O|  |TAMS 0x0000000081500000, 0x0000000081400000| Untracked 
|  21|0x0000000081500000, 0x0000000081600000, 0x0000000081600000|100%| O|  |TAMS 0x0000000081600000, 0x0000000081500000| Untracked 
|  22|0x0000000081600000, 0x0000000081700000, 0x0000000081700000|100%| O|  |TAMS 0x0000000081700000, 0x0000000081600000| Untracked 
|  23|0x0000000081700000, 0x0000000081800000, 0x0000000081800000|100%| O|  |TAMS 0x0000000081800000, 0x0000000081700000| Untracked 
|  24|0x0000000081800000, 0x0000000081900000, 0x0000000081900000|100%| O|  |TAMS 0x0000000081800000, 0x0000000081800000| Untracked 
|  25|0x0000000081900000, 0x0000000081a00000, 0x0000000081a00000|100%| O|  |TAMS 0x0000000081a00000, 0x0000000081900000| Untracked 
|  26|0x0000000081a00000, 0x0000000081b00000, 0x0000000081b00000|100%| O|  |TAMS 0x0000000081b00000, 0x0000000081a00000| Untracked 
|  27|0x0000000081b00000, 0x0000000081c00000, 0x0000000081c00000|100%| O|  |TAMS 0x0000000081c00000, 0x0000000081b00000| Untracked 
|  28|0x0000000081c00000, 0x0000000081d00000, 0x0000000081d00000|100%| O|  |TAMS 0x0000000081d00000, 0x0000000081c00000| Untracked 
|  29|0x0000000081d00000, 0x0000000081e00000, 0x0000000081e00000|100%| O|  |TAMS 0x0000000081e00000, 0x0000000081d00000| Untracked 
|  30|0x0000000081e00000, 0x0000000081f00000, 0x0000000081f00000|100%| O|  |TAMS 0x0000000081f00000, 0x0000000081e00000| Untracked 
|  31|0x0000000081f00000, 0x0000000082000000, 0x0000000082000000|100%| O|  |TAMS 0x0000000082000000, 0x0000000081f00000| Untracked 
|  32|0x0000000082000000, 0x0000000082100000, 0x0000000082100000|100%| O|  |TAMS 0x0000000082100000, 0x0000000082000000| Untracked 
|  33|0x0000000082100000, 0x0000000082200000, 0x0000000082200000|100%| O|  |TAMS 0x0000000082200000, 0x0000000082100000| Untracked 
|  34|0x0000000082200000, 0x0000000082300000, 0x0000000082300000|100%| O|  |TAMS 0x0000000082300000, 0x0000000082200000| Untracked 
|  35|0x0000000082300000, 0x0000000082400000, 0x0000000082400000|100%|HS|  |TAMS 0x0000000082400000, 0x0000000082300000| Complete 
|  36|0x0000000082400000, 0x0000000082500000, 0x0000000082500000|100%|HS|  |TAMS 0x0000000082500000, 0x0000000082400000| Complete 
|  37|0x0000000082500000, 0x0000000082600000, 0x0000000082600000|100%| O|  |TAMS 0x0000000082600000, 0x0000000082500000| Untracked 
|  38|0x0000000082600000, 0x0000000082700000, 0x0000000082700000|100%| O|  |TAMS 0x0000000082700000, 0x0000000082600000| Untracked 
|  39|0x0000000082700000, 0x0000000082800000, 0x0000000082800000|100%| O|  |TAMS 0x0000000082700000, 0x0000000082700000| Untracked 
|  40|0x0000000082800000, 0x0000000082900000, 0x0000000082900000|100%| O|  |TAMS 0x0000000082900000, 0x0000000082800000| Untracked 
|  41|0x0000000082900000, 0x0000000082a00000, 0x0000000082a00000|100%| O|  |TAMS 0x0000000082a00000, 0x0000000082900000| Untracked 
|  42|0x0000000082a00000, 0x0000000082b00000, 0x0000000082b00000|100%| O|  |TAMS 0x0000000082b00000, 0x0000000082a00000| Untracked 
|  43|0x0000000082b00000, 0x0000000082c00000, 0x0000000082c00000|100%| O|  |TAMS 0x0000000082c00000, 0x0000000082b00000| Untracked 
|  44|0x0000000082c00000, 0x0000000082d00000, 0x0000000082d00000|100%| O|  |TAMS 0x0000000082d00000, 0x0000000082c00000| Untracked 
|  45|0x0000000082d00000, 0x0000000082e00000, 0x0000000082e00000|100%| O|  |TAMS 0x0000000082e00000, 0x0000000082d00000| Untracked 
|  46|0x0000000082e00000, 0x0000000082f00000, 0x0000000082f00000|100%| O|  |TAMS 0x0000000082e00000, 0x0000000082e00000| Untracked 
|  47|0x0000000082f00000, 0x0000000083000000, 0x0000000083000000|100%| O|  |TAMS 0x0000000082f00000, 0x0000000082f00000| Untracked 
|  48|0x0000000083000000, 0x0000000083100000, 0x0000000083100000|100%| O|  |TAMS 0x0000000083000000, 0x0000000083000000| Untracked 
|  49|0x0000000083100000, 0x0000000083200000, 0x0000000083200000|100%| O|  |TAMS 0x0000000083200000, 0x0000000083100000| Untracked 
|  50|0x0000000083200000, 0x0000000083300000, 0x0000000083300000|100%| O|  |TAMS 0x0000000083200000, 0x0000000083200000| Untracked 
|  51|0x0000000083300000, 0x0000000083400000, 0x0000000083400000|100%| O|  |TAMS 0x0000000083400000, 0x0000000083300000| Untracked 
|  52|0x0000000083400000, 0x0000000083500000, 0x0000000083500000|100%| O|  |TAMS 0x0000000083464a00, 0x0000000083400000| Untracked 
|  53|0x0000000083500000, 0x0000000083600000, 0x0000000083600000|100%| O|  |TAMS 0x0000000083500000, 0x0000000083500000| Untracked 
|  54|0x0000000083600000, 0x0000000083700000, 0x0000000083700000|100%| O|  |TAMS 0x0000000083600000, 0x0000000083600000| Untracked 
|  55|0x0000000083700000, 0x0000000083800000, 0x0000000083800000|100%| O|  |TAMS 0x0000000083700000, 0x0000000083700000| Untracked 
|  56|0x0000000083800000, 0x0000000083900000, 0x0000000083900000|100%| O|  |TAMS 0x0000000083800000, 0x0000000083800000| Untracked 
|  57|0x0000000083900000, 0x0000000083a00000, 0x0000000083a00000|100%| O|  |TAMS 0x0000000083900000, 0x0000000083900000| Untracked 
|  58|0x0000000083a00000, 0x0000000083b00000, 0x0000000083b00000|100%| O|  |TAMS 0x0000000083a00000, 0x0000000083a00000| Untracked 
|  59|0x0000000083b00000, 0x0000000083c00000, 0x0000000083c00000|100%| O|  |TAMS 0x0000000083b00000, 0x0000000083b00000| Untracked 
|  60|0x0000000083c00000, 0x0000000083d00000, 0x0000000083d00000|100%| O|  |TAMS 0x0000000083c00000, 0x0000000083c00000| Untracked 
|  61|0x0000000083d00000, 0x0000000083e00000, 0x0000000083e00000|100%| O|  |TAMS 0x0000000083d00000, 0x0000000083d00000| Untracked 
|  62|0x0000000083e00000, 0x0000000083f00000, 0x0000000083f00000|100%| O|  |TAMS 0x0000000083e00000, 0x0000000083e00000| Untracked 
|  63|0x0000000083f00000, 0x0000000084000000, 0x0000000084000000|100%| O|  |TAMS 0x0000000083f00000, 0x0000000083f00000| Untracked 
|  64|0x0000000084000000, 0x0000000084100000, 0x0000000084100000|100%| O|  |TAMS 0x0000000084000000, 0x0000000084000000| Untracked 
|  65|0x0000000084100000, 0x0000000084200000, 0x0000000084200000|100%| O|  |TAMS 0x0000000084100000, 0x0000000084100000| Untracked 
|  66|0x0000000084200000, 0x0000000084300000, 0x0000000084300000|100%| O|  |TAMS 0x0000000084200000, 0x0000000084200000| Untracked 
|  67|0x0000000084300000, 0x0000000084400000, 0x0000000084400000|100%| O|  |TAMS 0x0000000084300000, 0x0000000084300000| Untracked 
|  68|0x0000000084400000, 0x0000000084500000, 0x0000000084500000|100%| O|  |TAMS 0x0000000084400000, 0x0000000084400000| Untracked 
|  69|0x0000000084500000, 0x0000000084600000, 0x0000000084600000|100%| O|  |TAMS 0x0000000084500000, 0x0000000084500000| Untracked 
|  70|0x0000000084600000, 0x0000000084700000, 0x0000000084700000|100%| O|  |TAMS 0x0000000084600000, 0x0000000084600000| Untracked 
|  71|0x0000000084700000, 0x0000000084800000, 0x0000000084800000|100%| O|  |TAMS 0x0000000084700000, 0x0000000084700000| Untracked 
|  72|0x0000000084800000, 0x0000000084900000, 0x0000000084900000|100%| O|  |TAMS 0x0000000084800000, 0x0000000084800000| Untracked 
|  73|0x0000000084900000, 0x0000000084a00000, 0x0000000084a00000|100%| O|  |TAMS 0x0000000084900000, 0x0000000084900000| Untracked 
|  74|0x0000000084a00000, 0x0000000084b00000, 0x0000000084b00000|100%|HS|  |TAMS 0x0000000084a00000, 0x0000000084a00000| Complete 
|  75|0x0000000084b00000, 0x0000000084c00000, 0x0000000084c00000|100%|HC|  |TAMS 0x0000000084b00000, 0x0000000084b00000| Complete 
|  76|0x0000000084c00000, 0x0000000084d00000, 0x0000000084d00000|100%|HS|  |TAMS 0x0000000084c00000, 0x0000000084c00000| Complete 
|  77|0x0000000084d00000, 0x0000000084e00000, 0x0000000084e00000|100%|HS|  |TAMS 0x0000000084d00000, 0x0000000084d00000| Complete 
|  78|0x0000000084e00000, 0x0000000084f00000, 0x0000000084f00000|100%|HS|  |TAMS 0x0000000084e00000, 0x0000000084e00000| Complete 
|  79|0x0000000084f00000, 0x0000000085000000, 0x0000000085000000|100%|HC|  |TAMS 0x0000000084f00000, 0x0000000084f00000| Complete 
|  80|0x0000000085000000, 0x0000000085100000, 0x0000000085100000|100%|HS|  |TAMS 0x0000000085000000, 0x0000000085000000| Complete 
|  81|0x0000000085100000, 0x0000000085200000, 0x0000000085200000|100%|HC|  |TAMS 0x0000000085100000, 0x0000000085100000| Complete 
|  82|0x0000000085200000, 0x0000000085300000, 0x0000000085300000|100%|HS|  |TAMS 0x0000000085200000, 0x0000000085200000| Complete 
|  83|0x0000000085300000, 0x0000000085400000, 0x0000000085400000|100%|HC|  |TAMS 0x0000000085300000, 0x0000000085300000| Complete 
|  84|0x0000000085400000, 0x0000000085500000, 0x0000000085500000|100%|HC|  |TAMS 0x0000000085400000, 0x0000000085400000| Complete 
|  85|0x0000000085500000, 0x0000000085600000, 0x0000000085600000|100%| O|  |TAMS 0x0000000085500000, 0x0000000085500000| Untracked 
|  86|0x0000000085600000, 0x0000000085700000, 0x0000000085700000|100%| O|  |TAMS 0x0000000085600000, 0x0000000085600000| Untracked 
|  87|0x0000000085700000, 0x0000000085800000, 0x0000000085800000|100%| O|  |TAMS 0x0000000085700000, 0x0000000085700000| Untracked 
|  88|0x0000000085800000, 0x0000000085900000, 0x0000000085900000|100%|HS|  |TAMS 0x0000000085800000, 0x0000000085800000| Complete 
|  89|0x0000000085900000, 0x0000000085a00000, 0x0000000085a00000|100%|HC|  |TAMS 0x0000000085900000, 0x0000000085900000| Complete 
|  90|0x0000000085a00000, 0x0000000085b00000, 0x0000000085b00000|100%| O|  |TAMS 0x0000000085a00000, 0x0000000085a00000| Untracked 
|  91|0x0000000085b00000, 0x0000000085c00000, 0x0000000085c00000|100%|HS|  |TAMS 0x0000000085b00000, 0x0000000085b00000| Complete 
|  92|0x0000000085c00000, 0x0000000085d00000, 0x0000000085d00000|100%| O|  |TAMS 0x0000000085c00000, 0x0000000085c00000| Untracked 
|  93|0x0000000085d00000, 0x0000000085e00000, 0x0000000085e00000|100%|HS|  |TAMS 0x0000000085d00000, 0x0000000085d00000| Complete 
|  94|0x0000000085e00000, 0x0000000085f00000, 0x0000000085f00000|100%| O|  |TAMS 0x0000000085e00000, 0x0000000085e00000| Untracked 
|  95|0x0000000085f00000, 0x0000000086000000, 0x0000000086000000|100%|HS|  |TAMS 0x0000000085f00000, 0x0000000085f00000| Complete 
|  96|0x0000000086000000, 0x0000000086100000, 0x0000000086100000|100%|HC|  |TAMS 0x0000000086000000, 0x0000000086000000| Complete 
|  97|0x0000000086100000, 0x0000000086200000, 0x0000000086200000|100%| O|  |TAMS 0x0000000086100000, 0x0000000086100000| Untracked 
|  98|0x0000000086200000, 0x0000000086300000, 0x0000000086300000|100%| O|  |TAMS 0x0000000086200000, 0x0000000086200000| Untracked 
|  99|0x0000000086300000, 0x0000000086400000, 0x0000000086400000|100%|HS|  |TAMS 0x0000000086300000, 0x0000000086300000| Complete 
| 100|0x0000000086400000, 0x0000000086500000, 0x0000000086500000|100%|HC|  |TAMS 0x0000000086400000, 0x0000000086400000| Complete 
| 101|0x0000000086500000, 0x0000000086600000, 0x0000000086600000|100%| O|  |TAMS 0x0000000086500000, 0x0000000086500000| Untracked 
| 102|0x0000000086600000, 0x0000000086700000, 0x0000000086700000|100%| O|  |TAMS 0x0000000086600000, 0x0000000086600000| Untracked 
| 103|0x0000000086700000, 0x0000000086800000, 0x0000000086800000|100%| O|  |TAMS 0x0000000086700000, 0x0000000086700000| Untracked 
| 104|0x0000000086800000, 0x0000000086900000, 0x0000000086900000|100%| O|  |TAMS 0x0000000086800000, 0x0000000086800000| Untracked 
| 105|0x0000000086900000, 0x0000000086a00000, 0x0000000086a00000|100%| O|  |TAMS 0x0000000086900000, 0x0000000086900000| Untracked 
| 106|0x0000000086a00000, 0x0000000086b00000, 0x0000000086b00000|100%|HS|  |TAMS 0x0000000086a00000, 0x0000000086a00000| Complete 
| 107|0x0000000086b00000, 0x0000000086c00000, 0x0000000086c00000|100%|HC|  |TAMS 0x0000000086b00000, 0x0000000086b00000| Complete 
| 108|0x0000000086c00000, 0x0000000086d00000, 0x0000000086d00000|100%|HC|  |TAMS 0x0000000086c00000, 0x0000000086c00000| Complete 
| 109|0x0000000086d00000, 0x0000000086e00000, 0x0000000086e00000|100%|HS|  |TAMS 0x0000000086d00000, 0x0000000086d00000| Complete 
| 110|0x0000000086e00000, 0x0000000086f00000, 0x0000000086f00000|100%|HS|  |TAMS 0x0000000086e00000, 0x0000000086e00000| Complete 
| 111|0x0000000086f00000, 0x0000000087000000, 0x0000000087000000|100%| O|  |TAMS 0x0000000086f00000, 0x0000000086f00000| Untracked 
| 112|0x0000000087000000, 0x0000000087100000, 0x0000000087100000|100%| O|  |TAMS 0x0000000087000000, 0x0000000087000000| Untracked 
| 113|0x0000000087100000, 0x0000000087200000, 0x0000000087200000|100%| O|  |TAMS 0x0000000087100000, 0x0000000087100000| Untracked 
| 114|0x0000000087200000, 0x0000000087300000, 0x0000000087300000|100%| O|  |TAMS 0x0000000087200000, 0x0000000087200000| Untracked 
| 115|0x0000000087300000, 0x0000000087400000, 0x0000000087400000|100%| O|  |TAMS 0x0000000087300000, 0x0000000087300000| Untracked 
| 116|0x0000000087400000, 0x0000000087500000, 0x0000000087500000|100%| O|  |TAMS 0x0000000087400000, 0x0000000087400000| Untracked 
| 117|0x0000000087500000, 0x0000000087600000, 0x0000000087600000|100%| O|  |TAMS 0x0000000087500000, 0x0000000087500000| Untracked 
| 118|0x0000000087600000, 0x0000000087700000, 0x0000000087700000|100%| O|  |TAMS 0x0000000087600000, 0x0000000087600000| Untracked 
| 119|0x0000000087700000, 0x0000000087800000, 0x0000000087800000|100%| O|  |TAMS 0x0000000087700000, 0x0000000087700000| Untracked 
| 120|0x0000000087800000, 0x0000000087900000, 0x0000000087900000|100%| O|  |TAMS 0x0000000087800000, 0x0000000087800000| Untracked 
| 121|0x0000000087900000, 0x0000000087a00000, 0x0000000087a00000|100%| O|  |TAMS 0x0000000087900000, 0x0000000087900000| Untracked 
| 122|0x0000000087a00000, 0x0000000087b00000, 0x0000000087b00000|100%| O|  |TAMS 0x0000000087a00000, 0x0000000087a00000| Untracked 
| 123|0x0000000087b00000, 0x0000000087c00000, 0x0000000087c00000|100%| O|  |TAMS 0x0000000087b00000, 0x0000000087b00000| Untracked 
| 124|0x0000000087c00000, 0x0000000087d00000, 0x0000000087d00000|100%| O|  |TAMS 0x0000000087c00000, 0x0000000087c00000| Untracked 
| 125|0x0000000087d00000, 0x0000000087e00000, 0x0000000087e00000|100%| O|  |TAMS 0x0000000087d00000, 0x0000000087d00000| Untracked 
| 126|0x0000000087e00000, 0x0000000087f00000, 0x0000000087f00000|100%| O|  |TAMS 0x0000000087e00000, 0x0000000087e00000| Untracked 
| 127|0x0000000087f00000, 0x0000000088000000, 0x0000000088000000|100%| O|  |TAMS 0x0000000087f00000, 0x0000000087f00000| Untracked 
| 128|0x0000000088000000, 0x0000000088100000, 0x0000000088100000|100%| O|  |TAMS 0x0000000088000000, 0x0000000088000000| Untracked 
| 129|0x0000000088100000, 0x0000000088200000, 0x0000000088200000|100%| O|  |TAMS 0x0000000088100000, 0x0000000088100000| Untracked 
| 130|0x0000000088200000, 0x0000000088300000, 0x0000000088300000|100%| O|  |TAMS 0x0000000088200000, 0x0000000088200000| Untracked 
| 131|0x0000000088300000, 0x0000000088400000, 0x0000000088400000|100%| O|  |TAMS 0x0000000088300000, 0x0000000088300000| Untracked 
| 132|0x0000000088400000, 0x0000000088500000, 0x0000000088500000|100%| O|  |TAMS 0x0000000088400000, 0x0000000088400000| Untracked 
| 133|0x0000000088500000, 0x0000000088600000, 0x0000000088600000|100%| O|  |TAMS 0x0000000088500000, 0x0000000088500000| Untracked 
| 134|0x0000000088600000, 0x0000000088700000, 0x0000000088700000|100%| O|  |TAMS 0x0000000088600000, 0x0000000088600000| Untracked 
| 135|0x0000000088700000, 0x0000000088800000, 0x0000000088800000|100%| O|  |TAMS 0x0000000088700000, 0x0000000088700000| Untracked 
| 136|0x0000000088800000, 0x0000000088900000, 0x0000000088900000|100%| O|  |TAMS 0x0000000088800000, 0x0000000088800000| Untracked 
| 137|0x0000000088900000, 0x0000000088a00000, 0x0000000088a00000|100%| O|  |TAMS 0x0000000088900000, 0x0000000088900000| Untracked 
| 138|0x0000000088a00000, 0x0000000088b00000, 0x0000000088b00000|100%| O|  |TAMS 0x0000000088a00000, 0x0000000088a00000| Untracked 
| 139|0x0000000088b00000, 0x0000000088c00000, 0x0000000088c00000|100%| O|  |TAMS 0x0000000088b00000, 0x0000000088b00000| Untracked 
| 140|0x0000000088c00000, 0x0000000088d00000, 0x0000000088d00000|100%| O|  |TAMS 0x0000000088c00000, 0x0000000088c00000| Untracked 
| 141|0x0000000088d00000, 0x0000000088e00000, 0x0000000088e00000|100%| O|  |TAMS 0x0000000088d00000, 0x0000000088d00000| Untracked 
| 142|0x0000000088e00000, 0x0000000088f00000, 0x0000000088f00000|100%| O|  |TAMS 0x0000000088e00000, 0x0000000088e00000| Untracked 
| 143|0x0000000088f00000, 0x0000000089000000, 0x0000000089000000|100%| O|  |TAMS 0x0000000088f00000, 0x0000000088f00000| Untracked 
| 144|0x0000000089000000, 0x0000000089100000, 0x0000000089100000|100%| O|  |TAMS 0x0000000089000000, 0x0000000089000000| Untracked 
| 145|0x0000000089100000, 0x0000000089200000, 0x0000000089200000|100%| O|  |TAMS 0x0000000089100000, 0x0000000089100000| Untracked 
| 146|0x0000000089200000, 0x0000000089300000, 0x0000000089300000|100%| O|  |TAMS 0x0000000089200000, 0x0000000089200000| Untracked 
| 147|0x0000000089300000, 0x0000000089400000, 0x0000000089400000|100%| O|  |TAMS 0x0000000089300000, 0x0000000089300000| Untracked 
| 148|0x0000000089400000, 0x0000000089500000, 0x0000000089500000|100%| O|  |TAMS 0x0000000089400000, 0x0000000089400000| Untracked 
| 149|0x0000000089500000, 0x0000000089600000, 0x0000000089600000|100%| O|  |TAMS 0x0000000089500000, 0x0000000089500000| Untracked 
| 150|0x0000000089600000, 0x0000000089700000, 0x0000000089700000|100%| O|  |TAMS 0x0000000089600000, 0x0000000089600000| Untracked 
| 151|0x0000000089700000, 0x0000000089800000, 0x0000000089800000|100%| O|  |TAMS 0x0000000089700000, 0x0000000089700000| Untracked 
| 152|0x0000000089800000, 0x0000000089900000, 0x0000000089900000|100%| O|  |TAMS 0x0000000089800000, 0x0000000089800000| Untracked 
| 153|0x0000000089900000, 0x0000000089a00000, 0x0000000089a00000|100%| O|  |TAMS 0x0000000089900000, 0x0000000089900000| Untracked 
| 154|0x0000000089a00000, 0x0000000089b00000, 0x0000000089b00000|100%| O|  |TAMS 0x0000000089a00000, 0x0000000089a00000| Untracked 
| 155|0x0000000089b00000, 0x0000000089c00000, 0x0000000089c00000|100%| O|  |TAMS 0x0000000089b00000, 0x0000000089b00000| Untracked 
| 156|0x0000000089c00000, 0x0000000089d00000, 0x0000000089d00000|100%| O|  |TAMS 0x0000000089c00000, 0x0000000089c00000| Untracked 
| 157|0x0000000089d00000, 0x0000000089e00000, 0x0000000089e00000|100%| O|  |TAMS 0x0000000089d00000, 0x0000000089d00000| Untracked 
| 158|0x0000000089e00000, 0x0000000089f00000, 0x0000000089f00000|100%| O|  |TAMS 0x0000000089e00000, 0x0000000089e00000| Untracked 
| 159|0x0000000089f00000, 0x000000008a000000, 0x000000008a000000|100%| O|  |TAMS 0x0000000089f00000, 0x0000000089f00000| Untracked 
| 160|0x000000008a000000, 0x000000008a100000, 0x000000008a100000|100%| O|  |TAMS 0x000000008a000000, 0x000000008a000000| Untracked 
| 161|0x000000008a100000, 0x000000008a200000, 0x000000008a200000|100%| O|  |TAMS 0x000000008a100000, 0x000000008a100000| Untracked 
| 162|0x000000008a200000, 0x000000008a300000, 0x000000008a300000|100%| O|  |TAMS 0x000000008a200000, 0x000000008a200000| Untracked 
| 163|0x000000008a300000, 0x000000008a400000, 0x000000008a400000|100%| O|  |TAMS 0x000000008a300000, 0x000000008a300000| Untracked 
| 164|0x000000008a400000, 0x000000008a463c00, 0x000000008a500000| 38%| O|  |TAMS 0x000000008a400000, 0x000000008a400000| Untracked 
| 165|0x000000008a500000, 0x000000008a500000, 0x000000008a600000|  0%| F|  |TAMS 0x000000008a500000, 0x000000008a500000| Untracked 
| 166|0x000000008a600000, 0x000000008a600000, 0x000000008a700000|  0%| F|  |TAMS 0x000000008a600000, 0x000000008a600000| Untracked 
| 167|0x000000008a700000, 0x000000008a700000, 0x000000008a800000|  0%| F|  |TAMS 0x000000008a700000, 0x000000008a700000| Untracked 
| 168|0x000000008a800000, 0x000000008a800000, 0x000000008a900000|  0%| F|  |TAMS 0x000000008a800000, 0x000000008a800000| Untracked 
| 169|0x000000008a900000, 0x000000008a900000, 0x000000008aa00000|  0%| F|  |TAMS 0x000000008a900000, 0x000000008a900000| Untracked 
| 170|0x000000008aa00000, 0x000000008aa00000, 0x000000008ab00000|  0%| F|  |TAMS 0x000000008aa00000, 0x000000008aa00000| Untracked 
| 171|0x000000008ab00000, 0x000000008ab00000, 0x000000008ac00000|  0%| F|  |TAMS 0x000000008ab00000, 0x000000008ab00000| Untracked 
| 172|0x000000008ac00000, 0x000000008ac00000, 0x000000008ad00000|  0%| F|  |TAMS 0x000000008ac00000, 0x000000008ac00000| Untracked 
| 173|0x000000008ad00000, 0x000000008ad00000, 0x000000008ae00000|  0%| F|  |TAMS 0x000000008ad00000, 0x000000008ad00000| Untracked 
| 174|0x000000008ae00000, 0x000000008ae00000, 0x000000008af00000|  0%| F|  |TAMS 0x000000008ae00000, 0x000000008ae00000| Untracked 
| 175|0x000000008af00000, 0x000000008af00000, 0x000000008b000000|  0%| F|  |TAMS 0x000000008af00000, 0x000000008af00000| Untracked 
| 176|0x000000008b000000, 0x000000008b000000, 0x000000008b100000|  0%| F|  |TAMS 0x000000008b000000, 0x000000008b000000| Untracked 
| 177|0x000000008b100000, 0x000000008b100000, 0x000000008b200000|  0%| F|  |TAMS 0x000000008b100000, 0x000000008b100000| Untracked 
| 178|0x000000008b200000, 0x000000008b200000, 0x000000008b300000|  0%| F|  |TAMS 0x000000008b200000, 0x000000008b200000| Untracked 
| 179|0x000000008b300000, 0x000000008b300000, 0x000000008b400000|  0%| F|  |TAMS 0x000000008b300000, 0x000000008b300000| Untracked 
| 180|0x000000008b400000, 0x000000008b400000, 0x000000008b500000|  0%| F|  |TAMS 0x000000008b400000, 0x000000008b400000| Untracked 
| 181|0x000000008b500000, 0x000000008b500000, 0x000000008b600000|  0%| F|  |TAMS 0x000000008b500000, 0x000000008b500000| Untracked 
| 182|0x000000008b600000, 0x000000008b600000, 0x000000008b700000|  0%| F|  |TAMS 0x000000008b600000, 0x000000008b600000| Untracked 
| 183|0x000000008b700000, 0x000000008b700000, 0x000000008b800000|  0%| F|  |TAMS 0x000000008b700000, 0x000000008b700000| Untracked 
| 184|0x000000008b800000, 0x000000008b800000, 0x000000008b900000|  0%| F|  |TAMS 0x000000008b800000, 0x000000008b800000| Untracked 
| 185|0x000000008b900000, 0x000000008b900000, 0x000000008ba00000|  0%| F|  |TAMS 0x000000008b900000, 0x000000008b900000| Untracked 
| 186|0x000000008ba00000, 0x000000008ba00000, 0x000000008bb00000|  0%| F|  |TAMS 0x000000008ba00000, 0x000000008ba00000| Untracked 
| 187|0x000000008bb00000, 0x000000008bb00000, 0x000000008bc00000|  0%| F|  |TAMS 0x000000008bb00000, 0x000000008bb00000| Untracked 
| 188|0x000000008bc00000, 0x000000008bc00000, 0x000000008bd00000|  0%| F|  |TAMS 0x000000008bc00000, 0x000000008bc00000| Untracked 
| 189|0x000000008bd00000, 0x000000008bd00000, 0x000000008be00000|  0%| F|  |TAMS 0x000000008bd00000, 0x000000008bd00000| Untracked 
| 190|0x000000008be00000, 0x000000008be00000, 0x000000008bf00000|  0%| F|  |TAMS 0x000000008be00000, 0x000000008be00000| Untracked 
| 191|0x000000008bf00000, 0x000000008bf00000, 0x000000008c000000|  0%| F|  |TAMS 0x000000008bf00000, 0x000000008bf00000| Untracked 
| 192|0x000000008c000000, 0x000000008c000000, 0x000000008c100000|  0%| F|  |TAMS 0x000000008c000000, 0x000000008c000000| Untracked 
| 193|0x000000008c100000, 0x000000008c100000, 0x000000008c200000|  0%| F|  |TAMS 0x000000008c100000, 0x000000008c100000| Untracked 
| 194|0x000000008c200000, 0x000000008c200000, 0x000000008c300000|  0%| F|  |TAMS 0x000000008c200000, 0x000000008c200000| Untracked 
| 195|0x000000008c300000, 0x000000008c300000, 0x000000008c400000|  0%| F|  |TAMS 0x000000008c300000, 0x000000008c300000| Untracked 
| 196|0x000000008c400000, 0x000000008c400000, 0x000000008c500000|  0%| F|  |TAMS 0x000000008c400000, 0x000000008c400000| Untracked 
| 197|0x000000008c500000, 0x000000008c500000, 0x000000008c600000|  0%| F|  |TAMS 0x000000008c500000, 0x000000008c500000| Untracked 
| 198|0x000000008c600000, 0x000000008c600000, 0x000000008c700000|  0%| F|  |TAMS 0x000000008c600000, 0x000000008c600000| Untracked 
| 199|0x000000008c700000, 0x000000008c700000, 0x000000008c800000|  0%| F|  |TAMS 0x000000008c700000, 0x000000008c700000| Untracked 
| 200|0x000000008c800000, 0x000000008c800000, 0x000000008c900000|  0%| F|  |TAMS 0x000000008c800000, 0x000000008c800000| Untracked 
| 201|0x000000008c900000, 0x000000008c900000, 0x000000008ca00000|  0%| F|  |TAMS 0x000000008c900000, 0x000000008c900000| Untracked 
| 202|0x000000008ca00000, 0x000000008cadf6b0, 0x000000008cb00000| 87%| S|CS|TAMS 0x000000008ca00000, 0x000000008ca00000| Complete 
| 203|0x000000008cb00000, 0x000000008cc00000, 0x000000008cc00000|100%| S|CS|TAMS 0x000000008cb00000, 0x000000008cb00000| Complete 
| 204|0x000000008cc00000, 0x000000008cd00000, 0x000000008cd00000|100%| S|CS|TAMS 0x000000008cc00000, 0x000000008cc00000| Complete 
| 205|0x000000008cd00000, 0x000000008ce00000, 0x000000008ce00000|100%| S|CS|TAMS 0x000000008cd00000, 0x000000008cd00000| Complete 
| 206|0x000000008ce00000, 0x000000008ce00000, 0x000000008cf00000|  0%| F|  |TAMS 0x000000008ce00000, 0x000000008ce00000| Untracked 
| 207|0x000000008cf00000, 0x000000008cf00000, 0x000000008d000000|  0%| F|  |TAMS 0x000000008cf00000, 0x000000008cf00000| Untracked 
| 208|0x000000008d000000, 0x000000008d000000, 0x000000008d100000|  0%| F|  |TAMS 0x000000008d000000, 0x000000008d000000| Untracked 
| 209|0x000000008d100000, 0x000000008d100000, 0x000000008d200000|  0%| F|  |TAMS 0x000000008d100000, 0x000000008d100000| Untracked 
| 210|0x000000008d200000, 0x000000008d200000, 0x000000008d300000|  0%| F|  |TAMS 0x000000008d200000, 0x000000008d200000| Untracked 
| 211|0x000000008d300000, 0x000000008d300000, 0x000000008d400000|  0%| F|  |TAMS 0x000000008d300000, 0x000000008d300000| Untracked 
| 212|0x000000008d400000, 0x000000008d400000, 0x000000008d500000|  0%| F|  |TAMS 0x000000008d400000, 0x000000008d400000| Untracked 
| 213|0x000000008d500000, 0x000000008d500000, 0x000000008d600000|  0%| F|  |TAMS 0x000000008d500000, 0x000000008d500000| Untracked 
| 214|0x000000008d600000, 0x000000008d600000, 0x000000008d700000|  0%| F|  |TAMS 0x000000008d600000, 0x000000008d600000| Untracked 
| 215|0x000000008d700000, 0x000000008d700000, 0x000000008d800000|  0%| F|  |TAMS 0x000000008d700000, 0x000000008d700000| Untracked 
| 216|0x000000008d800000, 0x000000008d800000, 0x000000008d900000|  0%| F|  |TAMS 0x000000008d800000, 0x000000008d800000| Untracked 
| 217|0x000000008d900000, 0x000000008d900000, 0x000000008da00000|  0%| F|  |TAMS 0x000000008d900000, 0x000000008d900000| Untracked 
| 218|0x000000008da00000, 0x000000008da00000, 0x000000008db00000|  0%| F|  |TAMS 0x000000008da00000, 0x000000008da00000| Untracked 
| 219|0x000000008db00000, 0x000000008db00000, 0x000000008dc00000|  0%| F|  |TAMS 0x000000008db00000, 0x000000008db00000| Untracked 
| 220|0x000000008dc00000, 0x000000008dc00000, 0x000000008dd00000|  0%| F|  |TAMS 0x000000008dc00000, 0x000000008dc00000| Untracked 
| 221|0x000000008dd00000, 0x000000008dd00000, 0x000000008de00000|  0%| F|  |TAMS 0x000000008dd00000, 0x000000008dd00000| Untracked 
| 222|0x000000008de00000, 0x000000008de00000, 0x000000008df00000|  0%| F|  |TAMS 0x000000008de00000, 0x000000008de00000| Untracked 
| 223|0x000000008df00000, 0x000000008df00000, 0x000000008e000000|  0%| F|  |TAMS 0x000000008df00000, 0x000000008df00000| Untracked 
| 224|0x000000008e000000, 0x000000008e000000, 0x000000008e100000|  0%| F|  |TAMS 0x000000008e000000, 0x000000008e000000| Untracked 
| 225|0x000000008e100000, 0x000000008e100000, 0x000000008e200000|  0%| F|  |TAMS 0x000000008e100000, 0x000000008e100000| Untracked 
| 226|0x000000008e200000, 0x000000008e200000, 0x000000008e300000|  0%| F|  |TAMS 0x000000008e200000, 0x000000008e200000| Untracked 
| 227|0x000000008e300000, 0x000000008e300000, 0x000000008e400000|  0%| F|  |TAMS 0x000000008e300000, 0x000000008e300000| Untracked 
| 228|0x000000008e400000, 0x000000008e400000, 0x000000008e500000|  0%| F|  |TAMS 0x000000008e400000, 0x000000008e400000| Untracked 
| 229|0x000000008e500000, 0x000000008e500000, 0x000000008e600000|  0%| F|  |TAMS 0x000000008e500000, 0x000000008e500000| Untracked 
| 230|0x000000008e600000, 0x000000008e600000, 0x000000008e700000|  0%| F|  |TAMS 0x000000008e600000, 0x000000008e600000| Untracked 
| 231|0x000000008e700000, 0x000000008e700000, 0x000000008e800000|  0%| F|  |TAMS 0x000000008e700000, 0x000000008e700000| Untracked 
|2033|0x00000000ff100000, 0x00000000ff200000, 0x00000000ff200000|100%| O|  |TAMS 0x00000000ff100000, 0x00000000ff100000| Untracked 
|2034|0x00000000ff200000, 0x00000000ff300000, 0x00000000ff300000|100%| O|  |TAMS 0x00000000ff200000, 0x00000000ff200000| Untracked 
|2035|0x00000000ff300000, 0x00000000ff400000, 0x00000000ff400000|100%| O|  |TAMS 0x00000000ff300000, 0x00000000ff300000| Untracked 
|2036|0x00000000ff400000, 0x00000000ff500000, 0x00000000ff500000|100%| O|  |TAMS 0x00000000ff400000, 0x00000000ff400000| Untracked 
|2037|0x00000000ff500000, 0x00000000ff600000, 0x00000000ff600000|100%| O|  |TAMS 0x00000000ff500000, 0x00000000ff500000| Untracked 
|2038|0x00000000ff600000, 0x00000000ff700000, 0x00000000ff700000|100%| O|  |TAMS 0x00000000ff600000, 0x00000000ff600000| Untracked 
|2039|0x00000000ff700000, 0x00000000ff800000, 0x00000000ff800000|100%| O|  |TAMS 0x00000000ff700000, 0x00000000ff700000| Untracked 
|2040|0x00000000ff800000, 0x00000000ff900000, 0x00000000ff900000|100%| O|  |TAMS 0x00000000ff800000, 0x00000000ff800000| Untracked 
|2041|0x00000000ff900000, 0x00000000ffa00000, 0x00000000ffa00000|100%| O|  |TAMS 0x00000000ff900000, 0x00000000ff900000| Untracked 
|2042|0x00000000ffa00000, 0x00000000ffb00000, 0x00000000ffb00000|100%| O|  |TAMS 0x00000000ffa00000, 0x00000000ffa00000| Untracked 
|2043|0x00000000ffb00000, 0x00000000ffc00000, 0x00000000ffc00000|100%| O|  |TAMS 0x00000000ffb00000, 0x00000000ffb00000| Untracked 
|2044|0x00000000ffc00000, 0x00000000ffd00000, 0x00000000ffd00000|100%| O|  |TAMS 0x00000000ffc00000, 0x00000000ffc00000| Untracked 
|2045|0x00000000ffd00000, 0x00000000ffe00000, 0x00000000ffe00000|100%| O|  |TAMS 0x00000000ffd00000, 0x00000000ffd00000| Untracked 
|2046|0x00000000ffe00000, 0x00000000fff00000, 0x00000000fff00000|100%| O|  |TAMS 0x00000000ffe00000, 0x00000000ffe00000| Untracked 
|2047|0x00000000fff00000, 0x0000000100000000, 0x0000000100000000|100%| O|  |TAMS 0x00000000fff00000, 0x00000000fff00000| Untracked 

Card table byte_map: [0x0000028d52260000,0x0000028d52660000] _byte_map_base: 0x0000028d51e60000

Marking Bits (Prev, Next): (CMBitMap*) 0x0000028d3f9f49a0, (CMBitMap*) 0x0000028d3f9f49e0
 Prev Bits: [0x0000028d52a60000, 0x0000028d54a60000)
 Next Bits: [0x0000028d54a60000, 0x0000028d56a60000)

Polling page: 0x0000028d3d910000

Metaspace:

Usage:
  Non-class:     85.34 MB used.
      Class:     13.63 MB used.
       Both:     98.97 MB used.

Virtual space:
  Non-class space:       88.00 MB reserved,      85.75 MB ( 97%) committed,  11 nodes.
      Class space:        1.00 GB reserved,      13.94 MB (  1%) committed,  1 nodes.
             Both:        1.09 GB reserved,      99.69 MB (  9%) committed. 

Chunk freelists:
   Non-Class:  1.92 MB
       Class:  2.06 MB
        Both:  3.98 MB

MaxMetaspaceSize: unlimited
CompressedClassSpaceSize: 1.00 GB
Initial GC threshold: 21.00 MB
Current GC threshold: 108.75 MB
CDS: off
MetaspaceReclaimPolicy: balanced
 - commit_granule_bytes: 65536.
 - commit_granule_words: 8192.
 - virtual_space_node_default_size: 1048576.
 - enlarge_chunks_in_place: 1.
 - new_chunks_are_fully_committed: 0.
 - uncommit_free_chunks: 1.
 - use_allocation_guard: 0.
 - handle_deallocations: 1.


Internal statistics:

num_allocs_failed_limit: 6.
num_arena_births: 958.
num_arena_deaths: 0.
num_vsnodes_births: 12.
num_vsnodes_deaths: 0.
num_space_committed: 1595.
num_space_uncommitted: 0.
num_chunks_returned_to_freelist: 6.
num_chunks_taken_from_freelist: 4787.
num_chunk_merges: 3.
num_chunk_splits: 3123.
num_chunks_enlarged: 2048.
num_purges: 0.
num_inconsistent_stats: 0.

CodeHeap 'non-profiled nmethods': size=120000Kb used=4797Kb max_used=5450Kb free=115203Kb
 bounds [0x0000028d4a930000, 0x0000028d4ae90000, 0x0000028d51e60000]
CodeHeap 'profiled nmethods': size=120000Kb used=20970Kb max_used=20970Kb free=99029Kb
 bounds [0x0000028d42e60000, 0x0000028d442e0000, 0x0000028d4a390000]
CodeHeap 'non-nmethods': size=5760Kb used=2395Kb max_used=2463Kb free=3365Kb
 bounds [0x0000028d4a390000, 0x0000028d4a620000, 0x0000028d4a930000]
 total_blobs=11970 nmethods=11039 adapters=843
 compilation: enabled
              stopped_count=0, restarted_count=0
 full_count=0

Compilation events (20 events):
Event: 44.679 Thread 0x0000028d599862f0 12841 %     3       java.util.IdentityHashMap::resize @ 58 (153 bytes)
Event: 44.680 Thread 0x0000028d599862f0 nmethod 12841% 0x0000028d442d4890 code [0x0000028d442d4b00, 0x0000028d442d59d8]
Event: 44.680 Thread 0x0000028d599862f0 12842 %     3       java.util.IdentityHashMap::resize @ 104 (153 bytes)
Event: 44.681 Thread 0x0000028d599862f0 nmethod 12842% 0x0000028d442d5e90 code [0x0000028d442d6100, 0x0000028d442d7018]
Event: 44.682 Thread 0x0000028d599862f0 12843       3       java.util.IdentityHashMap::resize (153 bytes)
Event: 44.683 Thread 0x0000028d599862f0 nmethod 12843 0x0000028d442d7490 code [0x0000028d442d76e0, 0x0000028d442d8498]
Event: 44.706 Thread 0x0000028d599862f0 12845       2       java.lang.invoke.DelegatingMethodHandle::whichKind (44 bytes)
Event: 44.706 Thread 0x0000028d599862f0 nmethod 12845 0x0000028d442d8890 code [0x0000028d442d8a40, 0x0000028d442d8bb8]
Event: 44.710 Thread 0x0000028d599862f0 12846       1       com.android.tools.r8.graph.N3::m (5 bytes)
Event: 44.710 Thread 0x0000028d599862f0 nmethod 12846 0x0000028d4aa43590 code [0x0000028d4aa43720, 0x0000028d4aa437f8]
Event: 44.711 Thread 0x0000028d599862f0 12847       2       com.android.tools.r8.dex.t0$$Lambda$1566/0x0000000100dee000::accept (20 bytes)
Event: 44.712 Thread 0x0000028d599862f0 nmethod 12847 0x0000028d442d8c90 code [0x0000028d442d8e80, 0x0000028d442d9168]
Event: 44.712 Thread 0x0000028d599862f0 12848       2       com.android.tools.r8.dex.t0::a (24 bytes)
Event: 44.712 Thread 0x0000028d599862f0 nmethod 12848 0x0000028d442d9390 code [0x0000028d442d9560, 0x0000028d442d97c8]
Event: 44.712 Thread 0x0000028d599862f0 12849       2       com.android.tools.r8.graph.h5::a (9 bytes)
Event: 44.713 Thread 0x0000028d599862f0 nmethod 12849 0x0000028d442d9a10 code [0x0000028d442d9ba0, 0x0000028d442d9cc8]
Event: 44.713 Thread 0x0000028d599862f0 12850       2       com.android.tools.r8.graph.G3::a (2 bytes)
Event: 44.713 Thread 0x0000028d599862f0 nmethod 12850 0x0000028d442d9d90 code [0x0000028d442d9f20, 0x0000028d442da038]
Event: 44.713 Thread 0x0000028d599862f0 12851       2       com.android.tools.r8.utils.t0::a (105 bytes)
Event: 44.714 Thread 0x0000028d599862f0 nmethod 12851 0x0000028d442da110 code [0x0000028d442da340, 0x0000028d442da788]

GC Heap History (20 events):
Event: 31.685 GC heap after
{Heap after GC invocations=42 (full 0):
 garbage-first heap   total 154624K, used 59441K [0x0000000080000000, 0x0000000100000000)
  region size 1024K, 4 young (4096K), 4 survivors (4096K)
 Metaspace       used 74962K, committed 75520K, reserved 1114112K
  class space    used 10146K, committed 10432K, reserved 1048576K
}
Event: 33.566 GC heap before
{Heap before GC invocations=42 (full 0):
 garbage-first heap   total 154624K, used 115761K [0x0000000080000000, 0x0000000100000000)
  region size 1024K, 59 young (60416K), 4 survivors (4096K)
 Metaspace       used 81135K, committed 81792K, reserved 1122304K
  class space    used 11039K, committed 11328K, reserved 1048576K
}
Event: 33.585 GC heap after
{Heap after GC invocations=43 (full 0):
 garbage-first heap   total 154624K, used 63624K [0x0000000080000000, 0x0000000100000000)
  region size 1024K, 8 young (8192K), 8 survivors (8192K)
 Metaspace       used 81135K, committed 81792K, reserved 1122304K
  class space    used 11039K, committed 11328K, reserved 1048576K
}
Event: 34.704 GC heap before
{Heap before GC invocations=43 (full 0):
 garbage-first heap   total 154624K, used 118920K [0x0000000080000000, 0x0000000100000000)
  region size 1024K, 62 young (63488K), 8 survivors (8192K)
 Metaspace       used 83050K, committed 83648K, reserved 1122304K
  class space    used 11398K, committed 11648K, reserved 1048576K
}
Event: 34.731 GC heap after
{Heap after GC invocations=44 (full 0):
 garbage-first heap   total 154624K, used 71725K [0x0000000080000000, 0x0000000100000000)
  region size 1024K, 8 young (8192K), 8 survivors (8192K)
 Metaspace       used 83050K, committed 83648K, reserved 1122304K
  class space    used 11398K, committed 11648K, reserved 1048576K
}
Event: 36.313 GC heap before
{Heap before GC invocations=44 (full 0):
 garbage-first heap   total 154624K, used 117805K [0x0000000080000000, 0x0000000100000000)
  region size 1024K, 54 young (55296K), 8 survivors (8192K)
 Metaspace       used 84230K, committed 84864K, reserved 1130496K
  class space    used 11543K, committed 11840K, reserved 1048576K
}
Event: 36.338 GC heap after
{Heap after GC invocations=45 (full 0):
 garbage-first heap   total 154624K, used 76522K [0x0000000080000000, 0x0000000100000000)
  region size 1024K, 5 young (5120K), 5 survivors (5120K)
 Metaspace       used 84230K, committed 84864K, reserved 1130496K
  class space    used 11543K, committed 11840K, reserved 1048576K
}
Event: 38.084 GC heap before
{Heap before GC invocations=45 (full 0):
 garbage-first heap   total 154624K, used 120554K [0x0000000080000000, 0x0000000100000000)
  region size 1024K, 49 young (50176K), 5 survivors (5120K)
 Metaspace       used 85032K, committed 85696K, reserved 1130496K
  class space    used 11612K, committed 11904K, reserved 1048576K
}
Event: 38.098 GC heap after
{Heap after GC invocations=46 (full 0):
 garbage-first heap   total 237568K, used 79543K [0x0000000080000000, 0x0000000100000000)
  region size 1024K, 4 young (4096K), 4 survivors (4096K)
 Metaspace       used 85032K, committed 85696K, reserved 1130496K
  class space    used 11612K, committed 11904K, reserved 1048576K
}
Event: 41.061 GC heap before
{Heap before GC invocations=46 (full 0):
 garbage-first heap   total 237568K, used 206519K [0x0000000080000000, 0x0000000100000000)
  region size 1024K, 109 young (111616K), 4 survivors (4096K)
 Metaspace       used 93885K, committed 94592K, reserved 1138688K
  class space    used 12765K, committed 13056K, reserved 1048576K
}
Event: 41.089 GC heap after
{Heap after GC invocations=47 (full 0):
 garbage-first heap   total 237568K, used 106145K [0x0000000080000000, 0x0000000100000000)
  region size 1024K, 14 young (14336K), 14 survivors (14336K)
 Metaspace       used 93885K, committed 94592K, reserved 1138688K
  class space    used 12765K, committed 13056K, reserved 1048576K
}
Event: 42.389 GC heap before
{Heap before GC invocations=47 (full 0):
 garbage-first heap   total 237568K, used 208545K [0x0000000080000000, 0x0000000100000000)
  region size 1024K, 94 young (96256K), 14 survivors (14336K)
 Metaspace       used 97382K, committed 98112K, reserved 1138688K
  class space    used 13397K, committed 13760K, reserved 1048576K
}
Event: 42.458 GC heap after
{Heap after GC invocations=48 (full 0):
 garbage-first heap   total 252928K, used 143687K [0x0000000080000000, 0x0000000100000000)
  region size 1024K, 12 young (12288K), 12 survivors (12288K)
 Metaspace       used 97382K, committed 98112K, reserved 1138688K
  class space    used 13397K, committed 13760K, reserved 1048576K
}
Event: 42.791 GC heap before
{Heap before GC invocations=48 (full 0):
 garbage-first heap   total 252928K, used 193863K [0x0000000080000000, 0x0000000100000000)
  region size 1024K, 62 young (63488K), 12 survivors (12288K)
 Metaspace       used 97452K, committed 98176K, reserved 1138688K
  class space    used 13398K, committed 13760K, reserved 1048576K
}
Event: 42.868 GC heap after
{Heap after GC invocations=49 (full 0):
 garbage-first heap   total 252928K, used 169472K [0x0000000080000000, 0x0000000100000000)
  region size 1024K, 8 young (8192K), 8 survivors (8192K)
 Metaspace       used 97452K, committed 98176K, reserved 1138688K
  class space    used 13398K, committed 13760K, reserved 1048576K
}
Event: 43.458 GC heap before
{Heap before GC invocations=49 (full 0):
 garbage-first heap   total 252928K, used 198144K [0x0000000080000000, 0x0000000100000000)
  region size 1024K, 37 young (37888K), 8 survivors (8192K)
 Metaspace       used 99946K, committed 100608K, reserved 1138688K
  class space    used 13748K, committed 14080K, reserved 1048576K
}
Event: 43.514 GC heap after
{Heap after GC invocations=50 (full 0):
 garbage-first heap   total 252928K, used 180736K [0x0000000080000000, 0x0000000100000000)
  region size 1024K, 5 young (5120K), 5 survivors (5120K)
 Metaspace       used 99946K, committed 100608K, reserved 1138688K
  class space    used 13748K, committed 14080K, reserved 1048576K
}
Event: 44.174 GC heap before
{Heap before GC invocations=50 (full 0):
 garbage-first heap   total 252928K, used 204288K [0x0000000080000000, 0x0000000100000000)
  region size 1024K, 28 young (28672K), 5 survivors (5120K)
 Metaspace       used 100812K, committed 101504K, reserved 1138688K
  class space    used 13883K, committed 14208K, reserved 1048576K
}
Event: 44.199 GC heap after
{Heap after GC invocations=51 (full 0):
 garbage-first heap   total 252928K, used 184710K [0x0000000080000000, 0x0000000100000000)
  region size 1024K, 3 young (3072K), 3 survivors (3072K)
 Metaspace       used 100812K, committed 101504K, reserved 1138688K
  class space    used 13883K, committed 14208K, reserved 1048576K
}
Event: 44.721 GC heap before
{Heap before GC invocations=51 (full 0):
 garbage-first heap   total 252928K, used 207238K [0x0000000080000000, 0x0000000100000000)
  region size 1024K, 26 young (26624K), 3 survivors (3072K)
 Metaspace       used 101345K, committed 102080K, reserved 1138688K
  class space    used 13957K, committed 14272K, reserved 1048576K
}

Dll operation events (2 events):
Event: 0.019 Loaded shared library C:\Program Files\Android\Android Studio\jbr\bin\java.dll
Event: 1.401 Loaded shared library C:\Program Files\Android\Android Studio\jbr\bin\verify.dll

Deoptimization events (20 events):
Event: 42.292 Thread 0x0000028d60427060 DEOPT PACKING pc=0x0000028d434c67af sp=0x000000d1207fea50
Event: 42.292 Thread 0x0000028d60427060 DEOPT UNPACKING pc=0x0000028d4a3e7143 sp=0x000000d1207fdf98 mode 0
Event: 42.327 Thread 0x0000028d5a8ad450 DEOPT PACKING pc=0x0000028d437cd5f1 sp=0x000000d1209fe740
Event: 42.327 Thread 0x0000028d5a8ad450 DEOPT UNPACKING pc=0x0000028d4a3e7143 sp=0x000000d1209fdc58 mode 0
Event: 42.526 Thread 0x0000028d5cb3bc90 DEOPT PACKING pc=0x0000028d4388676c sp=0x000000d1208fef40
Event: 42.526 Thread 0x0000028d5cb3bc90 DEOPT UNPACKING pc=0x0000028d4a3e7143 sp=0x000000d1208fe448 mode 0
Event: 42.881 Thread 0x0000028d60427060 DEOPT PACKING pc=0x0000028d430824d4 sp=0x000000d1207fe8b0
Event: 42.881 Thread 0x0000028d60427060 DEOPT UNPACKING pc=0x0000028d4a3e7143 sp=0x000000d1207fdd88 mode 0
Event: 43.143 Thread 0x0000028d6269edf0 Uncommon trap: trap_request=0xffffff45 fr.pc=0x0000028d4ac4b274 relative=0x00000000000005b4
Event: 43.143 Thread 0x0000028d6269edf0 Uncommon trap: reason=unstable_if action=reinterpret pc=0x0000028d4ac4b274 method=sun.security.provider.DigestBase.engineUpdate([BII)V @ 1 c2
Event: 43.143 Thread 0x0000028d6269edf0 DEOPT PACKING pc=0x0000028d4ac4b274 sp=0x000000d1202fd7d0
Event: 43.143 Thread 0x0000028d6269edf0 DEOPT UNPACKING pc=0x0000028d4a3e69a3 sp=0x000000d1202fd788 mode 2
Event: 43.243 Thread 0x0000028d5a8ad450 DEOPT PACKING pc=0x0000028d43c993e3 sp=0x000000d1209ff000
Event: 43.243 Thread 0x0000028d5a8ad450 DEOPT UNPACKING pc=0x0000028d4a3e7143 sp=0x000000d1209fe550 mode 0
Event: 43.692 Thread 0x0000028d5cb3b7c0 DEOPT PACKING pc=0x0000028d43ce49af sp=0x000000d1206feee0
Event: 43.692 Thread 0x0000028d5cb3b7c0 DEOPT UNPACKING pc=0x0000028d4a3e7143 sp=0x000000d1206fe378 mode 0
Event: 43.756 Thread 0x0000028d60427060 DEOPT PACKING pc=0x0000028d438e49f6 sp=0x000000d1207feee0
Event: 43.756 Thread 0x0000028d60427060 DEOPT UNPACKING pc=0x0000028d4a3e7143 sp=0x000000d1207fe428 mode 0
Event: 44.446 Thread 0x0000028d6269edf0 DEOPT PACKING pc=0x0000028d43cb8bbb sp=0x000000d1202fda00
Event: 44.446 Thread 0x0000028d6269edf0 DEOPT UNPACKING pc=0x0000028d4a3e7143 sp=0x000000d1202fcec8 mode 0

Classes unloaded (0 events):
No events

Classes redefined (0 events):
No events

Internal exceptions (20 events):
Event: 40.275 Thread 0x0000028d5cb34de0 Exception <a 'sun/nio/fs/WindowsException'{0x000000008a7cee80}> (0x000000008a7cee80) 
thrown [s\src\hotspot\share\prims\jni.cpp, line 517]
Event: 40.555 Thread 0x0000028d6269edf0 Exception <a 'sun/nio/fs/WindowsException'{0x00000000899f4b40}> (0x00000000899f4b40) 
thrown [s\src\hotspot\share\prims\jni.cpp, line 517]
Event: 41.039 Thread 0x0000028d6269edf0 Exception <a 'java/lang/NoSuchMethodError'{0x0000000088314d50}: 'java.lang.Object java.lang.invoke.DirectMethodHandle$Holder.invokeStaticInit(java.lang.Object, java.lang.Object, java.lang.Object, java.lang.Object, java.lang.Object, java.lang.Object, java.lang.Object, java.lang.Object, java.lang.Object, java.lang.Object, java.lang.Object, java.lang.Object, java.lang.Object, java.lang.Object, java.lang.Object, java.lang.Object, java.lang.Object, java.lang.Object, java.lang.Object, int, java.lang.Object, java
Event: 41.289 Thread 0x0000028d6269e450 Exception <a 'java/lang/NoSuchMethodError'{0x000000008da79ca0}: 'void java.lang.invoke.DirectMethodHandle$Holder.invokeStatic(java.lang.Object, long)'> (0x000000008da79ca0) 
thrown [s\src\hotspot\share\interpreter\linkResolver.cpp, line 771]
Event: 41.290 Thread 0x0000028d6269e450 Exception <a 'java/lang/NoSuchMethodError'{0x000000008da7f5a0}: 'java.lang.Object java.lang.invoke.DirectMethodHandle$Holder.newInvokeSpecial(java.lang.Object, long)'> (0x000000008da7f5a0) 
thrown [s\src\hotspot\share\interpreter\linkResolver.cpp, line 771]
Event: 41.293 Thread 0x0000028d6269e450 Exception <a 'java/lang/NoSuchMethodError'{0x000000008da86338}: 'java.lang.Object java.lang.invoke.DirectMethodHandle$Holder.invokeStatic(java.lang.Object, java.lang.Object, long, java.lang.Object)'> (0x000000008da86338) 
thrown [s\src\hotspot\share\interpreter\linkResolver.cpp, line 771]
Event: 41.294 Thread 0x0000028d6269e450 Exception <a 'java/lang/NoSuchMethodError'{0x000000008d8fc2f0}: 'java.lang.Object java.lang.invoke.DirectMethodHandle$Holder.invokeStaticInit(java.lang.Object, java.lang.Object, long, java.lang.Object)'> (0x000000008d8fc2f0) 
thrown [s\src\hotspot\share\interpreter\linkResolver.cpp, line 771]
Event: 41.533 Thread 0x0000028d6269e450 Exception <a 'java/lang/NoSuchMethodError'{0x000000008c5ace60}: 'int java.lang.invoke.DirectMethodHandle$Holder.invokeSpecialIFC(java.lang.Object, java.lang.Object, java.lang.Object)'> (0x000000008c5ace60) 
thrown [s\src\hotspot\share\interpreter\linkResolver.cpp, line 771]
Event: 41.784 Thread 0x0000028d5a8ad450 Exception <a 'java/lang/IncompatibleClassChangeError'{0x000000008b2259b8}: Found class java.lang.Object, but interface was expected> (0x000000008b2259b8) 
thrown [s\src\hotspot\share\interpreter\linkResolver.cpp, line 838]
Event: 41.837 Thread 0x0000028d5a8ad450 Exception <a 'java/lang/NoSuchMethodError'{0x000000008b1925e8}: 'long java.lang.invoke.DirectMethodHandle$Holder.invokeStatic(java.lang.Object, java.lang.Object, java.lang.Object)'> (0x000000008b1925e8) 
thrown [s\src\hotspot\share\interpreter\linkResolver.cpp, line 771]
Event: 42.014 Thread 0x0000028d5a8ad450 Exception <a 'java/lang/IncompatibleClassChangeError'{0x000000008ad34538}: Found class java.lang.Object, but interface was expected> (0x000000008ad34538) 
thrown [s\src\hotspot\share\interpreter\linkResolver.cpp, line 838]
Event: 42.016 Thread 0x0000028d5a8ad450 Exception <a 'java/lang/IncompatibleClassChangeError'{0x000000008ad3b7c8}: Found class java.lang.Object, but interface was expected> (0x000000008ad3b7c8) 
thrown [s\src\hotspot\share\interpreter\linkResolver.cpp, line 838]
Event: 43.204 Thread 0x0000028d6269edf0 Exception <a 'java/lang/NoSuchMethodError'{0x000000008d1f4db0}: 'void java.lang.invoke.DirectMethodHandle$Holder.invokeStatic(java.lang.Object, java.lang.Object, java.lang.Object, int)'> (0x000000008d1f4db0) 
thrown [s\src\hotspot\share\interpreter\linkResolver.cpp, line 771]
Event: 43.206 Thread 0x0000028d6269edf0 Exception <a 'java/lang/IncompatibleClassChangeError'{0x000000008d1fdff0}: Found class java.lang.Object, but interface was expected> (0x000000008d1fdff0) 
thrown [s\src\hotspot\share\interpreter\linkResolver.cpp, line 838]
Event: 43.882 Thread 0x0000028d6269edf0 Exception <a 'java/lang/IncompatibleClassChangeError'{0x000000008dc85930}: Found class java.lang.Object, but interface was expected> (0x000000008dc85930) 
thrown [s\src\hotspot\share\interpreter\linkResolver.cpp, line 838]
Event: 43.923 Thread 0x0000028d6269edf0 Exception <a 'java/lang/NoSuchMethodError'{0x000000008db7bb50}: 'java.lang.Object java.lang.invoke.DirectMethodHandle$Holder.newInvokeSpecial(java.lang.Object, java.lang.Object, int, java.lang.Object, java.lang.Object, java.lang.Object)'> (0x000000008db7bb50) 
thrown [s\src\hotspot\share\interpreter\linkResolver.cpp, line 771]
Event: 43.925 Thread 0x0000028d6269edf0 Exception <a 'java/lang/NoSuchMethodError'{0x000000008db83ad0}: 'java.lang.Object java.lang.invoke.Invokers$Holder.linkToTargetMethod(java.lang.Object, int, java.lang.Object, java.lang.Object, java.lang.Object, java.lang.Object)'> (0x000000008db83ad0) 
thrown [s\src\hotspot\share\interpreter\linkResolver.cpp, line 771]
Event: 43.927 Thread 0x0000028d6269edf0 Exception <a 'java/lang/NoSuchMethodError'{0x000000008db911f8}: 'java.lang.Object java.lang.invoke.DirectMethodHandle$Holder.newInvokeSpecial(java.lang.Object, int, java.lang.Object, java.lang.Object)'> (0x000000008db911f8) 
thrown [s\src\hotspot\share\interpreter\linkResolver.cpp, line 771]
Event: 43.928 Thread 0x0000028d6269edf0 Exception <a 'java/lang/NoSuchMethodError'{0x000000008db952e8}: 'java.lang.Object java.lang.invoke.DirectMethodHandle$Holder.invokeSpecial(java.lang.Object, java.lang.Object, int, java.lang.Object, java.lang.Object)'> (0x000000008db952e8) 
thrown [s\src\hotspot\share\interpreter\linkResolver.cpp, line 771]
Event: 44.042 Thread 0x0000028d6269edf0 Exception <a 'java/lang/NoSuchMethodError'{0x000000008d93e2b0}: 'void java.lang.invoke.DirectMethodHandle$Holder.invokeStatic(java.lang.Object, java.lang.Object, java.lang.Object, java.lang.Object, java.lang.Object, java.lang.Object, java.lang.Object, java.lang.Object)'> (0x000000008d93e2b0) 
thrown [s\src\hotspot\share\interpreter\linkResolver.cpp, line 771]

VM Operations (20 events):
Event: 42.519 Executing VM operation: HandshakeAllThreads done
Event: 42.791 Executing VM operation: G1CollectForAllocation
Event: 42.871 Executing VM operation: G1CollectForAllocation done
Event: 43.425 Executing VM operation: HandshakeAllThreads
Event: 43.425 Executing VM operation: HandshakeAllThreads done
Event: 43.439 Executing VM operation: HandshakeAllThreads
Event: 43.440 Executing VM operation: HandshakeAllThreads done
Event: 43.458 Executing VM operation: G1CollectForAllocation
Event: 43.530 Executing VM operation: G1CollectForAllocation done
Event: 43.542 Executing VM operation: HandshakeAllThreads
Event: 43.542 Executing VM operation: HandshakeAllThreads done
Event: 43.598 Executing VM operation: HandshakeAllThreads
Event: 43.598 Executing VM operation: HandshakeAllThreads done
Event: 43.879 Executing VM operation: HandshakeAllThreads
Event: 43.879 Executing VM operation: HandshakeAllThreads done
Event: 44.060 Executing VM operation: HandshakeAllThreads
Event: 44.060 Executing VM operation: HandshakeAllThreads done
Event: 44.174 Executing VM operation: G1CollectForAllocation
Event: 44.199 Executing VM operation: G1CollectForAllocation done
Event: 44.720 Executing VM operation: G1CollectForAllocation

Events (20 events):
Event: 41.800 loading class java/lang/reflect/GenericSignatureFormatError
Event: 41.800 loading class java/lang/reflect/GenericSignatureFormatError done
Event: 41.831 loading class java/util/AbstractList$RandomAccessSubList
Event: 41.832 loading class java/util/AbstractList$SubList
Event: 41.832 loading class java/util/AbstractList$SubList done
Event: 41.832 loading class java/util/AbstractList$RandomAccessSubList done
Event: 41.833 loading class java/util/AbstractList$SubList$1
Event: 41.833 loading class java/util/AbstractList$SubList$1 done
Event: 41.998 loading class java/nio/ShortBuffer
Event: 41.999 loading class java/nio/ShortBuffer done
Event: 41.999 loading class java/nio/HeapShortBuffer
Event: 42.000 loading class java/nio/HeapShortBuffer done
Event: 43.010 loading class java/util/concurrent/ConcurrentLinkedQueue$Itr
Event: 43.010 loading class java/util/concurrent/ConcurrentLinkedQueue$Itr done
Event: 43.177 loading class java/util/IdentityHashMap$EntrySet
Event: 43.177 loading class java/util/IdentityHashMap$EntrySet done
Event: 43.211 loading class java/util/concurrent/ForkJoinTask$AdaptedCallable
Event: 43.212 loading class java/util/concurrent/ForkJoinTask$AdaptedCallable done
Event: 43.880 loading class java/util/IdentityHashMap$ValueIterator
Event: 43.880 loading class java/util/IdentityHashMap$ValueIterator done


Dynamic libraries:
0x00007ff6e11d0000 - 0x00007ff6e11da000 	C:\Program Files\Android\Android Studio\jbr\bin\java.exe
0x00007ffa97770000 - 0x00007ffa97984000 	C:\Windows\SYSTEM32\ntdll.dll
0x00007ffa96b60000 - 0x00007ffa96c22000 	C:\Windows\System32\KERNEL32.DLL
0x00007ffa94f90000 - 0x00007ffa95333000 	C:\Windows\System32\KERNELBASE.dll
0x00007ffa94df0000 - 0x00007ffa94f01000 	C:\Windows\System32\ucrtbase.dll
0x00007ffa7f870000 - 0x00007ffa7f887000 	C:\Program Files\Android\Android Studio\jbr\bin\jli.dll
0x00007ffa96050000 - 0x00007ffa961fa000 	C:\Windows\System32\USER32.dll
0x00007ffa95520000 - 0x00007ffa95546000 	C:\Windows\System32\win32u.dll
0x00007ffa96b10000 - 0x00007ffa96b39000 	C:\Windows\System32\GDI32.dll
0x00007ffa94cd0000 - 0x00007ffa94de9000 	C:\Windows\System32\gdi32full.dll
0x00007ffa94b70000 - 0x00007ffa94c0a000 	C:\Windows\System32\msvcp_win.dll
0x00007ffa74d00000 - 0x00007ffa74d1b000 	C:\Program Files\Android\Android Studio\jbr\bin\VCRUNTIME140.dll
0x00007ffa806b0000 - 0x00007ffa8093e000 	C:\Windows\WinSxS\amd64_microsoft.windows.common-controls_6595b64144ccf1df_6.0.22621.1635_none_270f70857386168e\COMCTL32.dll
0x00007ffa97680000 - 0x00007ffa97727000 	C:\Windows\System32\msvcrt.dll
0x00007ffa95570000 - 0x00007ffa955a1000 	C:\Windows\System32\IMM32.DLL
0x00007ffa90b10000 - 0x00007ffa90b1c000 	C:\Program Files\Android\Android Studio\jbr\bin\vcruntime140_1.dll
0x00007ffa55d20000 - 0x00007ffa55dad000 	C:\Program Files\Android\Android Studio\jbr\bin\msvcp140.dll
0x00007ffa4c330000 - 0x00007ffa4cf9d000 	C:\Program Files\Android\Android Studio\jbr\bin\server\jvm.dll
0x00007ffa96ce0000 - 0x00007ffa96d8e000 	C:\Windows\System32\ADVAPI32.dll
0x00007ffa96c30000 - 0x00007ffa96cd4000 	C:\Windows\System32\sechost.dll
0x00007ffa95740000 - 0x00007ffa95857000 	C:\Windows\System32\RPCRT4.dll
0x00007ffa84ac0000 - 0x00007ffa84ac9000 	C:\Windows\SYSTEM32\WSOCK32.dll
0x00007ffa96d90000 - 0x00007ffa96e01000 	C:\Windows\System32\WS2_32.dll
0x00007ffa8e1f0000 - 0x00007ffa8e224000 	C:\Windows\SYSTEM32\WINMM.dll
0x00007ffa8cfe0000 - 0x00007ffa8cfea000 	C:\Windows\SYSTEM32\VERSION.dll
0x00007ffa93c60000 - 0x00007ffa93c78000 	C:\Windows\SYSTEM32\kernel.appcore.dll
0x00007ffa90b30000 - 0x00007ffa90b3a000 	C:\Program Files\Android\Android Studio\jbr\bin\jimage.dll
0x00007ffa926b0000 - 0x00007ffa928de000 	C:\Windows\SYSTEM32\DBGHELP.DLL
0x00007ffa96f00000 - 0x00007ffa97289000 	C:\Windows\System32\combase.dll
0x00007ffa955b0000 - 0x00007ffa95687000 	C:\Windows\System32\OLEAUT32.dll
0x00007ffa866e0000 - 0x00007ffa86712000 	C:\Windows\SYSTEM32\dbgcore.DLL
0x00007ffa94f10000 - 0x00007ffa94f8a000 	C:\Windows\System32\bcryptPrimitives.dll
0x00007ffa8a170000 - 0x00007ffa8a195000 	C:\Program Files\Android\Android Studio\jbr\bin\java.dll
0x00007ffa85c30000 - 0x00007ffa85c48000 	C:\Program Files\Android\Android Studio\jbr\bin\zip.dll
0x00007ffa96200000 - 0x00007ffa969f9000 	C:\Windows\System32\SHELL32.dll
0x00007ffa92b20000 - 0x00007ffa933ee000 	C:\Windows\SYSTEM32\windows.storage.dll
0x00007ffa929e0000 - 0x00007ffa92b1e000 	C:\Windows\SYSTEM32\wintypes.dll
0x00007ffa96a10000 - 0x00007ffa96b01000 	C:\Windows\System32\SHCORE.dll
0x00007ffa97290000 - 0x00007ffa972ee000 	C:\Windows\System32\shlwapi.dll
0x00007ffa94aa0000 - 0x00007ffa94ac6000 	C:\Windows\SYSTEM32\profapi.dll
0x00007ffa842b0000 - 0x00007ffa842c9000 	C:\Program Files\Android\Android Studio\jbr\bin\net.dll
0x00007ffa8d0e0000 - 0x00007ffa8d217000 	C:\Windows\SYSTEM32\WINHTTP.dll
0x00007ffa940d0000 - 0x00007ffa94139000 	C:\Windows\system32\mswsock.dll
0x00007ffa84290000 - 0x00007ffa842a6000 	C:\Program Files\Android\Android Studio\jbr\bin\nio.dll
0x00007ffa86000000 - 0x00007ffa86010000 	C:\Program Files\Android\Android Studio\jbr\bin\verify.dll
0x00007ffa7f9d0000 - 0x00007ffa7f9f7000 	C:\Users\henry\.gradle\native\68d5fa5c4cc2d200863cafc0d521ce42e7d3e7ee720ec0a83991735586a16f82\windows-amd64\native-platform.dll
0x00007ffa545e0000 - 0x00007ffa54724000 	C:\Users\henry\.gradle\native\e376f236ea51e6404a007f0833ffe2c6e607c4080706a723a18a27aeea778392\windows-amd64\native-platform-file-events.dll
0x00007ffa90ad0000 - 0x00007ffa90ad9000 	C:\Program Files\Android\Android Studio\jbr\bin\management.dll
0x00007ffa86170000 - 0x00007ffa8617b000 	C:\Program Files\Android\Android Studio\jbr\bin\management_ext.dll
0x00007ffa96a00000 - 0x00007ffa96a08000 	C:\Windows\System32\PSAPI.DLL
0x00007ffa943f0000 - 0x00007ffa9440b000 	C:\Windows\SYSTEM32\CRYPTSP.dll
0x00007ffa93bd0000 - 0x00007ffa93c05000 	C:\Windows\system32\rsaenh.dll
0x00007ffa94170000 - 0x00007ffa9419c000 	C:\Windows\SYSTEM32\USERENV.dll
0x00007ffa94540000 - 0x00007ffa94568000 	C:\Windows\SYSTEM32\bcrypt.dll
0x00007ffa943d0000 - 0x00007ffa943dc000 	C:\Windows\SYSTEM32\CRYPTBASE.dll
0x00007ffa936c0000 - 0x00007ffa936ed000 	C:\Windows\SYSTEM32\IPHLPAPI.DLL
0x00007ffa95550000 - 0x00007ffa95559000 	C:\Windows\System32\NSI.dll
0x00007ffa8e1b0000 - 0x00007ffa8e1c9000 	C:\Windows\SYSTEM32\dhcpcsvc6.DLL
0x00007ffa8cf70000 - 0x00007ffa8cf8f000 	C:\Windows\SYSTEM32\dhcpcsvc.DLL
0x00007ffa93730000 - 0x00007ffa93823000 	C:\Windows\SYSTEM32\DNSAPI.dll
0x00007ffa3f5a0000 - 0x00007ffa3f5a8000 	C:\Windows\system32\wshunix.dll

dbghelp: loaded successfully - version: 4.0.5 - missing functions: none
symbol engine: initialized successfully - sym options: 0x614 - pdb path: .;C:\Program Files\Android\Android Studio\jbr\bin;C:\Windows\SYSTEM32;C:\Windows\WinSxS\amd64_microsoft.windows.common-controls_6595b64144ccf1df_6.0.22621.1635_none_270f70857386168e;C:\Program Files\Android\Android Studio\jbr\bin\server;C:\Users\henry\.gradle\native\68d5fa5c4cc2d200863cafc0d521ce42e7d3e7ee720ec0a83991735586a16f82\windows-amd64;C:\Users\henry\.gradle\native\e376f236ea51e6404a007f0833ffe2c6e607c4080706a723a18a27aeea778392\windows-amd64

VM Arguments:
jvm_args: --add-opens=java.base/java.util=ALL-UNNAMED --add-opens=java.base/java.lang=ALL-UNNAMED --add-opens=java.base/java.lang.invoke=ALL-UNNAMED --add-opens=java.prefs/java.util.prefs=ALL-UNNAMED --add-opens=java.base/java.nio.charset=ALL-UNNAMED --add-opens=java.base/java.net=ALL-UNNAMED --add-opens=java.base/java.util.concurrent.atomic=ALL-UNNAMED -Xmx2048m -Dfile.encoding=UTF-8 -Duser.country=US -Duser.language=en -Duser.variant 
java_command: org.gradle.launcher.daemon.bootstrap.GradleDaemon 8.0
java_class_path (initial): C:\Users\henry\.gradle\wrapper\dists\gradle-8.0-bin\ca5e32bp14vu59qr306oxotwh\gradle-8.0\lib\gradle-launcher-8.0.jar
Launcher Type: SUN_STANDARD

[Global flags]
     intx CICompilerCount                          = 3                                         {product} {ergonomic}
     uint ConcGCThreads                            = 1                                         {product} {ergonomic}
     uint G1ConcRefinementThreads                  = 4                                         {product} {ergonomic}
   size_t G1HeapRegionSize                         = 1048576                                   {product} {ergonomic}
    uintx GCDrainStackTargetSize                   = 64                                        {product} {ergonomic}
   size_t InitialHeapSize                          = 134217728                                 {product} {ergonomic}
   size_t MarkStackSize                            = 4194304                                   {product} {ergonomic}
   size_t MaxHeapSize                              = 2147483648                                {product} {command line}
   size_t MaxNewSize                               = 1287651328                                {product} {ergonomic}
   size_t MinHeapDeltaBytes                        = 1048576                                   {product} {ergonomic}
   size_t MinHeapSize                              = 8388608                                   {product} {ergonomic}
    uintx NonNMethodCodeHeapSize                   = 5832780                                {pd product} {ergonomic}
    uintx NonProfiledCodeHeapSize                  = 122912730                              {pd product} {ergonomic}
    uintx ProfiledCodeHeapSize                     = 122912730                              {pd product} {ergonomic}
    uintx ReservedCodeCacheSize                    = 251658240                              {pd product} {ergonomic}
     bool SegmentedCodeCache                       = true                                      {product} {ergonomic}
   size_t SoftMaxHeapSize                          = 2147483648                             {manageable} {ergonomic}
     bool UseCompressedClassPointers               = true                           {product lp64_product} {ergonomic}
     bool UseCompressedOops                        = true                           {product lp64_product} {ergonomic}
     bool UseG1GC                                  = true                                      {product} {ergonomic}
     bool UseLargePagesIndividualAllocation        = false                                  {pd product} {ergonomic}

Logging:
Log output configuration:
 #0: stdout all=warning uptime,level,tags
 #1: stderr all=off uptime,level,tags

Environment Variables:
PATH=C:\Program Files\Common Files\Oracle\Java\javapath;C:\Program Files (x86)\Common Files\Oracle\Java\javapath;C:\Windows\system32;C:\Windows;C:\Windows\System32\Wbem;C:\Windows\System32\WindowsPowerShell\v1.0\;C:\Windows\System32\OpenSSH\;C:\Program Files\dotnet\;C:\Program Files (x86)\Intel\Intel(R) Management Engine Components\DAL;C:\Program Files\Intel\Intel(R) Management Engine Components\DAL;C:\Program Files\Git\cmd;C:\Program Files\nodejs\;C:\Program Files\swipl\bin;C:\ProgramData\ComposerSetup\bin;C:\xampp\php;C:\PHP;C:\Users\henry\AppData\Local\Programs\Python\Python311\Scripts\;C:\Users\henry\AppData\Local\Programs\Python\Python311\;C:\Program Files\MySQL\MySQL Shell 8.0\bin\;C:\Users\henry\AppData\Local\Microsoft\WindowsApps;C:\ProgramData\henry\GitHubDesktop\bin;C:\Program Files\JetBrains\PyCharm Community Edition 2022.2.3\bin;C:\Program Files\JetBrains\PyCharm 2022.3.2\bin;C:\Users\henry\AppData\Roaming\npm;C:\Users\henry\AppData\Local\spicetify;C:\Program Files\Java\jdk-19\bin;C:\Users\henry\AppData\Local\Programs\Microsoft VS Code\bin;C:\Users\henry\AppData\Roaming\Composer\vendor\bin
USERNAME=henry
OS=Windows_NT
PROCESSOR_IDENTIFIER=Intel64 Family 6 Model 142 Stepping 10, GenuineIntel
TMP=C:\Users\henry\AppData\Local\Temp
TEMP=C:\Users\henry\AppData\Local\Temp



---------------  S Y S T E M  ---------------

OS:
 Windows 11 , 64 bit Build 22621 (10.0.22621.1928)
OS uptime: 3 days 20:48 hours
Hyper-V role detected

CPU: total 4 (initial active 4) (4 cores per cpu, 2 threads per core) family 6 model 142 stepping 10 microcode 0xf0, cx8, cmov, fxsr, ht, mmx, 3dnowpref, sse, sse2, sse3, ssse3, sse4.1, sse4.2, popcnt, lzcnt, tsc, tscinvbit, avx, avx2, aes, erms, clmul, bmi1, bmi2, adx, fma, vzeroupper, clflush, clflushopt, hv

Memory: 4k page, system-wide physical 8086M (271M free)
TotalPageFile size 19461M (AvailPageFile size 175M)
current process WorkingSet (physical memory assigned to process): 496M, peak: 499M
current process commit charge ("private bytes"): 526M, peak: 757M

vm_info: OpenJDK 64-Bit Server VM (17.0.6+0-b2043.56-9586694) for windows-amd64 JRE (17.0.6+0-b2043.56-9586694), built on Feb  9 2023 20:06:20 by "androidbuild" with MS VC++ 16.10 / 16.11 (VS2019)

END.
