#
# There is insufficient memory for the Java Runtime Environment to continue.
# Native memory allocation (mmap) failed to map 203423744 bytes for G1 virtual space
# Possible reasons:
#   The system is out of physical RAM or swap space
#   The process is running with CompressedOops enabled, and the Java Heap may be blocking the growth of the native heap
# Possible solutions:
#   Reduce memory load on the system
#   Increase physical memory or swap space
#   Check if swap backing store is full
#   Decrease Java heap size (-Xmx/-Xms)
#   Decrease number of Java threads
#   Decrease Java thread stack sizes (-Xss)
#   Set larger code cache with -XX:ReservedCodeCacheSize=
#   JVM is running with Unscaled Compressed Oops mode in which the Java heap is
#     placed in the first 4GB address space. The Java Heap base address is the
#     maximum limit for the native heap growth. Please use -XX:HeapBaseMinAddress
#     to set the Java Heap base and to place the Java Heap above 4GB virtual address.
# This output file may be truncated or incomplete.
#
#  Out of Memory Error (os_windows.cpp:3769), pid=15028, tid=8616
#
# JRE version: OpenJDK Runtime Environment (17.0.6) (build 17.0.6+0-b2043.56-9586694)
# Java VM: OpenJDK 64-Bit Server VM (17.0.6+0-b2043.56-9586694, mixed mode, tiered, compressed oops, compressed class ptrs, g1 gc, windows-amd64)
# No core dump will be written. Minidumps are not enabled by default on client versions of Windows
#

---------------  S U M M A R Y ------------

Command Line: --add-opens=java.base/java.util=ALL-UNNAMED --add-opens=java.base/java.lang=ALL-UNNAMED --add-opens=java.base/java.lang.invoke=ALL-UNNAMED --add-opens=java.prefs/java.util.prefs=ALL-UNNAMED --add-opens=java.base/java.nio.charset=ALL-UNNAMED --add-opens=java.base/java.net=ALL-UNNAMED --add-opens=java.base/java.util.concurrent.atomic=ALL-UNNAMED -Xmx2048m -Dfile.encoding=UTF-8 -Duser.country=US -Duser.language=en -Duser.variant org.gradle.launcher.daemon.bootstrap.GradleDaemon 8.0

Host: Intel(R) Core(TM) i5-8250U CPU @ 1.60GHz, 4 cores, 7G,  Windows 11 , 64 bit Build 22621 (10.0.22621.1928)
Time: Sun Jul 23 18:29:47 2023 E. Africa Standard Time elapsed time: 51.950523 seconds (0d 0h 0m 51s)

---------------  T H R E A D  ---------------

Current thread (0x000002407ecf9620):  VMThread "VM Thread" [stack: 0x000000f04d200000,0x000000f04d300000] [id=8616]

Stack: [0x000000f04d200000,0x000000f04d300000]
Native frames: (J=compiled Java code, j=interpreted, Vv=VM code, C=native code)
V  [jvm.dll+0x683b4a]
V  [jvm.dll+0x842654]
V  [jvm.dll+0x843dfe]
V  [jvm.dll+0x844463]
V  [jvm.dll+0x249b75]
V  [jvm.dll+0x680a19]
V  [jvm.dll+0x674f0a]
V  [jvm.dll+0x309acb]
V  [jvm.dll+0x310f86]
V  [jvm.dll+0x3608ee]
V  [jvm.dll+0x360b1f]
V  [jvm.dll+0x2dfbf8]
V  [jvm.dll+0x2ddec4]
V  [jvm.dll+0x2dd4cc]
V  [jvm.dll+0x321f3b]
V  [jvm.dll+0x84893b]
V  [jvm.dll+0x849674]
V  [jvm.dll+0x849b8d]
V  [jvm.dll+0x849f64]
V  [jvm.dll+0x84a030]
V  [jvm.dll+0x7f25fa]
V  [jvm.dll+0x682985]
C  [ucrtbase.dll+0x29363]
C  [KERNEL32.DLL+0x126ad]
C  [ntdll.dll+0x5aa68]

VM_Operation (0x000000f0539fe270): G1CollectForAllocation, mode: safepoint, requested by thread 0x0000024019c1eed0


---------------  P R O C E S S  ---------------

Threads class SMR info:
_java_thread_list=0x0000024015d66540, length=98, elements={
0x0000024078729ad0, 0x000002407ecfc880, 0x000002407ecfdbd0, 0x000002407ed03590,
0x000002407ed2c530, 0x000002407ed2dc90, 0x000002407ed2e640, 0x000002407f82dbd0,
0x000002407f832310, 0x000002407f833cb0, 0x000002407f99c040, 0x000002407f99c510,
0x0000024014537fa0, 0x00000240142b1e50, 0x000002407fb49910, 0x000002407f89a090,
0x000002401470e850, 0x00000240142c7a60, 0x0000024013c605f0, 0x0000024013218480,
0x0000024013c60ac0, 0x000002407f893fe0, 0x000002407f894980, 0x000002407f893640,
0x000002407f892ca0, 0x000002407f8944b0, 0x000002407f893b10, 0x000002407f895320,
0x000002407f894e50, 0x000002407f8957f0, 0x000002407f896190, 0x000002407f896660,
0x0000024013da1be0, 0x0000024013da03d0, 0x0000024013d9dd50, 0x0000024013d9cee0,
0x0000024013d9d880, 0x0000024013d9e220, 0x0000024013d9c070, 0x0000024013da0d70,
0x0000024013d9e6f0, 0x0000024013da2f20, 0x0000024013d9c540, 0x0000024013d9ebc0,
0x0000024013d9f560, 0x0000024013d9ca10, 0x0000024013d9f090, 0x0000024013da1240,
0x0000024013d9fa30, 0x0000024013da1710, 0x0000024013d9ff00, 0x0000024013da2580,
0x0000024013da2a50, 0x0000024013da33f0, 0x0000024013da38c0, 0x0000024015eec4b0,
0x0000024015eec980, 0x0000024015eeeb30, 0x0000024015eee660, 0x0000024015eebfe0,
0x0000024015eef9a0, 0x0000024015eece50, 0x0000024015eef000, 0x0000024015eef4d0,
0x0000024015eed320, 0x0000024015eed7f0, 0x0000024015eedcc0, 0x0000024015eee190,
0x0000024013c55fb0, 0x0000024013c577c0, 0x0000024013c52ac0, 0x0000024013c58630,
0x0000024013c52f90, 0x0000024013c53e00, 0x0000024013c58fd0, 0x0000024013c56950,
0x0000024013c54c70, 0x0000024013c542d0, 0x0000024013c55140, 0x0000024013c547a0,
0x0000024013c55610, 0x0000024013c57c90, 0x0000024013c55ae0, 0x0000024013c58b00,
0x0000024013c58160, 0x0000024013c56480, 0x0000024014690600, 0x0000024019c1f870,
0x0000024014691470, 0x000002401a287e10, 0x0000024014690ad0, 0x0000024013c572f0,
0x000002401c4bf830, 0x00000240145bf620, 0x0000024019c1eed0, 0x000002401c4c0b70,
0x0000024019c1e530, 0x0000024014690fa0
}

Java Threads: ( => current thread )
  0x0000024078729ad0 JavaThread "main" [_thread_blocked, id=16572, stack(0x000000f04cc00000,0x000000f04cd00000)]
  0x000002407ecfc880 JavaThread "Reference Handler" daemon [_thread_blocked, id=10928, stack(0x000000f04d300000,0x000000f04d400000)]
  0x000002407ecfdbd0 JavaThread "Finalizer" daemon [_thread_blocked, id=14488, stack(0x000000f04d400000,0x000000f04d500000)]
  0x000002407ed03590 JavaThread "Signal Dispatcher" daemon [_thread_blocked, id=18560, stack(0x000000f04d500000,0x000000f04d600000)]
  0x000002407ed2c530 JavaThread "Attach Listener" daemon [_thread_blocked, id=19460, stack(0x000000f04d600000,0x000000f04d700000)]
  0x000002407ed2dc90 JavaThread "Service Thread" daemon [_thread_blocked, id=2756, stack(0x000000f04d700000,0x000000f04d800000)]
  0x000002407ed2e640 JavaThread "Monitor Deflation Thread" daemon [_thread_blocked, id=19948, stack(0x000000f04d800000,0x000000f04d900000)]
  0x000002407f82dbd0 JavaThread "C2 CompilerThread0" daemon [_thread_in_native, id=20220, stack(0x000000f04d900000,0x000000f04da00000)]
  0x000002407f832310 JavaThread "C1 CompilerThread0" daemon [_thread_blocked, id=1636, stack(0x000000f04da00000,0x000000f04db00000)]
  0x000002407f833cb0 JavaThread "Sweeper thread" daemon [_thread_blocked, id=20424, stack(0x000000f04db00000,0x000000f04dc00000)]
  0x000002407f99c040 JavaThread "Common-Cleaner" daemon [_thread_blocked, id=10560, stack(0x000000f04dc00000,0x000000f04dd00000)]
  0x000002407f99c510 JavaThread "Notification Thread" daemon [_thread_blocked, id=15140, stack(0x000000f04dd00000,0x000000f04de00000)]
  0x0000024014537fa0 JavaThread "Daemon health stats" [_thread_blocked, id=17904, stack(0x000000f04e200000,0x000000f04e300000)]
  0x00000240142b1e50 JavaThread "Incoming local TCP Connector on port 51442" [_thread_in_native, id=10080, stack(0x000000f04e300000,0x000000f04e400000)]
  0x000002407fb49910 JavaThread "Daemon periodic checks" [_thread_blocked, id=560, stack(0x000000f04e400000,0x000000f04e500000)]
  0x000002407f89a090 JavaThread "Daemon" [_thread_blocked, id=9600, stack(0x000000f04e500000,0x000000f04e600000)]
  0x000002401470e850 JavaThread "Handler for socket connection from /127.0.0.1:51442 to /127.0.0.1:51444" [_thread_in_native, id=5060, stack(0x000000f04e600000,0x000000f04e700000)]
  0x00000240142c7a60 JavaThread "Cancel handler" [_thread_blocked, id=2096, stack(0x000000f04e700000,0x000000f04e800000)]
  0x0000024013c605f0 JavaThread "Daemon worker" [_thread_blocked, id=8220, stack(0x000000f04e800000,0x000000f04e900000)]
  0x0000024013218480 JavaThread "Asynchronous log dispatcher for DefaultDaemonConnection: socket connection from /127.0.0.1:51442 to /127.0.0.1:51444" [_thread_blocked, id=4920, stack(0x000000f04e900000,0x000000f04ea00000)]
  0x0000024013c60ac0 JavaThread "Stdin handler" [_thread_blocked, id=10352, stack(0x000000f04ea00000,0x000000f04eb00000)]
  0x000002407f893fe0 JavaThread "Daemon client event forwarder" [_thread_blocked, id=13172, stack(0x000000f04eb00000,0x000000f04ec00000)]
  0x000002407f894980 JavaThread "Cache worker for journal cache (C:\Users\henry\.gradle\caches\journal-1)" [_thread_blocked, id=19584, stack(0x000000f04ec00000,0x000000f04ed00000)]
  0x000002407f893640 JavaThread "File lock request listener" [_thread_in_native, id=6000, stack(0x000000f04ed00000,0x000000f04ee00000)]
  0x000002407f892ca0 JavaThread "Cache worker for file hash cache (C:\Users\henry\.gradle\caches\8.0\fileHashes)" [_thread_blocked, id=11072, stack(0x000000f04ee00000,0x000000f04ef00000)]
  0x000002407f8944b0 JavaThread "File watcher server" daemon [_thread_blocked, id=19244, stack(0x000000f04ef00000,0x000000f04f000000)]
  0x000002407f893b10 JavaThread "File watcher consumer" daemon [_thread_blocked, id=18916, stack(0x000000f04f000000,0x000000f04f100000)]
  0x000002407f895320 JavaThread "Cache worker for checksums cache (D:\CS notes\Calc\.gradle\8.0\checksums)" [_thread_blocked, id=10740, stack(0x000000f04f100000,0x000000f04f200000)]
  0x000002407f894e50 JavaThread "Cache worker for cache directory md-rule (C:\Users\henry\.gradle\caches\8.0\md-rule)" [_thread_blocked, id=19144, stack(0x000000f04f200000,0x000000f04f300000)]
  0x000002407f8957f0 JavaThread "Cache worker for file content cache (C:\Users\henry\.gradle\caches\8.0\fileContent)" [_thread_blocked, id=18848, stack(0x000000f04f300000,0x000000f04f400000)]
  0x000002407f896190 JavaThread "Cache worker for file hash cache (D:\CS notes\Calc\.gradle\8.0\fileHashes)" [_thread_blocked, id=14484, stack(0x000000f04f400000,0x000000f04f500000)]
  0x000002407f896660 JavaThread "Cache worker for cache directory md-supplier (C:\Users\henry\.gradle\caches\8.0\md-supplier)" [_thread_blocked, id=16032, stack(0x000000f04f500000,0x000000f04f600000)]
  0x0000024013da1be0 JavaThread "Cache worker for execution history cache (C:\Users\henry\.gradle\caches\8.0\executionHistory)" [_thread_blocked, id=6400, stack(0x000000f04f600000,0x000000f04f700000)]
  0x0000024013da03d0 JavaThread "jar transforms" [_thread_blocked, id=15852, stack(0x000000f04f700000,0x000000f04f800000)]
  0x0000024013d9dd50 JavaThread "jar transforms Thread 2" [_thread_blocked, id=5544, stack(0x000000f04f800000,0x000000f04f900000)]
  0x0000024013d9cee0 JavaThread "jar transforms Thread 3" [_thread_blocked, id=16136, stack(0x000000f04f900000,0x000000f04fa00000)]
  0x0000024013d9d880 JavaThread "jar transforms Thread 4" [_thread_blocked, id=7404, stack(0x000000f04fa00000,0x000000f04fb00000)]
  0x0000024013d9e220 JavaThread "Cache worker for dependencies-accessors (D:\CS notes\Calc\.gradle\8.0\dependencies-accessors)" [_thread_blocked, id=15100, stack(0x000000f04fb00000,0x000000f04fc00000)]
  0x0000024013d9c070 JavaThread "Cache worker for Build Output Cleanup Cache (D:\CS notes\Calc\.gradle\buildOutputCleanup)" [_thread_blocked, id=13644, stack(0x000000f04fc00000,0x000000f04fd00000)]
  0x0000024013da0d70 JavaThread "Unconstrained build operations" [_thread_blocked, id=20348, stack(0x000000f04fd00000,0x000000f04fe00000)]
  0x0000024013d9e6f0 JavaThread "Unconstrained build operations Thread 2" [_thread_blocked, id=4104, stack(0x000000f04fe00000,0x000000f04ff00000)]
  0x0000024013da2f20 JavaThread "Unconstrained build operations Thread 3" [_thread_blocked, id=8040, stack(0x000000f04ff00000,0x000000f050000000)]
  0x0000024013d9c540 JavaThread "Unconstrained build operations Thread 4" [_thread_blocked, id=13652, stack(0x000000f050000000,0x000000f050100000)]
  0x0000024013d9ebc0 JavaThread "Unconstrained build operations Thread 5" [_thread_blocked, id=3900, stack(0x000000f050100000,0x000000f050200000)]
  0x0000024013d9f560 JavaThread "Unconstrained build operations Thread 6" [_thread_blocked, id=12760, stack(0x000000f050200000,0x000000f050300000)]
  0x0000024013d9ca10 JavaThread "Unconstrained build operations Thread 7" [_thread_blocked, id=6484, stack(0x000000f050300000,0x000000f050400000)]
  0x0000024013d9f090 JavaThread "Unconstrained build operations Thread 8" [_thread_blocked, id=13584, stack(0x000000f050400000,0x000000f050500000)]
  0x0000024013da1240 JavaThread "Unconstrained build operations Thread 9" [_thread_blocked, id=18452, stack(0x000000f050500000,0x000000f050600000)]
  0x0000024013d9fa30 JavaThread "Unconstrained build operations Thread 10" [_thread_blocked, id=16788, stack(0x000000f050600000,0x000000f050700000)]
  0x0000024013da1710 JavaThread "Unconstrained build operations Thread 11" [_thread_blocked, id=15200, stack(0x000000f050700000,0x000000f050800000)]
  0x0000024013d9ff00 JavaThread "Unconstrained build operations Thread 12" [_thread_blocked, id=14800, stack(0x000000f050800000,0x000000f050900000)]
  0x0000024013da2580 JavaThread "Unconstrained build operations Thread 13" [_thread_blocked, id=10464, stack(0x000000f050900000,0x000000f050a00000)]
  0x0000024013da2a50 JavaThread "Unconstrained build operations Thread 14" [_thread_blocked, id=7528, stack(0x000000f050a00000,0x000000f050b00000)]
  0x0000024013da33f0 JavaThread "Unconstrained build operations Thread 15" [_thread_blocked, id=12116, stack(0x000000f050b00000,0x000000f050c00000)]
  0x0000024013da38c0 JavaThread "Unconstrained build operations Thread 16" [_thread_blocked, id=17724, stack(0x000000f050c00000,0x000000f050d00000)]
  0x0000024015eec4b0 JavaThread "Unconstrained build operations Thread 17" [_thread_blocked, id=19000, stack(0x000000f050d00000,0x000000f050e00000)]
  0x0000024015eec980 JavaThread "Unconstrained build operations Thread 18" [_thread_blocked, id=8508, stack(0x000000f050e00000,0x000000f050f00000)]
  0x0000024015eeeb30 JavaThread "Unconstrained build operations Thread 19" [_thread_blocked, id=13292, stack(0x000000f050f00000,0x000000f051000000)]
  0x0000024015eee660 JavaThread "Unconstrained build operations Thread 20" [_thread_blocked, id=9444, stack(0x000000f051000000,0x000000f051100000)]
  0x0000024015eebfe0 JavaThread "Unconstrained build operations Thread 21" [_thread_blocked, id=1128, stack(0x000000f051100000,0x000000f051200000)]
  0x0000024015eef9a0 JavaThread "Unconstrained build operations Thread 22" [_thread_blocked, id=11424, stack(0x000000f051200000,0x000000f051300000)]
  0x0000024015eece50 JavaThread "Unconstrained build operations Thread 23" [_thread_blocked, id=19716, stack(0x000000f051300000,0x000000f051400000)]
  0x0000024015eef000 JavaThread "Unconstrained build operations Thread 24" [_thread_blocked, id=6212, stack(0x000000f051400000,0x000000f051500000)]
  0x0000024015eef4d0 JavaThread "Unconstrained build operations Thread 25" [_thread_blocked, id=16296, stack(0x000000f051500000,0x000000f051600000)]
  0x0000024015eed320 JavaThread "Unconstrained build operations Thread 26" [_thread_blocked, id=1724, stack(0x000000f051600000,0x000000f051700000)]
  0x0000024015eed7f0 JavaThread "Unconstrained build operations Thread 27" [_thread_blocked, id=19372, stack(0x000000f051700000,0x000000f051800000)]
  0x0000024015eedcc0 JavaThread "Unconstrained build operations Thread 28" [_thread_blocked, id=4940, stack(0x000000f051800000,0x000000f051900000)]
  0x0000024015eee190 JavaThread "Unconstrained build operations Thread 29" [_thread_blocked, id=18844, stack(0x000000f051900000,0x000000f051a00000)]
  0x0000024013c55fb0 JavaThread "Unconstrained build operations Thread 30" [_thread_blocked, id=3388, stack(0x000000f051a00000,0x000000f051b00000)]
  0x0000024013c577c0 JavaThread "Unconstrained build operations Thread 31" [_thread_blocked, id=19792, stack(0x000000f051b00000,0x000000f051c00000)]
  0x0000024013c52ac0 JavaThread "Unconstrained build operations Thread 32" [_thread_blocked, id=16028, stack(0x000000f051c00000,0x000000f051d00000)]
  0x0000024013c58630 JavaThread "Unconstrained build operations Thread 33" [_thread_blocked, id=10700, stack(0x000000f051d00000,0x000000f051e00000)]
  0x0000024013c52f90 JavaThread "Unconstrained build operations Thread 34" [_thread_blocked, id=2008, stack(0x000000f051e00000,0x000000f051f00000)]
  0x0000024013c53e00 JavaThread "Unconstrained build operations Thread 35" [_thread_blocked, id=1156, stack(0x000000f051f00000,0x000000f052000000)]
  0x0000024013c58fd0 JavaThread "Unconstrained build operations Thread 36" [_thread_blocked, id=9184, stack(0x000000f052000000,0x000000f052100000)]
  0x0000024013c56950 JavaThread "Unconstrained build operations Thread 37" [_thread_blocked, id=4748, stack(0x000000f052100000,0x000000f052200000)]
  0x0000024013c54c70 JavaThread "Unconstrained build operations Thread 38" [_thread_blocked, id=10864, stack(0x000000f052200000,0x000000f052300000)]
  0x0000024013c542d0 JavaThread "Unconstrained build operations Thread 39" [_thread_blocked, id=20356, stack(0x000000f052300000,0x000000f052400000)]
  0x0000024013c55140 JavaThread "Unconstrained build operations Thread 40" [_thread_blocked, id=18524, stack(0x000000f052400000,0x000000f052500000)]
  0x0000024013c547a0 JavaThread "build event listener" [_thread_blocked, id=6364, stack(0x000000f052500000,0x000000f052600000)]
  0x0000024013c55610 JavaThread "Memory manager" [_thread_blocked, id=17564, stack(0x000000f052600000,0x000000f052700000)]
  0x0000024013c57c90 JavaThread "included builds" [_thread_blocked, id=9696, stack(0x000000f052700000,0x000000f052800000)]
  0x0000024013c55ae0 JavaThread "Execution worker" [_thread_blocked, id=19288, stack(0x000000f052800000,0x000000f052900000)]
  0x0000024013c58b00 JavaThread "Execution worker Thread 2" [_thread_blocked, id=13240, stack(0x000000f052900000,0x000000f052a00000)]
  0x0000024013c58160 JavaThread "Execution worker Thread 3" [_thread_blocked, id=12532, stack(0x000000f052a00000,0x000000f052b00000)]
  0x0000024013c56480 JavaThread "Cache worker for execution history cache (D:\CS notes\Calc\.gradle\8.0\executionHistory)" [_thread_blocked, id=5636, stack(0x000000f052b00000,0x000000f052c00000)]
  0x0000024014690600 JavaThread "WorkerExecutor Queue" [_thread_blocked, id=9508, stack(0x000000f052f00000,0x000000f053000000)]
  0x0000024019c1f870 JavaThread "WorkerExecutor Queue Thread 2" [_thread_blocked, id=9436, stack(0x000000f053000000,0x000000f053100000)]
  0x0000024014691470 JavaThread "WorkerExecutor Queue Thread 3" [_thread_blocked, id=6692, stack(0x000000f053100000,0x000000f053200000)]
  0x000002401a287e10 JavaThread "WorkerExecutor Queue Thread 4" [_thread_blocked, id=1572, stack(0x000000f053200000,0x000000f053300000)]
  0x0000024014690ad0 JavaThread "pool-3-thread-1" [_thread_blocked, id=7560, stack(0x000000f053300000,0x000000f053400000)]
  0x0000024013c572f0 JavaThread "stderr" [_thread_in_native, id=12832, stack(0x000000f053400000,0x000000f053500000)]
  0x000002401c4bf830 JavaThread "stdout" [_thread_in_native, id=2100, stack(0x000000f053500000,0x000000f053600000)]
  0x00000240145bf620 JavaThread "C2 CompilerThread1" daemon [_thread_blocked, id=2844, stack(0x000000f053600000,0x000000f053700000)]
  0x0000024019c1eed0 JavaThread "ForkJoinPool-1-worker-1" daemon [_thread_blocked, id=13092, stack(0x000000f053900000,0x000000f053a00000)]
  0x000002401c4c0b70 JavaThread "ForkJoinPool-1-worker-2" daemon [_thread_blocked, id=15660, stack(0x000000f053a00000,0x000000f053b00000)]
  0x0000024019c1e530 JavaThread "ForkJoinPool-1-worker-3" daemon [_thread_blocked, id=16632, stack(0x000000f053b00000,0x000000f053c00000)]
  0x0000024014690fa0 JavaThread "ForkJoinPool-1-worker-4" daemon [_thread_blocked, id=8580, stack(0x000000f053c00000,0x000000f053d00000)]

Other Threads:
=>0x000002407ecf9620 VMThread "VM Thread" [stack: 0x000000f04d200000,0x000000f04d300000] [id=8616]
  0x00000240787a2b30 WatcherThread [stack: 0x000000f04de00000,0x000000f04df00000] [id=2956]
  0x0000024078784fb0 GCTaskThread "GC Thread#0" [stack: 0x000000f04cd00000,0x000000f04ce00000] [id=8948]
  0x000002407fbb59a0 GCTaskThread "GC Thread#1" [stack: 0x000000f04df00000,0x000000f04e000000] [id=1216]
  0x000002407fbab0a0 GCTaskThread "GC Thread#2" [stack: 0x000000f04e000000,0x000000f04e100000] [id=1384]
  0x00000240137bb010 GCTaskThread "GC Thread#3" [stack: 0x000000f04e100000,0x000000f04e200000] [id=6828]
  0x0000024078796050 ConcurrentGCThread "G1 Main Marker" [stack: 0x000000f04ce00000,0x000000f04cf00000] [id=14604]
  0x0000024078797200 ConcurrentGCThread "G1 Conc#0" [stack: 0x000000f04cf00000,0x000000f04d000000] [id=17124]
  0x000002407eb520b0 ConcurrentGCThread "G1 Refine#0" [stack: 0x000000f04d000000,0x000000f04d100000] [id=14460]
  0x000002401a71f420 ConcurrentGCThread "G1 Refine#1" [stack: 0x000000f052e00000,0x000000f052f00000] [id=11340]
  0x000002401a71c900 ConcurrentGCThread "G1 Refine#2" [stack: 0x000000f053700000,0x000000f053800000] [id=14816]
  0x000002401a71cec0 ConcurrentGCThread "G1 Refine#3" [stack: 0x000000f053800000,0x000000f053900000] [id=5208]
  0x000002407eb53890 ConcurrentGCThread "G1 Service" [stack: 0x000000f04d100000,0x000000f04d200000] [id=13372]

Threads with active compile tasks:
C2 CompilerThread0    52036 13079 %     4       com.android.tools.r8.dex.B::a @ 316 (1030 bytes)
C2 CompilerThread1    52036 13133       4       com.android.tools.r8.dex.B::a (829 bytes)

VM state: at safepoint (normal execution)

VM Mutex/Monitor currently owned by a thread:  ([mutex/lock_event])
[0x0000024078724c20] Threads_lock - owner thread: 0x000002407ecf9620
[0x0000024078724560] Heap_lock - owner thread: 0x0000024019c1eed0

Heap address: 0x0000000080000000, size: 2048 MB, Compressed Oops mode: 32-bit

CDS archive(s) not mapped
Compressed class space mapped at: 0x0000000100000000-0x0000000140000000, reserved size: 1073741824
Narrow klass base: 0x0000000000000000, Narrow klass shift: 3, Narrow klass range: 0x140000000

GC Precious Log:
 CPUs: 4 total, 4 available
 Memory: 8086M
 Large Page Support: Disabled
 NUMA Support: Disabled
 Compressed Oops: Enabled (32-bit)
 Heap Region Size: 1M
 Heap Min Capacity: 8M
 Heap Initial Capacity: 128M
 Heap Max Capacity: 2G
 Pre-touch: Disabled
 Parallel Workers: 4
 Concurrent Workers: 1
 Concurrent Refinement Workers: 4
 Periodic GC: Disabled

Heap:
 garbage-first heap   total 198656K, used 156022K [0x0000000080000000, 0x0000000100000000)
  region size 1024K, 3 young (3072K), 3 survivors (3072K)
 Metaspace       used 103101K, committed 103744K, reserved 1138688K
  class space    used 14085K, committed 14400K, reserved 1048576K

Heap Regions: E=young(eden), S=young(survivor), O=old, HS=humongous(starts), HC=humongous(continues), CS=collection set, F=free, OA=open archive, CA=closed archive, TAMS=top-at-mark-start (previous, next)
|   0|0x0000000080000000, 0x0000000080100000, 0x0000000080100000|100%| O|  |TAMS 0x0000000080100000, 0x0000000080000000| Untracked 
|   1|0x0000000080100000, 0x0000000080200000, 0x0000000080200000|100%| O|  |TAMS 0x0000000080200000, 0x0000000080100000| Untracked 
|   2|0x0000000080200000, 0x0000000080300000, 0x0000000080300000|100%|HS|  |TAMS 0x0000000080300000, 0x0000000080200000| Complete 
|   3|0x0000000080300000, 0x0000000080400000, 0x0000000080400000|100%|HC|  |TAMS 0x0000000080400000, 0x0000000080300000| Complete 
|   4|0x0000000080400000, 0x0000000080500000, 0x0000000080500000|100%|HC|  |TAMS 0x0000000080500000, 0x0000000080400000| Complete 
|   5|0x0000000080500000, 0x0000000080600000, 0x0000000080600000|100%|HC|  |TAMS 0x0000000080600000, 0x0000000080500000| Complete 
|   6|0x0000000080600000, 0x0000000080700000, 0x0000000080700000|100%| O|  |TAMS 0x0000000080700000, 0x0000000080600000| Untracked 
|   7|0x0000000080700000, 0x0000000080800000, 0x0000000080800000|100%| O|  |TAMS 0x0000000080800000, 0x0000000080700000| Untracked 
|   8|0x0000000080800000, 0x0000000080900000, 0x0000000080900000|100%| O|  |TAMS 0x0000000080900000, 0x0000000080800000| Untracked 
|   9|0x0000000080900000, 0x0000000080a00000, 0x0000000080a00000|100%| O|  |TAMS 0x0000000080a00000, 0x0000000080900000| Untracked 
|  10|0x0000000080a00000, 0x0000000080b00000, 0x0000000080b00000|100%| O|  |TAMS 0x0000000080b00000, 0x0000000080a00000| Untracked 
|  11|0x0000000080b00000, 0x0000000080c00000, 0x0000000080c00000|100%| O|  |TAMS 0x0000000080c00000, 0x0000000080b00000| Untracked 
|  12|0x0000000080c00000, 0x0000000080d00000, 0x0000000080d00000|100%| O|  |TAMS 0x0000000080d00000, 0x0000000080c00000| Untracked 
|  13|0x0000000080d00000, 0x0000000080e00000, 0x0000000080e00000|100%| O|  |TAMS 0x0000000080e00000, 0x0000000080d00000| Untracked 
|  14|0x0000000080e00000, 0x0000000080f00000, 0x0000000080f00000|100%| O|  |TAMS 0x0000000080f00000, 0x0000000080e00000| Untracked 
|  15|0x0000000080f00000, 0x0000000081000000, 0x0000000081000000|100%| O|  |TAMS 0x0000000081000000, 0x0000000080f00000| Untracked 
|  16|0x0000000081000000, 0x0000000081100000, 0x0000000081100000|100%| O|  |TAMS 0x0000000081100000, 0x0000000081000000| Untracked 
|  17|0x0000000081100000, 0x0000000081200000, 0x0000000081200000|100%| O|  |TAMS 0x0000000081200000, 0x0000000081100000| Untracked 
|  18|0x0000000081200000, 0x0000000081300000, 0x0000000081300000|100%| O|  |TAMS 0x0000000081300000, 0x0000000081200000| Untracked 
|  19|0x0000000081300000, 0x0000000081400000, 0x0000000081400000|100%| O|  |TAMS 0x0000000081400000, 0x0000000081300000| Untracked 
|  20|0x0000000081400000, 0x0000000081500000, 0x0000000081500000|100%| O|  |TAMS 0x0000000081500000, 0x0000000081400000| Untracked 
|  21|0x0000000081500000, 0x0000000081600000, 0x0000000081600000|100%| O|  |TAMS 0x0000000081600000, 0x0000000081500000| Untracked 
|  22|0x0000000081600000, 0x0000000081700000, 0x0000000081700000|100%| O|  |TAMS 0x0000000081700000, 0x0000000081600000| Untracked 
|  23|0x0000000081700000, 0x0000000081800000, 0x0000000081800000|100%| O|  |TAMS 0x0000000081800000, 0x0000000081700000| Untracked 
|  24|0x0000000081800000, 0x0000000081900000, 0x0000000081900000|100%| O|  |TAMS 0x0000000081900000, 0x0000000081800000| Untracked 
|  25|0x0000000081900000, 0x0000000081a00000, 0x0000000081a00000|100%| O|  |TAMS 0x0000000081a00000, 0x0000000081900000| Untracked 
|  26|0x0000000081a00000, 0x0000000081b00000, 0x0000000081b00000|100%| O|  |TAMS 0x0000000081b00000, 0x0000000081a00000| Untracked 
|  27|0x0000000081b00000, 0x0000000081c00000, 0x0000000081c00000|100%| O|  |TAMS 0x0000000081c00000, 0x0000000081b00000| Untracked 
|  28|0x0000000081c00000, 0x0000000081d00000, 0x0000000081d00000|100%| O|  |TAMS 0x0000000081d00000, 0x0000000081c00000| Untracked 
|  29|0x0000000081d00000, 0x0000000081e00000, 0x0000000081e00000|100%| O|  |TAMS 0x0000000081e00000, 0x0000000081d00000| Untracked 
|  30|0x0000000081e00000, 0x0000000081f00000, 0x0000000081f00000|100%| O|  |TAMS 0x0000000081f00000, 0x0000000081e00000| Untracked 
|  31|0x0000000081f00000, 0x0000000082000000, 0x0000000082000000|100%| O|  |TAMS 0x0000000082000000, 0x0000000081f00000| Untracked 
|  32|0x0000000082000000, 0x0000000082100000, 0x0000000082100000|100%| O|  |TAMS 0x0000000082100000, 0x0000000082000000| Untracked 
|  33|0x0000000082100000, 0x0000000082200000, 0x0000000082200000|100%| O|  |TAMS 0x0000000082200000, 0x0000000082100000| Untracked 
|  34|0x0000000082200000, 0x0000000082300000, 0x0000000082300000|100%|HS|  |TAMS 0x0000000082300000, 0x0000000082200000| Complete 
|  35|0x0000000082300000, 0x0000000082400000, 0x0000000082400000|100%|HS|  |TAMS 0x0000000082400000, 0x0000000082300000| Complete 
|  36|0x0000000082400000, 0x0000000082500000, 0x0000000082500000|100%| O|  |TAMS 0x0000000082500000, 0x0000000082400000| Untracked 
|  37|0x0000000082500000, 0x0000000082600000, 0x0000000082600000|100%|HS|  |TAMS 0x0000000082500000, 0x0000000082500000| Complete 
|  38|0x0000000082600000, 0x0000000082700000, 0x0000000082700000|100%| O|  |TAMS 0x0000000082700000, 0x0000000082600000| Untracked 
|  39|0x0000000082700000, 0x0000000082800000, 0x0000000082800000|100%| O|  |TAMS 0x0000000082800000, 0x0000000082700000| Untracked 
|  40|0x0000000082800000, 0x0000000082900000, 0x0000000082900000|100%| O|  |TAMS 0x0000000082900000, 0x0000000082800000| Untracked 
|  41|0x0000000082900000, 0x0000000082a00000, 0x0000000082a00000|100%| O|  |TAMS 0x0000000082a00000, 0x0000000082900000| Untracked 
|  42|0x0000000082a00000, 0x0000000082b00000, 0x0000000082b00000|100%| O|  |TAMS 0x0000000082b00000, 0x0000000082a00000| Untracked 
|  43|0x0000000082b00000, 0x0000000082c00000, 0x0000000082c00000|100%| O|  |TAMS 0x0000000082c00000, 0x0000000082b00000| Untracked 
|  44|0x0000000082c00000, 0x0000000082d00000, 0x0000000082d00000|100%| O|  |TAMS 0x0000000082d00000, 0x0000000082c00000| Untracked 
|  45|0x0000000082d00000, 0x0000000082e00000, 0x0000000082e00000|100%| O|  |TAMS 0x0000000082e00000, 0x0000000082d00000| Untracked 
|  46|0x0000000082e00000, 0x0000000082f00000, 0x0000000082f00000|100%| O|  |TAMS 0x0000000082f00000, 0x0000000082e00000| Untracked 
|  47|0x0000000082f00000, 0x0000000083000000, 0x0000000083000000|100%| O|  |TAMS 0x0000000083000000, 0x0000000082f00000| Untracked 
|  48|0x0000000083000000, 0x0000000083100000, 0x0000000083100000|100%| O|  |TAMS 0x0000000083100000, 0x0000000083000000| Untracked 
|  49|0x0000000083100000, 0x0000000083200000, 0x0000000083200000|100%| O|  |TAMS 0x0000000083200000, 0x0000000083100000| Untracked 
|  50|0x0000000083200000, 0x0000000083300000, 0x0000000083300000|100%| O|  |TAMS 0x0000000083300000, 0x0000000083200000| Untracked 
|  51|0x0000000083300000, 0x0000000083400000, 0x0000000083400000|100%| O|  |TAMS 0x0000000083400000, 0x0000000083300000| Untracked 
|  52|0x0000000083400000, 0x0000000083500000, 0x0000000083500000|100%| O|  |TAMS 0x0000000083500000, 0x0000000083400000| Untracked 
|  53|0x0000000083500000, 0x0000000083600000, 0x0000000083600000|100%| O|  |TAMS 0x0000000083600000, 0x0000000083500000| Untracked 
|  54|0x0000000083600000, 0x0000000083700000, 0x0000000083700000|100%| O|  |TAMS 0x0000000083700000, 0x0000000083600000| Untracked 
|  55|0x0000000083700000, 0x0000000083800000, 0x0000000083800000|100%| O|  |TAMS 0x0000000083800000, 0x0000000083700000| Untracked 
|  56|0x0000000083800000, 0x0000000083900000, 0x0000000083900000|100%| O|  |TAMS 0x0000000083900000, 0x0000000083800000| Untracked 
|  57|0x0000000083900000, 0x0000000083a00000, 0x0000000083a00000|100%| O|  |TAMS 0x0000000083a00000, 0x0000000083900000| Untracked 
|  58|0x0000000083a00000, 0x0000000083b00000, 0x0000000083b00000|100%| O|  |TAMS 0x0000000083b00000, 0x0000000083a00000| Untracked 
|  59|0x0000000083b00000, 0x0000000083c00000, 0x0000000083c00000|100%| O|  |TAMS 0x0000000083c00000, 0x0000000083b00000| Untracked 
|  60|0x0000000083c00000, 0x0000000083d00000, 0x0000000083d00000|100%| O|  |TAMS 0x0000000083d00000, 0x0000000083c00000| Untracked 
|  61|0x0000000083d00000, 0x0000000083e00000, 0x0000000083e00000|100%| O|  |TAMS 0x0000000083e00000, 0x0000000083d00000| Untracked 
|  62|0x0000000083e00000, 0x0000000083f00000, 0x0000000083f00000|100%| O|  |TAMS 0x0000000083f00000, 0x0000000083e00000| Untracked 
|  63|0x0000000083f00000, 0x0000000084000000, 0x0000000084000000|100%| O|  |TAMS 0x0000000084000000, 0x0000000083f00000| Untracked 
|  64|0x0000000084000000, 0x0000000084100000, 0x0000000084100000|100%| O|  |TAMS 0x0000000084100000, 0x0000000084000000| Untracked 
|  65|0x0000000084100000, 0x0000000084200000, 0x0000000084200000|100%| O|  |TAMS 0x0000000084200000, 0x0000000084100000| Untracked 
|  66|0x0000000084200000, 0x0000000084300000, 0x0000000084300000|100%| O|  |TAMS 0x0000000084300000, 0x0000000084200000| Untracked 
|  67|0x0000000084300000, 0x0000000084400000, 0x0000000084400000|100%| O|  |TAMS 0x0000000084400000, 0x0000000084300000| Untracked 
|  68|0x0000000084400000, 0x0000000084500000, 0x0000000084500000|100%| O|  |TAMS 0x0000000084500000, 0x0000000084400000| Untracked 
|  69|0x0000000084500000, 0x0000000084600000, 0x0000000084600000|100%| O|  |TAMS 0x0000000084600000, 0x0000000084500000| Untracked 
|  70|0x0000000084600000, 0x0000000084700000, 0x0000000084700000|100%| O|  |TAMS 0x0000000084700000, 0x0000000084600000| Untracked 
|  71|0x0000000084700000, 0x0000000084800000, 0x0000000084800000|100%| O|  |TAMS 0x0000000084800000, 0x0000000084700000| Untracked 
|  72|0x0000000084800000, 0x0000000084900000, 0x0000000084900000|100%| O|  |TAMS 0x0000000084900000, 0x0000000084800000| Untracked 
|  73|0x0000000084900000, 0x0000000084a00000, 0x0000000084a00000|100%| O|  |TAMS 0x0000000084a00000, 0x0000000084900000| Untracked 
|  74|0x0000000084a00000, 0x0000000084b00000, 0x0000000084b00000|100%| O|  |TAMS 0x0000000084b00000, 0x0000000084a00000| Untracked 
|  75|0x0000000084b00000, 0x0000000084c00000, 0x0000000084c00000|100%| O|  |TAMS 0x0000000084c00000, 0x0000000084b00000| Untracked 
|  76|0x0000000084c00000, 0x0000000084d00000, 0x0000000084d00000|100%| O|  |TAMS 0x0000000084d00000, 0x0000000084c00000| Untracked 
|  77|0x0000000084d00000, 0x0000000084e00000, 0x0000000084e00000|100%|HS|  |TAMS 0x0000000084d00000, 0x0000000084d00000| Complete 
|  78|0x0000000084e00000, 0x0000000084f00000, 0x0000000084f00000|100%|HS|  |TAMS 0x0000000084e00000, 0x0000000084e00000| Complete 
|  79|0x0000000084f00000, 0x0000000085000000, 0x0000000085000000|100%|HC|  |TAMS 0x0000000084f00000, 0x0000000084f00000| Complete 
|  80|0x0000000085000000, 0x0000000085100000, 0x0000000085100000|100%|HS|  |TAMS 0x0000000085000000, 0x0000000085000000| Complete 
|  81|0x0000000085100000, 0x0000000085200000, 0x0000000085200000|100%|HS|  |TAMS 0x0000000085100000, 0x0000000085100000| Complete 
|  82|0x0000000085200000, 0x0000000085300000, 0x0000000085300000|100%|HS|  |TAMS 0x0000000085200000, 0x0000000085200000| Complete 
|  83|0x0000000085300000, 0x0000000085400000, 0x0000000085400000|100%|HC|  |TAMS 0x0000000085300000, 0x0000000085300000| Complete 
|  84|0x0000000085400000, 0x0000000085500000, 0x0000000085500000|100%| O|  |TAMS 0x0000000085400000, 0x0000000085400000| Untracked 
|  85|0x0000000085500000, 0x0000000085600000, 0x0000000085600000|100%| O|  |TAMS 0x0000000085600000, 0x0000000085500000| Untracked 
|  86|0x0000000085600000, 0x0000000085700000, 0x0000000085700000|100%| O|  |TAMS 0x0000000085700000, 0x0000000085600000| Untracked 
|  87|0x0000000085700000, 0x0000000085800000, 0x0000000085800000|100%| O|  |TAMS 0x0000000085800000, 0x0000000085700000| Untracked 
|  88|0x0000000085800000, 0x0000000085900000, 0x0000000085900000|100%|HS|  |TAMS 0x0000000085800000, 0x0000000085800000| Complete 
|  89|0x0000000085900000, 0x0000000085a00000, 0x0000000085a00000|100%|HC|  |TAMS 0x0000000085900000, 0x0000000085900000| Complete 
|  90|0x0000000085a00000, 0x0000000085b00000, 0x0000000085b00000|100%| O|  |TAMS 0x0000000085b00000, 0x0000000085a00000| Untracked 
|  91|0x0000000085b00000, 0x0000000085c00000, 0x0000000085c00000|100%| O|  |TAMS 0x0000000085c00000, 0x0000000085b00000| Untracked 
|  92|0x0000000085c00000, 0x0000000085d00000, 0x0000000085d00000|100%| O|  |TAMS 0x0000000085cc9600, 0x0000000085c00000| Untracked 
|  93|0x0000000085d00000, 0x0000000085e00000, 0x0000000085e00000|100%|HS|  |TAMS 0x0000000085d00000, 0x0000000085d00000| Complete 
|  94|0x0000000085e00000, 0x0000000085f00000, 0x0000000085f00000|100%|HC|  |TAMS 0x0000000085e00000, 0x0000000085e00000| Complete 
|  95|0x0000000085f00000, 0x0000000086000000, 0x0000000086000000|100%|HC|  |TAMS 0x0000000085f00000, 0x0000000085f00000| Complete 
|  96|0x0000000086000000, 0x0000000086100000, 0x0000000086100000|100%|HS|  |TAMS 0x0000000086000000, 0x0000000086000000| Complete 
|  97|0x0000000086100000, 0x0000000086200000, 0x0000000086200000|100%| O|  |TAMS 0x0000000086100000, 0x0000000086100000| Untracked 
|  98|0x0000000086200000, 0x0000000086300000, 0x0000000086300000|100%|HS|  |TAMS 0x0000000086200000, 0x0000000086200000| Complete 
|  99|0x0000000086300000, 0x0000000086400000, 0x0000000086400000|100%|HC|  |TAMS 0x0000000086300000, 0x0000000086300000| Complete 
| 100|0x0000000086400000, 0x0000000086500000, 0x0000000086500000|100%| O|  |TAMS 0x0000000086400000, 0x0000000086400000| Untracked 
| 101|0x0000000086500000, 0x0000000086600000, 0x0000000086600000|100%| O|  |TAMS 0x0000000086500000, 0x0000000086500000| Untracked 
| 102|0x0000000086600000, 0x0000000086700000, 0x0000000086700000|100%| O|  |TAMS 0x0000000086600000, 0x0000000086600000| Untracked 
| 103|0x0000000086700000, 0x0000000086800000, 0x0000000086800000|100%| O|  |TAMS 0x0000000086700000, 0x0000000086700000| Untracked 
| 104|0x0000000086800000, 0x0000000086900000, 0x0000000086900000|100%| O|  |TAMS 0x0000000086800000, 0x0000000086800000| Untracked 
| 105|0x0000000086900000, 0x0000000086a00000, 0x0000000086a00000|100%| O|  |TAMS 0x0000000086a00000, 0x0000000086900000| Untracked 
| 106|0x0000000086a00000, 0x0000000086b00000, 0x0000000086b00000|100%| O|  |TAMS 0x0000000086a00000, 0x0000000086a00000| Untracked 
| 107|0x0000000086b00000, 0x0000000086c00000, 0x0000000086c00000|100%| O|  |TAMS 0x0000000086b00000, 0x0000000086b00000| Untracked 
| 108|0x0000000086c00000, 0x0000000086d00000, 0x0000000086d00000|100%| O|  |TAMS 0x0000000086c00000, 0x0000000086c00000| Untracked 
| 109|0x0000000086d00000, 0x0000000086e00000, 0x0000000086e00000|100%| O|  |TAMS 0x0000000086e00000, 0x0000000086d00000| Untracked 
| 110|0x0000000086e00000, 0x0000000086f00000, 0x0000000086f00000|100%| O|  |TAMS 0x0000000086e00000, 0x0000000086e00000| Untracked 
| 111|0x0000000086f00000, 0x0000000087000000, 0x0000000087000000|100%| O|  |TAMS 0x0000000087000000, 0x0000000086f00000| Untracked 
| 112|0x0000000087000000, 0x0000000087100000, 0x0000000087100000|100%| O|  |TAMS 0x0000000087000000, 0x0000000087000000| Untracked 
| 113|0x0000000087100000, 0x0000000087200000, 0x0000000087200000|100%| O|  |TAMS 0x0000000087100000, 0x0000000087100000| Untracked 
| 114|0x0000000087200000, 0x0000000087300000, 0x0000000087300000|100%| O|  |TAMS 0x0000000087200000, 0x0000000087200000| Untracked 
| 115|0x0000000087300000, 0x0000000087400000, 0x0000000087400000|100%| O|  |TAMS 0x0000000087300000, 0x0000000087300000| Untracked 
| 116|0x0000000087400000, 0x0000000087500000, 0x0000000087500000|100%|HS|  |TAMS 0x0000000087400000, 0x0000000087400000| Complete 
| 117|0x0000000087500000, 0x0000000087600000, 0x0000000087600000|100%|HC|  |TAMS 0x0000000087500000, 0x0000000087500000| Complete 
| 118|0x0000000087600000, 0x0000000087700000, 0x0000000087700000|100%| O|  |TAMS 0x0000000087600000, 0x0000000087600000| Untracked 
| 119|0x0000000087700000, 0x0000000087800000, 0x0000000087800000|100%| O|  |TAMS 0x0000000087700000, 0x0000000087700000| Untracked 
| 120|0x0000000087800000, 0x0000000087900000, 0x0000000087900000|100%|HS|  |TAMS 0x0000000087800000, 0x0000000087800000| Complete 
| 121|0x0000000087900000, 0x0000000087a00000, 0x0000000087a00000|100%|HC|  |TAMS 0x0000000087900000, 0x0000000087900000| Complete 
| 122|0x0000000087a00000, 0x0000000087b00000, 0x0000000087b00000|100%| O|  |TAMS 0x0000000087a00000, 0x0000000087a00000| Untracked 
| 123|0x0000000087b00000, 0x0000000087c00000, 0x0000000087c00000|100%| O|  |TAMS 0x0000000087b00000, 0x0000000087b00000| Untracked 
| 124|0x0000000087c00000, 0x0000000087d00000, 0x0000000087d00000|100%| O|  |TAMS 0x0000000087c00000, 0x0000000087c00000| Untracked 
| 125|0x0000000087d00000, 0x0000000087e00000, 0x0000000087e00000|100%| O|  |TAMS 0x0000000087d00000, 0x0000000087d00000| Untracked 
| 126|0x0000000087e00000, 0x0000000087f00000, 0x0000000087f00000|100%| O|  |TAMS 0x0000000087e00000, 0x0000000087e00000| Untracked 
| 127|0x0000000087f00000, 0x0000000088000000, 0x0000000088000000|100%| O|  |TAMS 0x0000000087f00000, 0x0000000087f00000| Untracked 
| 128|0x0000000088000000, 0x0000000088100000, 0x0000000088100000|100%|HS|  |TAMS 0x0000000088000000, 0x0000000088000000| Complete 
| 129|0x0000000088100000, 0x0000000088200000, 0x0000000088200000|100%|HC|  |TAMS 0x0000000088100000, 0x0000000088100000| Complete 
| 130|0x0000000088200000, 0x0000000088300000, 0x0000000088300000|100%|HC|  |TAMS 0x0000000088200000, 0x0000000088200000| Complete 
| 131|0x0000000088300000, 0x0000000088400000, 0x0000000088400000|100%|HS|  |TAMS 0x0000000088300000, 0x0000000088300000| Complete 
| 132|0x0000000088400000, 0x0000000088500000, 0x0000000088500000|100%| O|  |TAMS 0x0000000088400000, 0x0000000088400000| Untracked 
| 133|0x0000000088500000, 0x0000000088600000, 0x0000000088600000|100%| O|  |TAMS 0x0000000088500000, 0x0000000088500000| Untracked 
| 134|0x0000000088600000, 0x0000000088700000, 0x0000000088700000|100%| O|  |TAMS 0x0000000088600000, 0x0000000088600000| Untracked 
| 135|0x0000000088700000, 0x0000000088800000, 0x0000000088800000|100%| O|  |TAMS 0x0000000088700000, 0x0000000088700000| Untracked 
| 136|0x0000000088800000, 0x0000000088900000, 0x0000000088900000|100%| O|  |TAMS 0x0000000088800000, 0x0000000088800000| Untracked 
| 137|0x0000000088900000, 0x0000000088a00000, 0x0000000088a00000|100%| O|  |TAMS 0x0000000088900000, 0x0000000088900000| Untracked 
| 138|0x0000000088a00000, 0x0000000088b00000, 0x0000000088b00000|100%| O|  |TAMS 0x0000000088a00000, 0x0000000088a00000| Untracked 
| 139|0x0000000088b00000, 0x0000000088c00000, 0x0000000088c00000|100%| O|  |TAMS 0x0000000088b00000, 0x0000000088b00000| Untracked 
| 140|0x0000000088c00000, 0x0000000088d00000, 0x0000000088d00000|100%| O|  |TAMS 0x0000000088c00000, 0x0000000088c00000| Untracked 
| 141|0x0000000088d00000, 0x0000000088e00000, 0x0000000088e00000|100%| O|  |TAMS 0x0000000088d00000, 0x0000000088d00000| Untracked 
| 142|0x0000000088e00000, 0x0000000088f00000, 0x0000000088f00000|100%| O|  |TAMS 0x0000000088e00000, 0x0000000088e00000| Untracked 
| 143|0x0000000088f00000, 0x0000000089000000, 0x0000000089000000|100%| O|  |TAMS 0x0000000088f00000, 0x0000000088f00000| Untracked 
| 144|0x0000000089000000, 0x0000000089100000, 0x0000000089100000|100%| O|  |TAMS 0x0000000089000000, 0x0000000089000000| Untracked 
| 145|0x0000000089100000, 0x0000000089200000, 0x0000000089200000|100%| O|  |TAMS 0x0000000089100000, 0x0000000089100000| Untracked 
| 146|0x0000000089200000, 0x0000000089300000, 0x0000000089300000|100%| O|  |TAMS 0x0000000089200000, 0x0000000089200000| Untracked 
| 147|0x0000000089300000, 0x0000000089400000, 0x0000000089400000|100%| O|  |TAMS 0x0000000089300000, 0x0000000089300000| Untracked 
| 148|0x0000000089400000, 0x0000000089500000, 0x0000000089500000|100%| O|  |TAMS 0x0000000089400000, 0x0000000089400000| Untracked 
| 149|0x0000000089500000, 0x000000008955da00, 0x0000000089600000| 36%| O|  |TAMS 0x0000000089500000, 0x0000000089500000| Untracked 
| 150|0x0000000089600000, 0x0000000089600000, 0x0000000089700000|  0%| F|  |TAMS 0x0000000089600000, 0x0000000089600000| Untracked 
| 151|0x0000000089700000, 0x0000000089700000, 0x0000000089800000|  0%| F|  |TAMS 0x0000000089700000, 0x0000000089700000| Untracked 
| 152|0x0000000089800000, 0x0000000089800000, 0x0000000089900000|  0%| F|  |TAMS 0x0000000089800000, 0x0000000089800000| Untracked 
| 153|0x0000000089900000, 0x0000000089900000, 0x0000000089a00000|  0%| F|  |TAMS 0x0000000089900000, 0x0000000089900000| Untracked 
| 154|0x0000000089a00000, 0x0000000089a00000, 0x0000000089b00000|  0%| F|  |TAMS 0x0000000089a00000, 0x0000000089a00000| Untracked 
| 155|0x0000000089b00000, 0x0000000089b00000, 0x0000000089c00000|  0%| F|  |TAMS 0x0000000089b00000, 0x0000000089b00000| Untracked 
| 156|0x0000000089c00000, 0x0000000089c00000, 0x0000000089d00000|  0%| F|  |TAMS 0x0000000089c00000, 0x0000000089c00000| Untracked 
| 157|0x0000000089d00000, 0x0000000089d00000, 0x0000000089e00000|  0%| F|  |TAMS 0x0000000089d00000, 0x0000000089d00000| Untracked 
| 158|0x0000000089e00000, 0x0000000089e00000, 0x0000000089f00000|  0%| F|  |TAMS 0x0000000089e00000, 0x0000000089e00000| Untracked 
| 159|0x0000000089f00000, 0x0000000089f00000, 0x000000008a000000|  0%| F|  |TAMS 0x0000000089f00000, 0x0000000089f00000| Untracked 
| 160|0x000000008a000000, 0x000000008a000000, 0x000000008a100000|  0%| F|  |TAMS 0x000000008a000000, 0x000000008a000000| Untracked 
| 161|0x000000008a100000, 0x000000008a100000, 0x000000008a200000|  0%| F|  |TAMS 0x000000008a100000, 0x000000008a100000| Untracked 
| 162|0x000000008a200000, 0x000000008a200000, 0x000000008a300000|  0%| F|  |TAMS 0x000000008a200000, 0x000000008a200000| Untracked 
| 163|0x000000008a300000, 0x000000008a300000, 0x000000008a400000|  0%| F|  |TAMS 0x000000008a300000, 0x000000008a300000| Untracked 
| 164|0x000000008a400000, 0x000000008a400000, 0x000000008a500000|  0%| F|  |TAMS 0x000000008a400000, 0x000000008a400000| Untracked 
| 165|0x000000008a500000, 0x000000008a500000, 0x000000008a600000|  0%| F|  |TAMS 0x000000008a500000, 0x000000008a500000| Untracked 
| 166|0x000000008a600000, 0x000000008a600000, 0x000000008a700000|  0%| F|  |TAMS 0x000000008a600000, 0x000000008a600000| Untracked 
| 167|0x000000008a700000, 0x000000008a700000, 0x000000008a800000|  0%| F|  |TAMS 0x000000008a700000, 0x000000008a700000| Untracked 
| 168|0x000000008a800000, 0x000000008a800000, 0x000000008a900000|  0%| F|  |TAMS 0x000000008a800000, 0x000000008a800000| Untracked 
| 169|0x000000008a900000, 0x000000008a900000, 0x000000008aa00000|  0%| F|  |TAMS 0x000000008a900000, 0x000000008a900000| Untracked 
| 170|0x000000008aa00000, 0x000000008aa00000, 0x000000008ab00000|  0%| F|  |TAMS 0x000000008aa00000, 0x000000008aa00000| Untracked 
| 171|0x000000008ab00000, 0x000000008ab00000, 0x000000008ac00000|  0%| F|  |TAMS 0x000000008ab00000, 0x000000008ab00000| Untracked 
| 172|0x000000008ac00000, 0x000000008ac00000, 0x000000008ad00000|  0%| F|  |TAMS 0x000000008ac00000, 0x000000008ac00000| Untracked 
| 173|0x000000008ad00000, 0x000000008ad00000, 0x000000008ae00000|  0%| F|  |TAMS 0x000000008ad00000, 0x000000008ad00000| Untracked 
| 174|0x000000008ae00000, 0x000000008ae00000, 0x000000008af00000|  0%| F|  |TAMS 0x000000008ae00000, 0x000000008ae00000| Untracked 
| 175|0x000000008af00000, 0x000000008af00000, 0x000000008b000000|  0%| F|  |TAMS 0x000000008af00000, 0x000000008af00000| Untracked 
| 176|0x000000008b000000, 0x000000008b100000, 0x000000008b100000|100%| S|CS|TAMS 0x000000008b000000, 0x000000008b000000| Complete 
| 177|0x000000008b100000, 0x000000008b200000, 0x000000008b200000|100%| S|CS|TAMS 0x000000008b100000, 0x000000008b100000| Complete 
| 178|0x000000008b200000, 0x000000008b300000, 0x000000008b300000|100%| S|CS|TAMS 0x000000008b200000, 0x000000008b200000| Complete 
| 179|0x000000008b300000, 0x000000008b300000, 0x000000008b400000|  0%| F|  |TAMS 0x000000008b300000, 0x000000008b300000| Untracked 
| 180|0x000000008b400000, 0x000000008b400000, 0x000000008b500000|  0%| F|  |TAMS 0x000000008b400000, 0x000000008b400000| Untracked 
| 181|0x000000008b500000, 0x000000008b500000, 0x000000008b600000|  0%| F|  |TAMS 0x000000008b500000, 0x000000008b500000| Untracked 
| 182|0x000000008b600000, 0x000000008b600000, 0x000000008b700000|  0%| F|  |TAMS 0x000000008b600000, 0x000000008b600000| Untracked 
| 183|0x000000008b700000, 0x000000008b700000, 0x000000008b800000|  0%| F|  |TAMS 0x000000008b700000, 0x000000008b700000| Untracked 
| 184|0x000000008b800000, 0x000000008b800000, 0x000000008b900000|  0%| F|  |TAMS 0x000000008b800000, 0x000000008b800000| Untracked 
| 185|0x000000008b900000, 0x000000008b900000, 0x000000008ba00000|  0%| F|  |TAMS 0x000000008b900000, 0x000000008b900000| Untracked 
| 186|0x000000008ba00000, 0x000000008ba00000, 0x000000008bb00000|  0%| F|  |TAMS 0x000000008ba00000, 0x000000008ba00000| Untracked 
| 187|0x000000008bb00000, 0x000000008bb00000, 0x000000008bc00000|  0%| F|  |TAMS 0x000000008bb00000, 0x000000008bb00000| Untracked 
| 188|0x000000008bc00000, 0x000000008bc00000, 0x000000008bd00000|  0%| F|  |TAMS 0x000000008bc00000, 0x000000008bc00000| Untracked 
| 189|0x000000008bd00000, 0x000000008bd00000, 0x000000008be00000|  0%| F|  |TAMS 0x000000008bd00000, 0x000000008bd00000| Untracked 
| 190|0x000000008be00000, 0x000000008be00000, 0x000000008bf00000|  0%| F|  |TAMS 0x000000008be00000, 0x000000008be00000| Untracked 
| 191|0x000000008bf00000, 0x000000008bf00000, 0x000000008c000000|  0%| F|  |TAMS 0x000000008bf00000, 0x000000008bf00000| Untracked 
| 192|0x000000008c000000, 0x000000008c000000, 0x000000008c100000|  0%| F|  |TAMS 0x000000008c000000, 0x000000008c000000| Untracked 
| 193|0x000000008c100000, 0x000000008c100000, 0x000000008c200000|  0%| F|  |TAMS 0x000000008c100000, 0x000000008c100000| Untracked 

Card table byte_map: [0x000002407bff0000,0x000002407c3f0000] _byte_map_base: 0x000002407bbf0000

Marking Bits (Prev, Next): (CMBitMap*) 0x00000240787855c0, (CMBitMap*) 0x0000024078785600
 Prev Bits: [0x000002407c7f0000, 0x000002407e7f0000)
 Next Bits: [0x000002400f000000, 0x0000024011000000)

Polling page: 0x00000240766d0000

Metaspace:

Usage:
  Non-class:     86.93 MB used.
      Class:     13.76 MB used.
       Both:    100.68 MB used.

Virtual space:
  Non-class space:       88.00 MB reserved,      87.25 MB (>99%) committed,  11 nodes.
      Class space:        1.00 GB reserved,      14.06 MB (  1%) committed,  1 nodes.
             Both:        1.09 GB reserved,     101.31 MB (  9%) committed. 

Chunk freelists:
   Non-Class:  672.00 KB
       Class:  1.97 MB
        Both:  2.62 MB

MaxMetaspaceSize: unlimited
CompressedClassSpaceSize: 1.00 GB
Initial GC threshold: 21.00 MB
Current GC threshold: 155.12 MB
CDS: off
MetaspaceReclaimPolicy: balanced
 - commit_granule_bytes: 65536.
 - commit_granule_words: 8192.
 - virtual_space_node_default_size: 1048576.
 - enlarge_chunks_in_place: 1.
 - new_chunks_are_fully_committed: 0.
 - uncommit_free_chunks: 1.
 - use_allocation_guard: 0.
 - handle_deallocations: 1.


Internal statistics:

num_allocs_failed_limit: 6.
num_arena_births: 990.
num_arena_deaths: 4.
num_vsnodes_births: 12.
num_vsnodes_deaths: 0.
num_space_committed: 1621.
num_space_uncommitted: 0.
num_chunks_returned_to_freelist: 10.
num_chunks_taken_from_freelist: 4847.
num_chunk_merges: 3.
num_chunk_splits: 3174.
num_chunks_enlarged: 2146.
num_purges: 2.
num_inconsistent_stats: 0.

CodeHeap 'non-profiled nmethods': size=120000Kb used=5414Kb max_used=5414Kb free=114585Kb
 bounds [0x0000024007ad0000, 0x0000024008020000, 0x000002400f000000]
CodeHeap 'profiled nmethods': size=120000Kb used=21820Kb max_used=22398Kb free=98179Kb
 bounds [0x0000024000000000, 0x0000024001650000, 0x0000024007530000]
CodeHeap 'non-nmethods': size=5760Kb used=2412Kb max_used=2495Kb free=3347Kb
 bounds [0x0000024007530000, 0x00000240077c0000, 0x0000024007ad0000]
 total_blobs=12183 nmethods=11234 adapters=861
 compilation: enabled
              stopped_count=0, restarted_count=0
 full_count=0

Compilation events (20 events):
Event: 51.854 Thread 0x000002407f832310 13242       2       com.android.tools.r8.dex.code.L0::<init> (20 bytes)
Event: 51.854 Thread 0x000002407f832310 nmethod 13242 0x000002400113a110 code [0x000002400113a2c0, 0x000002400113a488]
Event: 51.854 Thread 0x000002407f832310 13241       2       com.android.tools.r8.dex.code.L0::hashCode (21 bytes)
Event: 51.855 Thread 0x000002407f832310 nmethod 13241 0x0000024001139d90 code [0x0000024001139f20, 0x000002400113a068]
Event: 51.864 Thread 0x000002407f832310 13243       2       java.util.Arrays::hashCode (44 bytes)
Event: 51.865 Thread 0x000002407f832310 nmethod 13243 0x0000024001139890 code [0x0000024001139a20, 0x0000024001139bb8]
Event: 51.869 Thread 0x000002407f832310 13245       3       com.android.tools.r8.graph.p2::a (117 bytes)
Event: 51.871 Thread 0x000002407f832310 nmethod 13245 0x0000024000a32e90 code [0x0000024000a33140, 0x0000024000a341a8]
Event: 51.874 Thread 0x000002407f832310 13246       2       com.android.tools.r8.dex.B::c (73 bytes)
Event: 51.875 Thread 0x000002407f832310 nmethod 13246 0x0000024000938310 code [0x0000024000938500, 0x0000024000938a18]
Event: 51.875 Thread 0x000002407f832310 13247       2       com.android.tools.r8.utils.structural.s::d (16 bytes)
Event: 51.875 Thread 0x000002407f832310 nmethod 13247 0x0000024000937f90 code [0x0000024000938120, 0x0000024000938268]
Event: 51.877 Thread 0x000002407f832310 13248       2       com.android.tools.r8.dex.code.X0::hashCode (21 bytes)
Event: 51.877 Thread 0x000002407f832310 nmethod 13248 0x0000024000937c10 code [0x0000024000937da0, 0x0000024000937ee8]
Event: 51.877 Thread 0x000002407f832310 13249       2       com.android.tools.r8.internal.u8$$Lambda$1298/0x0000000100d8d900::applyAsInt (8 bytes)
Event: 51.878 Thread 0x000002407f832310 nmethod 13249 0x0000024000937690 code [0x0000024000937820, 0x0000024000937978]
Event: 51.878 Thread 0x000002407f832310 13250       2       com.android.tools.r8.internal.u8::b (8 bytes)
Event: 51.879 Thread 0x000002407f832310 nmethod 13250 0x0000024000a72710 code [0x0000024000a728a0, 0x0000024000a729b8]
Event: 51.890 Thread 0x000002407f832310 13251       2       com.android.tools.r8.dex.code.X0::<init> (20 bytes)
Event: 51.890 Thread 0x000002407f832310 nmethod 13251 0x0000024000a72110 code [0x0000024000a722c0, 0x0000024000a72518]

GC Heap History (20 events):
Event: 39.222 GC heap after
{Heap after GC invocations=50 (full 0):
 garbage-first heap   total 142336K, used 91098K [0x0000000080000000, 0x0000000100000000)
  region size 1024K, 5 young (5120K), 5 survivors (5120K)
 Metaspace       used 88195K, committed 88768K, reserved 1130496K
  class space    used 12042K, committed 12288K, reserved 1048576K
}
Event: 39.261 GC heap before
{Heap before GC invocations=50 (full 0):
 garbage-first heap   total 142336K, used 92122K [0x0000000080000000, 0x0000000100000000)
  region size 1024K, 6 young (6144K), 5 survivors (5120K)
 Metaspace       used 88229K, committed 88896K, reserved 1130496K
  class space    used 12044K, committed 12352K, reserved 1048576K
}
Event: 39.277 GC heap after
{Heap after GC invocations=51 (full 0):
 garbage-first heap   total 193536K, used 91991K [0x0000000080000000, 0x0000000100000000)
  region size 1024K, 1 young (1024K), 1 survivors (1024K)
 Metaspace       used 88229K, committed 88896K, reserved 1130496K
  class space    used 12044K, committed 12352K, reserved 1048576K
}
Event: 40.140 GC heap before
{Heap before GC invocations=51 (full 0):
 garbage-first heap   total 193536K, used 103255K [0x0000000080000000, 0x0000000100000000)
  region size 1024K, 14 young (14336K), 1 survivors (1024K)
 Metaspace       used 88419K, committed 89024K, reserved 1130496K
  class space    used 12058K, committed 12352K, reserved 1048576K
}
Event: 40.157 GC heap after
{Heap after GC invocations=52 (full 0):
 garbage-first heap   total 193536K, used 99328K [0x0000000080000000, 0x0000000100000000)
  region size 1024K, 7 young (7168K), 7 survivors (7168K)
 Metaspace       used 88419K, committed 89024K, reserved 1130496K
  class space    used 12058K, committed 12352K, reserved 1048576K
}
Event: 42.406 GC heap before
{Heap before GC invocations=53 (full 0):
 garbage-first heap   total 198656K, used 159744K [0x0000000080000000, 0x0000000100000000)
  region size 1024K, 52 young (53248K), 7 survivors (7168K)
 Metaspace       used 91579K, committed 92224K, reserved 1130496K
  class space    used 12387K, committed 12672K, reserved 1048576K
}
Event: 42.425 GC heap after
{Heap after GC invocations=54 (full 0):
 garbage-first heap   total 198656K, used 102003K [0x0000000080000000, 0x0000000100000000)
  region size 1024K, 3 young (3072K), 3 survivors (3072K)
 Metaspace       used 91579K, committed 92224K, reserved 1130496K
  class space    used 12387K, committed 12672K, reserved 1048576K
}
Event: 42.795 GC heap before
{Heap before GC invocations=54 (full 0):
 garbage-first heap   total 198656K, used 107123K [0x0000000080000000, 0x0000000100000000)
  region size 1024K, 9 young (9216K), 3 survivors (3072K)
 Metaspace       used 91626K, committed 92224K, reserved 1130496K
  class space    used 12387K, committed 12672K, reserved 1048576K
}
Event: 42.804 GC heap after
{Heap after GC invocations=55 (full 0):
 garbage-first heap   total 198656K, used 101977K [0x0000000080000000, 0x0000000100000000)
  region size 1024K, 1 young (1024K), 1 survivors (1024K)
 Metaspace       used 91626K, committed 92224K, reserved 1130496K
  class space    used 12387K, committed 12672K, reserved 1048576K
}
Event: 44.939 GC heap before
{Heap before GC invocations=55 (full 0):
 garbage-first heap   total 198656K, used 154201K [0x0000000080000000, 0x0000000100000000)
  region size 1024K, 53 young (54272K), 1 survivors (1024K)
 Metaspace       used 94350K, committed 95040K, reserved 1138688K
  class space    used 12730K, committed 13056K, reserved 1048576K
}
Event: 44.952 GC heap after
{Heap after GC invocations=56 (full 0):
 garbage-first heap   total 198656K, used 104850K [0x0000000080000000, 0x0000000100000000)
  region size 1024K, 4 young (4096K), 4 survivors (4096K)
 Metaspace       used 94350K, committed 95040K, reserved 1138688K
  class space    used 12730K, committed 13056K, reserved 1048576K
}
Event: 47.005 GC heap before
{Heap before GC invocations=57 (full 0):
 garbage-first heap   total 198656K, used 162194K [0x0000000080000000, 0x0000000100000000)
  region size 1024K, 54 young (55296K), 4 survivors (4096K)
 Metaspace       used 99788K, committed 100480K, reserved 1138688K
  class space    used 13466K, committed 13760K, reserved 1048576K
}
Event: 47.025 GC heap after
{Heap after GC invocations=58 (full 0):
 garbage-first heap   total 198656K, used 116407K [0x0000000080000000, 0x0000000100000000)
  region size 1024K, 7 young (7168K), 7 survivors (7168K)
 Metaspace       used 99788K, committed 100480K, reserved 1138688K
  class space    used 13466K, committed 13760K, reserved 1048576K
}
Event: 47.080 GC heap before
{Heap before GC invocations=58 (full 0):
 garbage-first heap   total 198656K, used 119479K [0x0000000080000000, 0x0000000100000000)
  region size 1024K, 9 young (9216K), 7 survivors (7168K)
 Metaspace       used 100054K, committed 100736K, reserved 1138688K
  class space    used 13514K, committed 13824K, reserved 1048576K
}
Event: 47.092 GC heap after
{Heap after GC invocations=59 (full 0):
 garbage-first heap   total 198656K, used 113190K [0x0000000080000000, 0x0000000100000000)
  region size 1024K, 1 young (1024K), 1 survivors (1024K)
 Metaspace       used 100054K, committed 100736K, reserved 1138688K
  class space    used 13514K, committed 13824K, reserved 1048576K
}
Event: 49.652 GC heap before
{Heap before GC invocations=59 (full 0):
 garbage-first heap   total 198656K, used 178726K [0x0000000080000000, 0x0000000100000000)
  region size 1024K, 44 young (45056K), 1 survivors (1024K)
 Metaspace       used 100495K, committed 101184K, reserved 1138688K
  class space    used 13574K, committed 13888K, reserved 1048576K
}
Event: 49.684 GC heap after
{Heap after GC invocations=60 (full 0):
 garbage-first heap   total 198656K, used 139264K [0x0000000080000000, 0x0000000100000000)
  region size 1024K, 6 young (6144K), 6 survivors (6144K)
 Metaspace       used 100495K, committed 101184K, reserved 1138688K
  class space    used 13574K, committed 13888K, reserved 1048576K
}
Event: 51.575 GC heap before
{Heap before GC invocations=60 (full 0):
 garbage-first heap   total 198656K, used 160768K [0x0000000080000000, 0x0000000100000000)
  region size 1024K, 27 young (27648K), 6 survivors (6144K)
 Metaspace       used 102999K, committed 103616K, reserved 1138688K
  class space    used 14085K, committed 14400K, reserved 1048576K
}
Event: 51.614 GC heap after
{Heap after GC invocations=61 (full 0):
 garbage-first heap   total 198656K, used 148238K [0x0000000080000000, 0x0000000100000000)
  region size 1024K, 4 young (4096K), 4 survivors (4096K)
 Metaspace       used 102999K, committed 103616K, reserved 1138688K
  class space    used 14085K, committed 14400K, reserved 1048576K
}
Event: 51.917 GC heap before
{Heap before GC invocations=61 (full 0):
 garbage-first heap   total 198656K, used 163598K [0x0000000080000000, 0x0000000100000000)
  region size 1024K, 19 young (19456K), 4 survivors (4096K)
 Metaspace       used 103101K, committed 103744K, reserved 1138688K
  class space    used 14085K, committed 14400K, reserved 1048576K
}

Dll operation events (2 events):
Event: 0.025 Loaded shared library C:\Program Files\Android\Android Studio\jbr\bin\java.dll
Event: 1.723 Loaded shared library C:\Program Files\Android\Android Studio\jbr\bin\verify.dll

Deoptimization events (20 events):
Event: 49.357 Thread 0x0000024014691470 Uncommon trap: trap_request=0xffffff45 fr.pc=0x0000024007e8e878 relative=0x0000000000000258
Event: 49.357 Thread 0x0000024014691470 Uncommon trap: reason=unstable_if action=reinterpret pc=0x0000024007e8e878 method=com.android.tools.r8.graph.p2.a([C)I @ 44 c2
Event: 49.357 Thread 0x0000024014691470 DEOPT PACKING pc=0x0000024007e8e878 sp=0x000000f0531fd6f0
Event: 49.357 Thread 0x0000024014691470 DEOPT UNPACKING pc=0x00000240075869a3 sp=0x000000f0531fd678 mode 2
Event: 50.336 Thread 0x0000024019c1eed0 Uncommon trap: trap_request=0xffffff45 fr.pc=0x0000024007d3be20 relative=0x00000000000002c0
Event: 50.336 Thread 0x0000024019c1eed0 Uncommon trap: reason=unstable_if action=reinterpret pc=0x0000024007d3be20 method=com.android.tools.r8.graph.e2.h(Ljava/lang/Object;)Z @ 37 c2
Event: 50.336 Thread 0x0000024019c1eed0 DEOPT PACKING pc=0x0000024007d3be20 sp=0x000000f0539fea50
Event: 50.336 Thread 0x0000024019c1eed0 DEOPT UNPACKING pc=0x00000240075869a3 sp=0x000000f0539fe9f0 mode 2
Event: 50.363 Thread 0x0000024014690fa0 Uncommon trap: trap_request=0xffffff45 fr.pc=0x0000024007be66f0 relative=0x00000000000003d0
Event: 50.363 Thread 0x0000024014690fa0 Uncommon trap: reason=unstable_if action=reinterpret pc=0x0000024007be66f0 method=com.android.tools.r8.graph.m2.h(Ljava/lang/Object;)Z @ 23 c2
Event: 50.363 Thread 0x0000024014690fa0 DEOPT PACKING pc=0x0000024007be66f0 sp=0x000000f053cfef00
Event: 50.363 Thread 0x0000024014690fa0 DEOPT UNPACKING pc=0x00000240075869a3 sp=0x000000f053cfee90 mode 2
Event: 51.154 Thread 0x0000024014690fa0 Uncommon trap: trap_request=0xffffff45 fr.pc=0x0000024008003610 relative=0x00000000000063d0
Event: 51.154 Thread 0x0000024014690fa0 Uncommon trap: reason=unstable_if action=reinterpret pc=0x0000024008003610 method=com.android.tools.r8.dex.code.O.a(IILcom/android/tools/r8/dex/code/a;Lcom/android/tools/r8/graph/p5;)Lcom/android/tools/r8/dex/code/B1; @ 505 c2
Event: 51.154 Thread 0x0000024014690fa0 DEOPT PACKING pc=0x0000024008003610 sp=0x000000f053cfee90
Event: 51.154 Thread 0x0000024014690fa0 DEOPT UNPACKING pc=0x00000240075869a3 sp=0x000000f053cfee40 mode 2
Event: 51.830 Thread 0x0000024019c1e530 Uncommon trap: trap_request=0x00000274 fr.pc=0x0000024008013084 relative=0x0000000000006724
Event: 51.830 Thread 0x0000024019c1e530 Uncommon trap: reason=unloaded action=reinterpret pc=0x0000024008013084 method=com.android.tools.r8.dex.code.O.a(IILcom/android/tools/r8/dex/code/a;Lcom/android/tools/r8/graph/p5;)Lcom/android/tools/r8/dex/code/B1; @ 2978 c2
Event: 51.830 Thread 0x0000024019c1e530 DEOPT PACKING pc=0x0000024008013084 sp=0x000000f053bfe9d0
Event: 51.830 Thread 0x0000024019c1e530 DEOPT UNPACKING pc=0x00000240075869a3 sp=0x000000f053bfe988 mode 2

Classes unloaded (2 events):
Event: 38.231 Thread 0x000002407ecf9620 Unloading class 0x0000000100b90800 'java/lang/invoke/LambdaForm$DMH+0x0000000100b90800'
Event: 38.231 Thread 0x000002407ecf9620 Unloading class 0x0000000100b90400 'java/lang/invoke/LambdaForm$DMH+0x0000000100b90400'

Classes redefined (0 events):
No events

Internal exceptions (20 events):
Event: 43.766 Thread 0x0000024013c58b00 Exception <a 'java/lang/NoSuchMethodError'{0x000000008bc379c8}: static Lcom/android/build/api/variant/impl/VariantOutputImpl$SerializedForm;.<clinit>()V> (0x000000008bc379c8) 
thrown [s\src\hotspot\share\prims\jni.cpp, line 1108]
Event: 43.776 Thread 0x0000024013c58b00 Exception <a 'java/lang/NoSuchMethodError'{0x000000008bc49fb8}: static Lcom/android/build/api/variant/impl/VariantOutputConfigurationImpl;.<clinit>()V> (0x000000008bc49fb8) 
thrown [s\src\hotspot\share\prims\jni.cpp, line 1108]
Event: 44.093 Thread 0x0000024013c58160 Exception <a 'sun/nio/fs/WindowsException'{0x000000008b329890}> (0x000000008b329890) 
thrown [s\src\hotspot\share\prims\jni.cpp, line 517]
Event: 44.410 Thread 0x0000024013d9c540 Implicit null exception at 0x0000024007fbc049 to 0x0000024007fbc6b8
Event: 45.423 Thread 0x0000024013c57c90 Exception <a 'sun/nio/fs/WindowsException'{0x000000008b704708}> (0x000000008b704708) 
thrown [s\src\hotspot\share\prims\jni.cpp, line 517]
Event: 45.744 Thread 0x0000024013c57c90 Exception <a 'sun/nio/fs/WindowsException'{0x000000008ab6f880}> (0x000000008ab6f880) 
thrown [s\src\hotspot\share\prims\jni.cpp, line 517]
Event: 46.081 Thread 0x0000024014691470 Exception <a 'sun/nio/fs/WindowsException'{0x000000008a15e0c8}> (0x000000008a15e0c8) 
thrown [s\src\hotspot\share\prims\jni.cpp, line 517]
Event: 46.916 Thread 0x0000024014690600 Exception <a 'java/lang/NoSuchMethodError'{0x000000008935cd60}: 'void java.lang.invoke.DirectMethodHandle$Holder.invokeStatic(java.lang.Object, long)'> (0x000000008935cd60) 
thrown [s\src\hotspot\share\interpreter\linkResolver.cpp, line 771]
Event: 46.920 Thread 0x0000024014690600 Exception <a 'java/lang/NoSuchMethodError'{0x000000008913f470}: 'java.lang.Object java.lang.invoke.DirectMethodHandle$Holder.newInvokeSpecial(java.lang.Object, long)'> (0x000000008913f470) 
thrown [s\src\hotspot\share\interpreter\linkResolver.cpp, line 771]
Event: 46.923 Thread 0x0000024014690600 Exception <a 'java/lang/NoSuchMethodError'{0x0000000089146130}: 'java.lang.Object java.lang.invoke.DirectMethodHandle$Holder.invokeStatic(java.lang.Object, java.lang.Object, long, java.lang.Object)'> (0x0000000089146130) 
thrown [s\src\hotspot\share\interpreter\linkResolver.cpp, line 771]
Event: 46.923 Thread 0x0000024014690600 Exception <a 'java/lang/NoSuchMethodError'{0x0000000089149bb0}: 'java.lang.Object java.lang.invoke.DirectMethodHandle$Holder.invokeStaticInit(java.lang.Object, java.lang.Object, long, java.lang.Object)'> (0x0000000089149bb0) 
thrown [s\src\hotspot\share\interpreter\linkResolver.cpp, line 771]
Event: 47.051 Thread 0x0000024014691470 Exception <a 'java/lang/NoSuchMethodError'{0x000000008c1a9110}: 'java.lang.Object java.lang.invoke.DirectMethodHandle$Holder.invokeStaticInit(java.lang.Object, java.lang.Object, java.lang.Object, java.lang.Object, java.lang.Object, java.lang.Object, java.lang.Object, java.lang.Object, java.lang.Object, java.lang.Object, java.lang.Object, java.lang.Object, java.lang.Object, java.lang.Object, java.lang.Object, java.lang.Object, java.lang.Object, java.lang.Object, java.lang.Object, int, java.lang.Object, java
Event: 48.546 Thread 0x0000024014691470 Implicit null exception at 0x0000024007c85833 to 0x0000024007c8aa38
Event: 49.149 Thread 0x0000024014690600 Exception <a 'java/lang/NoSuchMethodError'{0x000000008a423b88}: 'int java.lang.invoke.DirectMethodHandle$Holder.invokeSpecialIFC(java.lang.Object, java.lang.Object, java.lang.Object)'> (0x000000008a423b88) 
thrown [s\src\hotspot\share\interpreter\linkResolver.cpp, line 771]
Event: 49.847 Thread 0x0000024014690fa0 Exception <a 'java/lang/IncompatibleClassChangeError'{0x000000008b977300}: Found class java.lang.Object, but interface was expected> (0x000000008b977300) 
thrown [s\src\hotspot\share\interpreter\linkResolver.cpp, line 838]
Event: 49.937 Thread 0x0000024014690fa0 Exception <a 'java/lang/NoSuchMethodError'{0x000000008b8e5620}: 'long java.lang.invoke.DirectMethodHandle$Holder.invokeStatic(java.lang.Object, java.lang.Object, java.lang.Object)'> (0x000000008b8e5620) 
thrown [s\src\hotspot\share\interpreter\linkResolver.cpp, line 771]
Event: 50.325 Thread 0x0000024019c1eed0 Exception <a 'java/lang/IncompatibleClassChangeError'{0x000000008b47c7f8}: Found class java.lang.Object, but interface was expected> (0x000000008b47c7f8) 
thrown [s\src\hotspot\share\interpreter\linkResolver.cpp, line 838]
Event: 50.325 Thread 0x0000024019c1e530 Exception <a 'java/lang/IncompatibleClassChangeError'{0x000000008b488038}: Found class java.lang.Object, but interface was expected> (0x000000008b488038) 
thrown [s\src\hotspot\share\interpreter\linkResolver.cpp, line 838]
Event: 50.325 Thread 0x0000024014690fa0 Exception <a 'java/lang/IncompatibleClassChangeError'{0x000000008b4845d0}: Found class java.lang.Object, but interface was expected> (0x000000008b4845d0) 
thrown [s\src\hotspot\share\interpreter\linkResolver.cpp, line 838]
Event: 50.329 Thread 0x0000024019c1eed0 Exception <a 'java/lang/IncompatibleClassChangeError'{0x000000008b49a028}: Found class java.lang.Object, but interface was expected> (0x000000008b49a028) 
thrown [s\src\hotspot\share\interpreter\linkResolver.cpp, line 838]

VM Operations (20 events):
Event: 46.302 Executing VM operation: HandshakeAllThreads done
Event: 46.643 Executing VM operation: HandshakeAllThreads
Event: 46.644 Executing VM operation: HandshakeAllThreads done
Event: 46.644 Executing VM operation: Cleanup
Event: 46.656 Executing VM operation: Cleanup done
Event: 46.925 Executing VM operation: HandshakeAllThreads
Event: 46.926 Executing VM operation: HandshakeAllThreads done
Event: 47.005 Executing VM operation: G1CollectForAllocation
Event: 47.025 Executing VM operation: G1CollectForAllocation done
Event: 47.080 Executing VM operation: G1CollectForAllocation
Event: 47.092 Executing VM operation: G1CollectForAllocation done
Event: 48.100 Executing VM operation: Cleanup
Event: 48.155 Executing VM operation: Cleanup done
Event: 49.652 Executing VM operation: G1CollectForAllocation
Event: 49.685 Executing VM operation: G1CollectForAllocation done
Event: 50.705 Executing VM operation: Cleanup
Event: 50.875 Executing VM operation: Cleanup done
Event: 51.534 Executing VM operation: G1CollectForAllocation
Event: 51.617 Executing VM operation: G1CollectForAllocation done
Event: 51.900 Executing VM operation: G1CollectForAllocation

Events (20 events):
Event: 49.833 loading class java/util/concurrent/ForkJoinTask$Aux
Event: 49.834 loading class java/util/concurrent/ForkJoinTask$Aux done
Event: 49.834 loading class java/util/concurrent/ForkJoinPool$DefaultForkJoinWorkerThreadFactory$1
Event: 49.834 loading class java/util/concurrent/ForkJoinPool$DefaultForkJoinWorkerThreadFactory$1 done
Event: 49.835 Thread 0x0000024019c1eed0 Thread added: 0x0000024019c1eed0
Event: 49.837 Thread 0x000002401c4c0b70 Thread added: 0x000002401c4c0b70
Event: 49.842 Thread 0x0000024019c1e530 Thread added: 0x0000024019c1e530
Event: 49.844 Thread 0x0000024014690fa0 Thread added: 0x0000024014690fa0
Event: 49.869 loading class java/lang/reflect/GenericSignatureFormatError
Event: 49.870 loading class java/lang/reflect/GenericSignatureFormatError done
Event: 49.924 loading class java/util/AbstractList$RandomAccessSubList
Event: 49.925 loading class java/util/AbstractList$SubList
Event: 49.925 loading class java/util/AbstractList$SubList done
Event: 49.925 loading class java/util/AbstractList$RandomAccessSubList done
Event: 49.926 loading class java/util/AbstractList$SubList$1
Event: 49.926 loading class java/util/AbstractList$SubList$1 done
Event: 50.294 loading class java/nio/ShortBuffer
Event: 50.295 loading class java/nio/ShortBuffer done
Event: 50.296 loading class java/nio/HeapShortBuffer
Event: 50.297 loading class java/nio/HeapShortBuffer done


Dynamic libraries:
0x00007ff6e11d0000 - 0x00007ff6e11da000 	C:\Program Files\Android\Android Studio\jbr\bin\java.exe
0x00007ffa97770000 - 0x00007ffa97984000 	C:\Windows\SYSTEM32\ntdll.dll
0x00007ffa96b60000 - 0x00007ffa96c22000 	C:\Windows\System32\KERNEL32.DLL
0x00007ffa94f90000 - 0x00007ffa95333000 	C:\Windows\System32\KERNELBASE.dll
0x00007ffa94df0000 - 0x00007ffa94f01000 	C:\Windows\System32\ucrtbase.dll
0x00007ffa835e0000 - 0x00007ffa835f7000 	C:\Program Files\Android\Android Studio\jbr\bin\jli.dll
0x00007ffa7fe20000 - 0x00007ffa7fe3b000 	C:\Program Files\Android\Android Studio\jbr\bin\VCRUNTIME140.dll
0x00007ffa96050000 - 0x00007ffa961fa000 	C:\Windows\System32\USER32.dll
0x00007ffa95520000 - 0x00007ffa95546000 	C:\Windows\System32\win32u.dll
0x00007ffa96b10000 - 0x00007ffa96b39000 	C:\Windows\System32\GDI32.dll
0x00007ffa806b0000 - 0x00007ffa8093e000 	C:\Windows\WinSxS\amd64_microsoft.windows.common-controls_6595b64144ccf1df_6.0.22621.1635_none_270f70857386168e\COMCTL32.dll
0x00007ffa94cd0000 - 0x00007ffa94de9000 	C:\Windows\System32\gdi32full.dll
0x00007ffa94b70000 - 0x00007ffa94c0a000 	C:\Windows\System32\msvcp_win.dll
0x00007ffa97680000 - 0x00007ffa97727000 	C:\Windows\System32\msvcrt.dll
0x00007ffa95570000 - 0x00007ffa955a1000 	C:\Windows\System32\IMM32.DLL
0x00007ffa90b10000 - 0x00007ffa90b1c000 	C:\Program Files\Android\Android Studio\jbr\bin\vcruntime140_1.dll
0x00007ffa55df0000 - 0x00007ffa55e7d000 	C:\Program Files\Android\Android Studio\jbr\bin\msvcp140.dll
0x00007ffa4c330000 - 0x00007ffa4cf9d000 	C:\Program Files\Android\Android Studio\jbr\bin\server\jvm.dll
0x00007ffa96ce0000 - 0x00007ffa96d8e000 	C:\Windows\System32\ADVAPI32.dll
0x00007ffa96c30000 - 0x00007ffa96cd4000 	C:\Windows\System32\sechost.dll
0x00007ffa95740000 - 0x00007ffa95857000 	C:\Windows\System32\RPCRT4.dll
0x00007ffa84ac0000 - 0x00007ffa84ac9000 	C:\Windows\SYSTEM32\WSOCK32.dll
0x00007ffa96d90000 - 0x00007ffa96e01000 	C:\Windows\System32\WS2_32.dll
0x00007ffa8cfe0000 - 0x00007ffa8cfea000 	C:\Windows\SYSTEM32\VERSION.dll
0x00007ffa8e1f0000 - 0x00007ffa8e224000 	C:\Windows\SYSTEM32\WINMM.dll
0x00007ffa93c60000 - 0x00007ffa93c78000 	C:\Windows\SYSTEM32\kernel.appcore.dll
0x00007ffa90b30000 - 0x00007ffa90b3a000 	C:\Program Files\Android\Android Studio\jbr\bin\jimage.dll
0x00007ffa926b0000 - 0x00007ffa928de000 	C:\Windows\SYSTEM32\DBGHELP.DLL
0x00007ffa96f00000 - 0x00007ffa97289000 	C:\Windows\System32\combase.dll
0x00007ffa955b0000 - 0x00007ffa95687000 	C:\Windows\System32\OLEAUT32.dll
0x00007ffa866e0000 - 0x00007ffa86712000 	C:\Windows\SYSTEM32\dbgcore.DLL
0x00007ffa94f10000 - 0x00007ffa94f8a000 	C:\Windows\System32\bcryptPrimitives.dll
0x00007ffa8a170000 - 0x00007ffa8a195000 	C:\Program Files\Android\Android Studio\jbr\bin\java.dll
0x00007ffa85c30000 - 0x00007ffa85c48000 	C:\Program Files\Android\Android Studio\jbr\bin\zip.dll
0x00007ffa96200000 - 0x00007ffa969f9000 	C:\Windows\System32\SHELL32.dll
0x00007ffa92b20000 - 0x00007ffa933ee000 	C:\Windows\SYSTEM32\windows.storage.dll
0x00007ffa929e0000 - 0x00007ffa92b1e000 	C:\Windows\SYSTEM32\wintypes.dll
0x00007ffa96a10000 - 0x00007ffa96b01000 	C:\Windows\System32\SHCORE.dll
0x00007ffa97290000 - 0x00007ffa972ee000 	C:\Windows\System32\shlwapi.dll
0x00007ffa94aa0000 - 0x00007ffa94ac6000 	C:\Windows\SYSTEM32\profapi.dll
0x00007ffa842b0000 - 0x00007ffa842c9000 	C:\Program Files\Android\Android Studio\jbr\bin\net.dll
0x00007ffa8d0e0000 - 0x00007ffa8d217000 	C:\Windows\SYSTEM32\WINHTTP.dll
0x00007ffa940d0000 - 0x00007ffa94139000 	C:\Windows\system32\mswsock.dll
0x00007ffa84290000 - 0x00007ffa842a6000 	C:\Program Files\Android\Android Studio\jbr\bin\nio.dll
0x00007ffa86000000 - 0x00007ffa86010000 	C:\Program Files\Android\Android Studio\jbr\bin\verify.dll
0x00007ffa7f9d0000 - 0x00007ffa7f9f7000 	C:\Users\henry\.gradle\native\68d5fa5c4cc2d200863cafc0d521ce42e7d3e7ee720ec0a83991735586a16f82\windows-amd64\native-platform.dll
0x00007ffa51660000 - 0x00007ffa517a4000 	C:\Users\henry\.gradle\native\e376f236ea51e6404a007f0833ffe2c6e607c4080706a723a18a27aeea778392\windows-amd64\native-platform-file-events.dll
0x00007ffa90ad0000 - 0x00007ffa90ad9000 	C:\Program Files\Android\Android Studio\jbr\bin\management.dll
0x00007ffa86170000 - 0x00007ffa8617b000 	C:\Program Files\Android\Android Studio\jbr\bin\management_ext.dll
0x00007ffa96a00000 - 0x00007ffa96a08000 	C:\Windows\System32\PSAPI.DLL
0x00007ffa943f0000 - 0x00007ffa9440b000 	C:\Windows\SYSTEM32\CRYPTSP.dll
0x00007ffa93bd0000 - 0x00007ffa93c05000 	C:\Windows\system32\rsaenh.dll
0x00007ffa94170000 - 0x00007ffa9419c000 	C:\Windows\SYSTEM32\USERENV.dll
0x00007ffa94540000 - 0x00007ffa94568000 	C:\Windows\SYSTEM32\bcrypt.dll
0x00007ffa943d0000 - 0x00007ffa943dc000 	C:\Windows\SYSTEM32\CRYPTBASE.dll
0x00007ffa936c0000 - 0x00007ffa936ed000 	C:\Windows\SYSTEM32\IPHLPAPI.DLL
0x00007ffa95550000 - 0x00007ffa95559000 	C:\Windows\System32\NSI.dll
0x00007ffa8e1b0000 - 0x00007ffa8e1c9000 	C:\Windows\SYSTEM32\dhcpcsvc6.DLL
0x00007ffa8cf70000 - 0x00007ffa8cf8f000 	C:\Windows\SYSTEM32\dhcpcsvc.DLL
0x00007ffa93730000 - 0x00007ffa93823000 	C:\Windows\SYSTEM32\DNSAPI.dll
0x00007ffa3f5a0000 - 0x00007ffa3f5a8000 	C:\Windows\system32\wshunix.dll
0x00007ffa93c80000 - 0x00007ffa93cb4000 	C:\Windows\SYSTEM32\ntmarta.dll

dbghelp: loaded successfully - version: 4.0.5 - missing functions: none
symbol engine: initialized successfully - sym options: 0x614 - pdb path: .;C:\Program Files\Android\Android Studio\jbr\bin;C:\Windows\SYSTEM32;C:\Windows\WinSxS\amd64_microsoft.windows.common-controls_6595b64144ccf1df_6.0.22621.1635_none_270f70857386168e;C:\Program Files\Android\Android Studio\jbr\bin\server;C:\Users\henry\.gradle\native\68d5fa5c4cc2d200863cafc0d521ce42e7d3e7ee720ec0a83991735586a16f82\windows-amd64;C:\Users\henry\.gradle\native\e376f236ea51e6404a007f0833ffe2c6e607c4080706a723a18a27aeea778392\windows-amd64

VM Arguments:
jvm_args: --add-opens=java.base/java.util=ALL-UNNAMED --add-opens=java.base/java.lang=ALL-UNNAMED --add-opens=java.base/java.lang.invoke=ALL-UNNAMED --add-opens=java.prefs/java.util.prefs=ALL-UNNAMED --add-opens=java.base/java.nio.charset=ALL-UNNAMED --add-opens=java.base/java.net=ALL-UNNAMED --add-opens=java.base/java.util.concurrent.atomic=ALL-UNNAMED -Xmx2048m -Dfile.encoding=UTF-8 -Duser.country=US -Duser.language=en -Duser.variant 
java_command: org.gradle.launcher.daemon.bootstrap.GradleDaemon 8.0
java_class_path (initial): C:\Users\henry\.gradle\wrapper\dists\gradle-8.0-bin\ca5e32bp14vu59qr306oxotwh\gradle-8.0\lib\gradle-launcher-8.0.jar
Launcher Type: SUN_STANDARD

[Global flags]
     intx CICompilerCount                          = 3                                         {product} {ergonomic}
     uint ConcGCThreads                            = 1                                         {product} {ergonomic}
     uint G1ConcRefinementThreads                  = 4                                         {product} {ergonomic}
   size_t G1HeapRegionSize                         = 1048576                                   {product} {ergonomic}
    uintx GCDrainStackTargetSize                   = 64                                        {product} {ergonomic}
   size_t InitialHeapSize                          = 134217728                                 {product} {ergonomic}
   size_t MarkStackSize                            = 4194304                                   {product} {ergonomic}
   size_t MaxHeapSize                              = 2147483648                                {product} {command line}
   size_t MaxNewSize                               = 1287651328                                {product} {ergonomic}
   size_t MinHeapDeltaBytes                        = 1048576                                   {product} {ergonomic}
   size_t MinHeapSize                              = 8388608                                   {product} {ergonomic}
    uintx NonNMethodCodeHeapSize                   = 5832780                                {pd product} {ergonomic}
    uintx NonProfiledCodeHeapSize                  = 122912730                              {pd product} {ergonomic}
    uintx ProfiledCodeHeapSize                     = 122912730                              {pd product} {ergonomic}
    uintx ReservedCodeCacheSize                    = 251658240                              {pd product} {ergonomic}
     bool SegmentedCodeCache                       = true                                      {product} {ergonomic}
   size_t SoftMaxHeapSize                          = 2147483648                             {manageable} {ergonomic}
     bool UseCompressedClassPointers               = true                           {product lp64_product} {ergonomic}
     bool UseCompressedOops                        = true                           {product lp64_product} {ergonomic}
     bool UseG1GC                                  = true                                      {product} {ergonomic}
     bool UseLargePagesIndividualAllocation        = false                                  {pd product} {ergonomic}

Logging:
Log output configuration:
 #0: stdout all=warning uptime,level,tags
 #1: stderr all=off uptime,level,tags

Environment Variables:
PATH=C:\Program Files\Common Files\Oracle\Java\javapath;C:\Program Files (x86)\Common Files\Oracle\Java\javapath;C:\Windows\system32;C:\Windows;C:\Windows\System32\Wbem;C:\Windows\System32\WindowsPowerShell\v1.0\;C:\Windows\System32\OpenSSH\;C:\Program Files\dotnet\;C:\Program Files (x86)\Intel\Intel(R) Management Engine Components\DAL;C:\Program Files\Intel\Intel(R) Management Engine Components\DAL;C:\Program Files\Git\cmd;C:\Program Files\nodejs\;C:\Program Files\swipl\bin;C:\ProgramData\ComposerSetup\bin;C:\xampp\php;C:\PHP;C:\Users\henry\AppData\Local\Programs\Python\Python311\Scripts\;C:\Users\henry\AppData\Local\Programs\Python\Python311\;C:\Program Files\MySQL\MySQL Shell 8.0\bin\;C:\Users\henry\AppData\Local\Microsoft\WindowsApps;C:\ProgramData\henry\GitHubDesktop\bin;C:\Program Files\JetBrains\PyCharm Community Edition 2022.2.3\bin;C:\Program Files\JetBrains\PyCharm 2022.3.2\bin;C:\Users\henry\AppData\Roaming\npm;C:\Users\henry\AppData\Local\spicetify;C:\Program Files\Java\jdk-19\bin;C:\Users\henry\AppData\Local\Programs\Microsoft VS Code\bin;C:\Users\henry\AppData\Roaming\Composer\vendor\bin
USERNAME=henry
OS=Windows_NT
PROCESSOR_IDENTIFIER=Intel64 Family 6 Model 142 Stepping 10, GenuineIntel
TMP=C:\Users\henry\AppData\Local\Temp
TEMP=C:\Users\henry\AppData\Local\Temp



---------------  S Y S T E M  ---------------

OS:
 Windows 11 , 64 bit Build 22621 (10.0.22621.1928)
OS uptime: 3 days 20:47 hours
Hyper-V role detected

CPU: total 4 (initial active 4) (4 cores per cpu, 2 threads per core) family 6 model 142 stepping 10 microcode 0xf0, cx8, cmov, fxsr, ht, mmx, 3dnowpref, sse, sse2, sse3, ssse3, sse4.1, sse4.2, popcnt, lzcnt, tsc, tscinvbit, avx, avx2, aes, erms, clmul, bmi1, bmi2, adx, fma, vzeroupper, clflush, clflushopt, hv

Memory: 4k page, system-wide physical 8086M (466M free)
TotalPageFile size 19461M (AvailPageFile size 42M)
current process WorkingSet (physical memory assigned to process): 492M, peak: 492M
current process commit charge ("private bytes"): 518M, peak: 710M

vm_info: OpenJDK 64-Bit Server VM (17.0.6+0-b2043.56-9586694) for windows-amd64 JRE (17.0.6+0-b2043.56-9586694), built on Feb  9 2023 20:06:20 by "androidbuild" with MS VC++ 16.10 / 16.11 (VS2019)

END.
